This is pdfTeX, Version 3.14159265-2.6-1.40.19 (TeX Live 2018) (preloaded format=pdflatex 2018.4.16)  23 JUN 2019 19:10
entering extended mode
 restricted \write18 enabled.
 %&-line parsing enabled.
**classic.tex
(./classic.tex
LaTeX2e <2018-04-01> patch level 2
Babel <3.18> and hyphenation patterns for 84 language(s) loaded.
(/usr/local/texlive/2018/texmf-dist/tex/latex/koma-script/scrreprt.cls
Document Class: scrreprt 2018/03/30 v3.25 KOMA-Script document class (report)
(/usr/local/texlive/2018/texmf-dist/tex/latex/koma-script/scrkbase.sty
Package: scrkbase 2018/03/30 v3.25 KOMA-Script package (KOMA-Script-dependent b
asics and keyval usage)
(/usr/local/texlive/2018/texmf-dist/tex/latex/koma-script/scrbase.sty
Package: scrbase 2018/03/30 v3.25 KOMA-Script package (KOMA-Script-independent 
basics and keyval usage)
(/usr/local/texlive/2018/texmf-dist/tex/latex/graphics/keyval.sty
Package: keyval 2014/10/28 v1.15 key=value parser (DPC)
\KV@toks@=\toks14
) (/usr/local/texlive/2018/texmf-dist/tex/latex/koma-script/scrlfile.sty
Package: scrlfile 2018/03/30 v3.25 KOMA-Script package (loading files)
))) (/usr/local/texlive/2018/texmf-dist/tex/latex/koma-script/tocbasic.sty
Package: tocbasic 2018/03/30 v3.25 KOMA-Script package (handling toc-files)
\scr@dte@tocline@numberwidth=\skip41
\scr@dte@tocline@numbox=\box26
)
Package tocbasic Info: omitting babel extension for `toc'
(tocbasic)             because of feature `nobabel' available
(tocbasic)             for `toc' on input line 136.
Package tocbasic Info: defining new hook before heading of `' on input line 166
7.
Class scrreprt Info: You've used standard option `openright'.
(scrreprt)           This is correct!
(scrreprt)           Internally I'm using `open=right'.
(scrreprt)           If you'd like to set the option with \KOMAoptions,
(scrreprt)           you'd have to use `open=right' there
(scrreprt)           instead of `openright', too.
Class scrreprt Info: File `scrsize11pt.clo' used to setup font sizes on input l
ine 2328.
(/usr/local/texlive/2018/texmf-dist/tex/latex/koma-script/scrsize11pt.clo
File: scrsize11pt.clo 2018/03/30 v3.25 KOMA-Script font size class option (11pt
)
) (/usr/local/texlive/2018/texmf-dist/tex/latex/koma-script/typearea.sty
Package: typearea 2018/03/30 v3.25 KOMA-Script package (type area)
\ta@bcor=\skip42
\ta@div=\count80
\ta@hblk=\skip43
\ta@vblk=\skip44
\ta@temp=\skip45
\footheight=\skip46
Package typearea Info: With paper sizes other than (almost) `A4' predefined
(typearea)             DIV values do not exist. Using DIV calculation for good
(typearea)             line width (unless using `version=3.24` or prior).
DIV calculation for typearea with good linewidth.
Package typearea Info: These are the values describing the layout:
(typearea)             DIV  = 12
(typearea)             BCOR = 14.22636pt
(typearea)             \paperwidth      = 500.76855pt
(typearea)              \textwidth      = 364.90665pt
(typearea)              DIV departure   = 0%
(typearea)              \evensidemargin = 8.82037pt
(typearea)              \oddsidemargin  = -17.49844pt
(typearea)             \paperheight     = 711.31897pt
(typearea)              \textheight     = 459.8002pt
(typearea)              \topmargin      = -12.99341pt
(typearea)              \headheight     = 17.0pt
(typearea)              \headsep        = 20.40001pt
(typearea)              \topskip        = 11.0pt
(typearea)              \footskip       = 47.6pt
(typearea)              \baselineskip   = 13.6pt
(typearea)              on input line 1706.
)
\c@part=\count81
\c@chapter=\count82
\c@section=\count83
\c@subsection=\count84
\c@subsubsection=\count85
\c@paragraph=\count86
\c@subparagraph=\count87
\scr@dte@part@maxnumwidth=\skip47
\scr@dte@chapter@maxnumwidth=\skip48
\scr@dte@section@maxnumwidth=\skip49
\scr@dte@subsection@maxnumwidth=\skip50
\scr@dte@subsubsection@maxnumwidth=\skip51
\scr@dte@paragraph@maxnumwidth=\skip52
\scr@dte@subparagraph@maxnumwidth=\skip53
\abovecaptionskip=\skip54
\belowcaptionskip=\skip55
\c@pti@nb@sid@b@x=\box27
\scr@dte@figure@maxnumwidth=\skip56
Package tocbasic Info: omitting babel extension for `lof'
(tocbasic)             because of feature `nobabel' available
(tocbasic)             for `lof' on input line 6247.
\c@figure=\count88
\scr@dte@table@maxnumwidth=\skip57
Package tocbasic Info: omitting babel extension for `lot'
(tocbasic)             because of feature `nobabel' available
(tocbasic)             for `lot' on input line 6264.
\c@table=\count89
Class scrreprt Info: Redefining `\numberline' on input line 6433.
\bibindent=\dimen102
)
\c@dummy=\count90
(/usr/local/texlive/2018/texmf-dist/tex/latex/lipsum/lipsum.sty
Package: lipsum 2014/07/27 v1.3 150 paragraphs of Lorem Ipsum dummy text
\c@lips@count=\count91
) (/usr/local/texlive/2018/texmf-dist/tex/latex/base/inputenc.sty
Package: inputenc 2018/04/06 v1.3b Input encoding file
\inpenc@prehook=\toks15
\inpenc@posthook=\toks16
) (/usr/local/texlive/2018/texmf-dist/tex/generic/babel/babel.sty
Package: babel 2018/02/14 3.18 The Babel package
(/usr/local/texlive/2018/texmf-dist/tex/generic/babel/switch.def
File: switch.def 2018/02/14 3.18 Babel switching mechanism
) (/usr/local/texlive/2018/texmf-dist/tex/generic/babel-german/ngerman.ldf
Language: ngerman 2018/03/29 v2.10 German support for babel (post-1996 orthogra
phy)
(/usr/local/texlive/2018/texmf-dist/tex/generic/babel-german/ngermanb.ldf
Language: ngermanb 2018/03/29 v2.10 German support for babel (post-1996 orthogr
aphy)
(/usr/local/texlive/2018/texmf-dist/tex/generic/babel/babel.def
File: babel.def 2018/02/14 3.18 Babel common definitions
\babel@savecnt=\count92
\U@D=\dimen103
(/usr/local/texlive/2018/texmf-dist/tex/generic/babel/txtbabel.def)
\bbl@dirlevel=\count93
)
Package babel Info: Making " an active character on input line 121.
)) (/usr/local/texlive/2018/texmf-dist/tex/generic/babel-english/american.ldf
Language: american 2017/06/06 v3.3r English support from the babel system
(/usr/local/texlive/2018/texmf-dist/tex/generic/babel-english/english.ldf
Language: english 2017/06/06 v3.3r English support from the babel system
\l@canadian = a dialect from \language\l@american 
\l@australian = a dialect from \language\l@british 
\l@newzealand = a dialect from \language\l@british 
)) (/usr/local/texlive/2018/texmf-dist/tex/generic/babel-spanish/spanish.ldf
Language: spanish.ldf 2016/03/03 v5.0p Spanish support from the babel system
\es@quottoks=\toks17
\es@quotdepth=\count94
Package babel Info: Making . an active character on input line 662.
Package babel Info: Making < an active character on input line 707.
Package babel Info: Making > an active character on input line 707.
)) (/usr/local/texlive/2018/texmf-dist/tex/latex/natbib/natbib.sty
Package: natbib 2010/09/13 8.31b (PWD, AO)
\bibhang=\skip58
\bibsep=\skip59
LaTeX Info: Redefining \cite on input line 694.
\c@NAT@ctr=\count95
) (/usr/local/texlive/2018/texmf-dist/tex/latex/amsmath/amsmath.sty
Package: amsmath 2017/09/02 v2.17a AMS math features
\@mathmargin=\skip60
For additional information on amsmath, use the `?' option.
(/usr/local/texlive/2018/texmf-dist/tex/latex/amsmath/amstext.sty
Package: amstext 2000/06/29 v2.01 AMS text
(/usr/local/texlive/2018/texmf-dist/tex/latex/amsmath/amsgen.sty
File: amsgen.sty 1999/11/30 v2.0 generic functions
\@emptytoks=\toks18
\ex@=\dimen104
)) (/usr/local/texlive/2018/texmf-dist/tex/latex/amsmath/amsbsy.sty
Package: amsbsy 1999/11/29 v1.2d Bold Symbols
\pmbraise@=\dimen105
) (/usr/local/texlive/2018/texmf-dist/tex/latex/amsmath/amsopn.sty
Package: amsopn 2016/03/08 v2.02 operator names
)
\inf@bad=\count96
LaTeX Info: Redefining \frac on input line 213.
\uproot@=\count97
\leftroot@=\count98
LaTeX Info: Redefining \overline on input line 375.
\classnum@=\count99
\DOTSCASE@=\count100
LaTeX Info: Redefining \ldots on input line 472.
LaTeX Info: Redefining \dots on input line 475.
LaTeX Info: Redefining \cdots on input line 596.
\Mathstrutbox@=\box28
\strutbox@=\box29
\big@size=\dimen106
LaTeX Font Info:    Redeclaring font encoding OML on input line 712.
LaTeX Font Info:    Redeclaring font encoding OMS on input line 713.
\macc@depth=\count101
\c@MaxMatrixCols=\count102
\dotsspace@=\muskip10
\c@parentequation=\count103
\dspbrk@lvl=\count104
\tag@help=\toks19
\row@=\count105
\column@=\count106
\maxfields@=\count107
\andhelp@=\toks20
\eqnshift@=\dimen107
\alignsep@=\dimen108
\tagshift@=\dimen109
\tagwidth@=\dimen110
\totwidth@=\dimen111
\lineht@=\dimen112
\@envbody=\toks21
\multlinegap=\skip61
\multlinetaggap=\skip62
\mathdisplay@stack=\toks22
LaTeX Info: Redefining \[ on input line 2817.
LaTeX Info: Redefining \] on input line 2818.
) (/usr/local/texlive/2018/texmf-dist/tex/latex/base/fontenc.sty
Package: fontenc 2017/04/05 v2.0i Standard LaTeX package
(/usr/local/texlive/2018/texmf-dist/tex/latex/base/t1enc.def
File: t1enc.def 2017/04/05 v2.0i Standard LaTeX file
LaTeX Font Info:    Redeclaring font encoding T1 on input line 48.
)) (/usr/local/texlive/2018/texmf-dist/tex/latex/tools/xspace.sty
Package: xspace 2014/10/28 v1.13 Space after command names (DPC,MH)
) (/usr/local/texlive/2018/texmf-dist/tex/latex/mparhack/mparhack.sty
Package: mparhack 2005/04/17 v1.4 (T. Sgouros and S. Ulrich)
) (/usr/local/texlive/2018/texmf-dist/tex/latex/base/fixltx2e.sty
Package: fixltx2e 2016/12/29 v2.1a fixes to LaTeX (obsolete)
Applying: [2015/01/01] Old fixltx2e package on input line 46.

Package fixltx2e Warning: fixltx2e is not required with releases after 2015
(fixltx2e)                All fixes are now in the LaTeX kernel.
(fixltx2e)                See the latexrelease package for details.

Already applied: [0000/00/00] Old fixltx2e package on input line 53.
) (/usr/local/texlive/2018/texmf-dist/tex/latex/acronym/acronym.sty
Package: acronym 2015/03/21 v1.41 Support for acronyms (Tobias Oetiker)
(/usr/local/texlive/2018/texmf-dist/tex/latex/bigfoot/suffix.sty
Package: suffix 2006/07/15 1.5a Variant command support
) (/usr/local/texlive/2018/texmf-dist/tex/generic/xstring/xstring.sty (/usr/loc
al/texlive/2018/texmf-dist/tex/generic/xstring/xstring.tex
\@xs@message=\write3
\integerpart=\count108
\decimalpart=\count109
)
Package: xstring 2013/10/13  v1.7c  String manipulations (C Tellechea)
) (/usr/local/texlive/2018/texmf-dist/tex/latex/relsize/relsize.sty
Package: relsize 2013/03/29 ver 4.1
)
\AC@clearlist=\toks23
) (/usr/local/texlive/2018/texmf-dist/tex/latex/graphics/graphicx.sty
Package: graphicx 2017/06/01 v1.1a Enhanced LaTeX Graphics (DPC,SPQR)
(/usr/local/texlive/2018/texmf-dist/tex/latex/graphics/graphics.sty
Package: graphics 2017/06/25 v1.2c Standard LaTeX Graphics (DPC,SPQR)
(/usr/local/texlive/2018/texmf-dist/tex/latex/graphics/trig.sty
Package: trig 2016/01/03 v1.10 sin cos tan (DPC)
) (/usr/local/texlive/2018/texmf-dist/tex/latex/graphics-cfg/graphics.cfg
File: graphics.cfg 2016/06/04 v1.11 sample graphics configuration
)
Package graphics Info: Driver file: pdftex.def on input line 99.
(/usr/local/texlive/2018/texmf-dist/tex/latex/graphics-def/pdftex.def
File: pdftex.def 2018/01/08 v1.0l Graphics/color driver for pdftex
))
\Gin@req@height=\dimen113
\Gin@req@width=\dimen114
) (/usr/local/texlive/2018/texmf-dist/tex/latex/tools/tabularx.sty
Package: tabularx 2016/02/03 v2.11b `tabularx' package (DPC)
(/usr/local/texlive/2018/texmf-dist/tex/latex/tools/array.sty
Package: array 2018/04/07 v2.4g Tabular extension package (FMi)
\col@sep=\dimen115
\ar@mcellbox=\box30
\extrarowheight=\dimen116
\NC@list=\toks24
\extratabsurround=\skip63
\backup@length=\skip64
\ar@cellbox=\box31
)
\TX@col@width=\dimen117
\TX@old@table=\dimen118
\TX@old@col=\dimen119
\TX@target=\dimen120
\TX@delta=\dimen121
\TX@cols=\count110
\TX@ftn=\toks25
) (/usr/local/texlive/2018/texmf-dist/tex/latex/caption/caption.sty
Package: caption 2016/02/21 v3.3-144 Customizing captions (AR)
(/usr/local/texlive/2018/texmf-dist/tex/latex/caption/caption3.sty
Package: caption3 2016/05/22 v1.7-166 caption3 kernel (AR)
Package caption3 Info: TeX engine: e-TeX on input line 67.
\captionmargin=\dimen122
\captionmargin@=\dimen123
\captionwidth=\dimen124
\caption@tempdima=\dimen125
\caption@indent=\dimen126
\caption@parindent=\dimen127
\caption@hangindent=\dimen128
)
Package caption Info: KOMA-Script document class.
\c@ContinuedFloat=\count111
) (/usr/local/texlive/2018/texmf-dist/tex/latex/subfig/subfig.sty
Package: subfig 2005/06/28 ver: 1.3 subfig package
\c@KVtest=\count112
\sf@farskip=\skip65
\sf@captopadj=\dimen129
\sf@capskip=\skip66
\sf@nearskip=\skip67
\c@subfigure=\count113
\c@subfigure@save=\count114
\c@lofdepth=\count115
\c@subtable=\count116
\c@subtable@save=\count117
\c@lotdepth=\count118
\sf@top=\skip68
\sf@bottom=\skip69
) (/usr/local/texlive/2018/texmf-dist/tex/latex/tools/longtable.sty
Package: longtable 2014/10/28 v4.11 Multi-page Table package (DPC)
\LTleft=\skip70
\LTright=\skip71
\LTpre=\skip72
\LTpost=\skip73
\LTchunksize=\count119
\LTcapwidth=\dimen130
\LT@head=\box32
\LT@firsthead=\box33
\LT@foot=\box34
\LT@lastfoot=\box35
\LT@cols=\count120
\LT@rows=\count121
\c@LT@tables=\count122
\c@LT@chunks=\count123
\LT@p@ftn=\toks26
)
Class scrreprt Info: longtable captions redefined on input line 154.
(/usr/local/texlive/2018/texmf-dist/tex/latex/booktabs/booktabs.sty
Package: booktabs 2016/04/27 v1.618033 publication quality tables
\heavyrulewidth=\dimen131
\lightrulewidth=\dimen132
\cmidrulewidth=\dimen133
\belowrulesep=\dimen134
\belowbottomsep=\dimen135
\aboverulesep=\dimen136
\abovetopsep=\dimen137
\cmidrulesep=\dimen138
\cmidrulekern=\dimen139
\defaultaddspace=\dimen140
\@cmidla=\count124
\@cmidlb=\count125
\@aboverulesep=\dimen141
\@belowrulesep=\dimen142
\@thisruleclass=\count126
\@lastruleclass=\count127
\@thisrulewidth=\dimen143
) (/usr/local/texlive/2018/texmf-dist/tex/latex/listings/listings.sty
\lst@mode=\count128
\lst@gtempboxa=\box36
\lst@token=\toks27
\lst@length=\count129
\lst@currlwidth=\dimen144
\lst@column=\count130
\lst@pos=\count131
\lst@lostspace=\dimen145
\lst@width=\dimen146
\lst@newlines=\count132
\lst@lineno=\count133
\lst@maxwidth=\dimen147
(/usr/local/texlive/2018/texmf-dist/tex/latex/listings/lstmisc.sty
File: lstmisc.sty 2015/06/04 1.6 (Carsten Heinz)
\c@lstnumber=\count134
\lst@skipnumbers=\count135
\lst@framebox=\box37
) (/usr/local/texlive/2018/texmf-dist/tex/latex/listings/listings.cfg
File: listings.cfg 2015/06/04 1.6 listings configuration
))
Package: listings 2015/06/04 1.6 (Carsten Heinz)
(/usr/local/texlive/2018/texmf-dist/tex/latex/listings/lstlang1.sty
File: lstlang1.sty 2015/06/04 1.6 listings language file
) (/usr/local/texlive/2018/texmf-dist/tex/latex/listings/lstlang2.sty
File: lstlang2.sty 2015/06/04 1.6 listings language file
) (/usr/local/texlive/2018/texmf-dist/tex/latex/listings/lstlang3.sty
File: lstlang3.sty 2015/06/04 1.6 listings language file
) (/usr/local/texlive/2018/texmf-dist/tex/latex/listings/lstlang1.sty
File: lstlang1.sty 2015/06/04 1.6 listings language file
) (/usr/local/texlive/2018/texmf-dist/tex/latex/listings/lstlang2.sty
File: lstlang2.sty 2015/06/04 1.6 listings language file
) (/usr/local/texlive/2018/texmf-dist/tex/latex/listings/lstlang3.sty
File: lstlang3.sty 2015/06/04 1.6 listings language file
) (/usr/local/texlive/2018/texmf-dist/tex/latex/listings/lstlang1.sty
File: lstlang1.sty 2015/06/04 1.6 listings language file
) (/usr/local/texlive/2018/texmf-dist/tex/latex/listings/lstlang2.sty
File: lstlang2.sty 2015/06/04 1.6 listings language file
) (/usr/local/texlive/2018/texmf-dist/tex/latex/listings/lstlang3.sty
File: lstlang3.sty 2015/06/04 1.6 listings language file
) (/usr/local/texlive/2018/texmf-dist/tex/latex/listings/lstmisc.sty
File: lstmisc.sty 2015/06/04 1.6 (Carsten Heinz)
) (/usr/local/texlive/2018/texmf-dist/tex/latex/hyperref/hyperref.sty
Package: hyperref 2018/02/06 v6.86b Hypertext links for LaTeX
(/usr/local/texlive/2018/texmf-dist/tex/generic/oberdiek/hobsub-hyperref.sty
Package: hobsub-hyperref 2016/05/16 v1.14 Bundle oberdiek, subset hyperref (HO)

(/usr/local/texlive/2018/texmf-dist/tex/generic/oberdiek/hobsub-generic.sty
Package: hobsub-generic 2016/05/16 v1.14 Bundle oberdiek, subset generic (HO)
Package: hobsub 2016/05/16 v1.14 Construct package bundles (HO)
Package: infwarerr 2016/05/16 v1.4 Providing info/warning/error messages (HO)
Package: ltxcmds 2016/05/16 v1.23 LaTeX kernel commands for general use (HO)
Package: ifluatex 2016/05/16 v1.4 Provides the ifluatex switch (HO)
Package ifluatex Info: LuaTeX not detected.
Package: ifvtex 2016/05/16 v1.6 Detect VTeX and its facilities (HO)
Package ifvtex Info: VTeX not detected.
Package: intcalc 2016/05/16 v1.2 Expandable calculations with integers (HO)
Package: ifpdf 2017/03/15 v3.2 Provides the ifpdf switch
Package: etexcmds 2016/05/16 v1.6 Avoid name clashes with e-TeX commands (HO)
Package etexcmds Info: Could not find \expanded.
(etexcmds)             That can mean that you are not using pdfTeX 1.50 or
(etexcmds)             that some package has redefined \expanded.
(etexcmds)             In the latter case, load this package earlier.
Package: kvsetkeys 2016/05/16 v1.17 Key value parser (HO)
Package: kvdefinekeys 2016/05/16 v1.4 Define keys (HO)
Package: pdftexcmds 2018/01/30 v0.27 Utility functions of pdfTeX for LuaTeX (HO
)
Package pdftexcmds Info: LuaTeX not detected.
Package pdftexcmds Info: \pdf@primitive is available.
Package pdftexcmds Info: \pdf@ifprimitive is available.
Package pdftexcmds Info: \pdfdraftmode found.
Package: pdfescape 2016/05/16 v1.14 Implements pdfTeX's escape features (HO)
Package: bigintcalc 2016/05/16 v1.4 Expandable calculations on big integers (HO
)
Package: bitset 2016/05/16 v1.2 Handle bit-vector datatype (HO)
Package: uniquecounter 2016/05/16 v1.3 Provide unlimited unique counter (HO)
)
Package hobsub Info: Skipping package `hobsub' (already loaded).
Package: letltxmacro 2016/05/16 v1.5 Let assignment for LaTeX macros (HO)
Package: hopatch 2016/05/16 v1.3 Wrapper for package hooks (HO)
Package: xcolor-patch 2016/05/16 xcolor patch
Package: atveryend 2016/05/16 v1.9 Hooks at the very end of document (HO)
Package atveryend Info: \enddocument detected (standard20110627).
Package: atbegshi 2016/06/09 v1.18 At begin shipout hook (HO)
Package: refcount 2016/05/16 v3.5 Data extraction from label references (HO)
Package: hycolor 2016/05/16 v1.8 Color options for hyperref/bookmark (HO)
) (/usr/local/texlive/2018/texmf-dist/tex/generic/ifxetex/ifxetex.sty
Package: ifxetex 2010/09/12 v0.6 Provides ifxetex conditional
) (/usr/local/texlive/2018/texmf-dist/tex/latex/oberdiek/auxhook.sty
Package: auxhook 2016/05/16 v1.4 Hooks for auxiliary files (HO)
) (/usr/local/texlive/2018/texmf-dist/tex/latex/oberdiek/kvoptions.sty
Package: kvoptions 2016/05/16 v3.12 Key value format for package options (HO)
)
\@linkdim=\dimen148
\Hy@linkcounter=\count136
\Hy@pagecounter=\count137
(/usr/local/texlive/2018/texmf-dist/tex/latex/hyperref/pd1enc.def
File: pd1enc.def 2018/02/06 v6.86b Hyperref: PDFDocEncoding definition (HO)
Now handling font encoding PD1 ...
... no UTF-8 mapping file for font encoding PD1
)
\Hy@SavedSpaceFactor=\count138
(/usr/local/texlive/2018/texmf-dist/tex/latex/latexconfig/hyperref.cfg
File: hyperref.cfg 2002/06/06 v1.2 hyperref configuration of TeXLive
)
Package hyperref Info: Option `hyperfootnotes' set `false' on input line 4383.
Package hyperref Info: Option `pdfpagelabels' set `true' on input line 4383.
Package hyperref Info: Hyper figures OFF on input line 4509.
Package hyperref Info: Link nesting OFF on input line 4514.
Package hyperref Info: Hyper index ON on input line 4517.
Package hyperref Info: Plain pages OFF on input line 4524.
Package hyperref Info: Backreferencing OFF on input line 4529.
Package hyperref Info: Implicit mode ON; LaTeX internals redefined.
Package hyperref Info: Bookmarks ON on input line 4762.
\c@Hy@tempcnt=\count139
(/usr/local/texlive/2018/texmf-dist/tex/latex/url/url.sty
\Urlmuskip=\muskip11
Package: url 2013/09/16  ver 3.4  Verb mode for urls, etc.
)
LaTeX Info: Redefining \url on input line 5115.
\XeTeXLinkMargin=\dimen149
\Fld@menulength=\count140
\Field@Width=\dimen150
\Fld@charsize=\dimen151
Package hyperref Info: Hyper figures OFF on input line 6369.
Package hyperref Info: Link nesting OFF on input line 6374.
Package hyperref Info: Hyper index ON on input line 6377.
Package hyperref Info: backreferencing OFF on input line 6384.
Package hyperref Info: Link coloring OFF on input line 6389.
Package hyperref Info: Link coloring with OCG OFF on input line 6394.
Package hyperref Info: PDF/A mode OFF on input line 6399.
LaTeX Info: Redefining \ref on input line 6439.
LaTeX Info: Redefining \pageref on input line 6443.
\Hy@abspage=\count141
\c@Item=\count142
)
Package hyperref Info: Driver: hpdftex.
(/usr/local/texlive/2018/texmf-dist/tex/latex/hyperref/hpdftex.def
File: hpdftex.def 2018/02/06 v6.86b Hyperref driver for pdfTeX
\Fld@listcount=\count143
\c@bookmark@seq@number=\count144
(/usr/local/texlive/2018/texmf-dist/tex/latex/oberdiek/rerunfilecheck.sty
Package: rerunfilecheck 2016/05/16 v1.8 Rerun checks for auxiliary files (HO)
Package uniquecounter Info: New unique counter `rerunfilecheck' on input line 2
82.
)
\Hy@SectionHShift=\skip74
)
Package hyperref Info: Option `colorlinks' set `true' on input line 206.
Package hyperref Info: Option `linktocpage' set `true' on input line 206.
Package hyperref Info: Option `breaklinks' set `true' on input line 206.
Package hyperref Info: Option `pageanchor' set `true' on input line 206.
Package hyperref Info: Option `plainpages' set `false' on input line 206.
Package hyperref Info: Option `bookmarksnumbered' set `true' on input line 206.

Package hyperref Info: Option `bookmarksopen' set `true' on input line 206.
Package hyperref Info: Option `hypertexnames' set `true' on input line 206.
(/usr/local/texlive/2018/texmf-dist/tex/latex/base/ifthen.sty
Package: ifthen 2014/09/29 v1.1c Standard LaTeX ifthen package (DPC)
) (./style/classicthesis.sty

LaTeX Warning: You have requested package `style/classicthesis',
               but the package provides `classicthesis'.

Package: classicthesis 2011/12/17 v4.0 Typographic style for a classic-looking 
thesis
(/usr/local/texlive/2018/texmf-dist/tex/latex/xcolor/xcolor.sty
Package: xcolor 2016/05/11 v2.12 LaTeX color extensions (UK)
(/usr/local/texlive/2018/texmf-dist/tex/latex/graphics-cfg/color.cfg
File: color.cfg 2016/01/02 v1.6 sample color configuration
)
Package xcolor Info: Driver file: pdftex.def on input line 225.
Package xcolor Info: Model `cmy' substituted by `cmy0' on input line 1348.
Package xcolor Info: Model `hsb' substituted by `rgb' on input line 1352.
Package xcolor Info: Model `RGB' extended on input line 1364.
Package xcolor Info: Model `HTML' substituted by `rgb' on input line 1366.
Package xcolor Info: Model `Hsb' substituted by `hsb' on input line 1367.
Package xcolor Info: Model `tHsb' substituted by `hsb' on input line 1368.
Package xcolor Info: Model `HSB' substituted by `hsb' on input line 1369.
Package xcolor Info: Model `Gray' substituted by `gray' on input line 1370.
Package xcolor Info: Model `wave' substituted by `hsb' on input line 1371.
(/usr/local/texlive/2018/texmf-dist/tex/latex/graphics/dvipsnam.def
File: dvipsnam.def 2016/06/17 v3.0m Driver-dependent file (DPC,SPQR)
)) (/usr/local/texlive/2018/texmf-dist/tex/latex/psnfss/mathpazo.sty
Package: mathpazo 2005/04/12 PSNFSS-v9.2a Palatino w/ Pazo Math (D.Puga, WaS) 
\symupright=\mathgroup4
) (/usr/local/texlive/2018/texmf-dist/tex/latex/bera/beramono.sty
Package: beramono 2004/01/31 (WaS)
) (/usr/local/texlive/2018/texmf-dist/tex/latex/eulervm/eulervm.sty
Package: eulervm 2005/01/11 v4.0 (WaS)
) (/usr/local/texlive/2018/texmf-dist/tex/latex/microtype/microtype.sty
Package: microtype 2018/01/14 v2.7a Micro-typographical refinements (RS)
\MT@toks=\toks28
\MT@count=\count145
LaTeX Info: Redefining \textls on input line 793.
\MT@outer@kern=\dimen152
LaTeX Info: Redefining \textmicrotypecontext on input line 1339.
\MT@listname@count=\count146
(/usr/local/texlive/2018/texmf-dist/tex/latex/microtype/microtype-pdftex.def
File: microtype-pdftex.def 2018/01/14 v2.7a Definitions specific to pdftex (RS)

LaTeX Info: Redefining \lsstyle on input line 913.
LaTeX Info: Redefining \lslig on input line 913.
\MT@outer@space=\skip75
)
Package microtype Info: Loading configuration file microtype.cfg.
(/usr/local/texlive/2018/texmf-dist/tex/latex/microtype/microtype.cfg
File: microtype.cfg 2018/01/14 v2.7a microtype main configuration file (RS)
))
Package classicthesis Info: A4 paper, Palatino or other on input line 252.
Package typearea Info: These are the values describing the layout:
(typearea)             DIV  = areaset
(typearea)             BCOR = 14.22636pt
(typearea)             \paperwidth      = 500.76855pt
(typearea)              \textwidth      = 336.0pt
(typearea)              \evensidemargin = 28.09146pt
(typearea)              \oddsidemargin  = -7.8629pt
(typearea)             \paperheight     = 711.31897pt
(typearea)              \textheight     = 666.04997pt
(typearea)              \topmargin      = -85.16367pt
(typearea)              \headheight     = 15.95pt
(typearea)              \headsep        = 20.40001pt
(typearea)              \topskip        = 11.0pt
(typearea)              \footskip       = 47.60002pt
(typearea)              \baselineskip   = 13.6pt
(typearea)              on input line 252.

Package typearea Warning: page content and margins higher than paper.
(typearea)                This may result in page footer out of paper.
(typearea)                You should decrease DIV, decrease foot height,
(typearea)                or decreate height of text area.

(/usr/local/texlive/2018/texmf-dist/tex/latex/textcase/textcase.sty
Package: textcase 2004/10/07 v0.07 Text only upper/lower case changing (DPC)
)
Package classicthesis Info: Using pdftex/microtype for character spacing.Make s
ure your pdftex is version 1.40 or higher. on input line 324.
(/usr/local/texlive/2018/texmf-dist/tex/latex/koma-script/scrpage2.sty
Package: scrpage2 2018/03/30 v3.25 KOMA-Script package (page head and foot)

Package scrpage2 Warning: usage of obsolete package!
(scrpage2)                Package `scrpage2' is obsolete.
(scrpage2)                You should not longer use package `scrpage2'.
(scrpage2)                You should replace usage of package `scrpage2'
(scrpage2)                by `scrlayer-scrpage' on input line 52.

LaTeX Info: Redefining \pagemark on input line 180.
)

Class scrreprt Warning: Usage of package `titlesec' together
(scrreprt)              with a KOMA-Script class is not recommended.
(scrreprt)              I'd suggest to use the package only
(scrreprt)              if you really need it, because it breaks several
(scrreprt)              KOMA-Script features, i.e., option `headings' and
(scrreprt)              the extended optional argument of the section
(scrreprt)              commands.
(scrreprt)              Nevertheless, using requested
(scrreprt)              package `titlesec' on input line 355.

(/usr/local/texlive/2018/texmf-dist/tex/latex/titlesec/titlesec.sty
Package: titlesec 2016/03/21 v2.10.2 Sectioning titles
\ttl@box=\box38
\beforetitleunit=\skip76
\aftertitleunit=\skip77
\ttl@plus=\dimen153
\ttl@minus=\dimen154
\ttl@toksa=\toks29
\titlewidth=\dimen155
\titlewidthlast=\dimen156
\titlewidthfirst=\dimen157

Package titlesec Warning: Non standard sectioning command detected
(titlesec)                Using default spacing and no format.


Package titlesec Warning: Non standard sectioning command detected
(titlesec)                Using default spacing and no format.


Package titlesec Warning: Non standard sectioning command detected
(titlesec)                Using default spacing and no format.


Package titlesec Warning: Non standard sectioning command detected
(titlesec)                Using default spacing and no format.


Package titlesec Warning: Non standard sectioning command detected
(titlesec)                Using default spacing and no format.

)

Class scrreprt Warning: Activating an ugly workaround for a missing
(scrreprt)              feature of package `titlesec` on input line 355.

(/usr/local/texlive/2018/texmf-dist/tex/latex/tocloft/tocloft.sty
Package: tocloft 2017/08/31 v2.3i parameterised ToC, etc., typesetting
Package tocloft Info: The document has chapter divisions on input line 51.
\cftparskip=\skip78
\cftbeforetoctitleskip=\skip79
\cftaftertoctitleskip=\skip80
\cftbeforepartskip=\skip81
\cftpartnumwidth=\skip82
\cftpartindent=\skip83
\cftbeforechapskip=\skip84
\cftchapindent=\skip85
\cftchapnumwidth=\skip86
\cftbeforesecskip=\skip87
\cftsecindent=\skip88
\cftsecnumwidth=\skip89
\cftbeforesubsecskip=\skip90
\cftsubsecindent=\skip91
\cftsubsecnumwidth=\skip92
\cftbeforesubsubsecskip=\skip93
\cftsubsubsecindent=\skip94
\cftsubsubsecnumwidth=\skip95
\cftbeforeparaskip=\skip96
\cftparaindent=\skip97
\cftparanumwidth=\skip98
\cftbeforesubparaskip=\skip99
\cftsubparaindent=\skip100
\cftsubparanumwidth=\skip101
\cftbeforeloftitleskip=\skip102
\cftafterloftitleskip=\skip103
\cftbeforefigskip=\skip104
\cftfigindent=\skip105
\cftfignumwidth=\skip106
\cftbeforelottitleskip=\skip107
\cftafterlottitleskip=\skip108
\cftbeforetabskip=\skip109
\cfttabindent=\skip110
\cfttabnumwidth=\skip111
\cftbeforesubfigskip=\skip112
\cftsubfigindent=\skip113
\cftsubfignumwidth=\skip114
\cftbeforesubtabskip=\skip115
\cftsubtabindent=\skip116
\cftsubtabnumwidth=\skip117
)
\newnumberwidth=\skip118
\beforebibskip=\skip119
\newchnumberwidth=\skip120
\figurelabelwidth=\skip121
\tablelabelwidth=\skip122
\c@listings=\count147
\cftbeforelistingsskip=\skip123
\cftlistingsindent=\skip124
\cftlistingsnumwidth=\skip125
\c@loldepth=\count148
\cftbeforeloltitleskip=\skip126
\cftafterloltitleskip=\skip127
\listingslabelwidth=\skip128
Using KOMA-command "deffootnote" for footnote setup (/usr/local/texlive/2018/te
xmf-dist/tex/latex/koma-script/scrtime.sty
Package: scrtime 2018/03/30 v3.25 KOMA-Script package (time of LaTeX run)
) (/usr/local/texlive/2018/texmf-dist/tex/latex/ms/prelim2e.sty
Package: prelim2e 2009/05/29 v1.3 prelim2e Package (MS)
(/usr/local/texlive/2018/texmf-dist/tex/latex/ms/everyshi.sty
Package: everyshi 2001/05/15 v3.00 EveryShipout Package (MS)
)) (/usr/local/texlive/2018/texmf-dist/tex/latex/carlisle/remreset.sty)) (/usr/
local/texlive/2018/texmf-dist/tex/latex/fancyvrb/fancyvrb.sty
Package: fancyvrb 2008/02/07

Style option: `fancyvrb' v2.7a, with DG/SPQR fixes, and firstline=lastline fix 
<2008/02/07> (tvz)
\FV@CodeLineNo=\count149
\FV@InFile=\read1
\FV@TabBox=\box39
\c@FancyVerbLine=\count150
\FV@StepNumber=\count151
\FV@OutFile=\write4
) (/usr/local/texlive/2018/texmf-dist/tex/latex/framed/framed.sty
Package: framed 2011/10/22 v 0.96: framed or shaded text with page breaks
\OuterFrameSep=\skip129
\fb@frw=\dimen158
\fb@frh=\dimen159
\FrameRule=\dimen160
\FrameSep=\dimen161
) (/usr/local/texlive/2018/texmf-dist/tex/latex/base/textcomp.sty
Package: textcomp 2017/04/05 v2.0i Standard LaTeX package
Package textcomp Info: Sub-encoding information:
(textcomp)               5 = only ISO-Adobe without \textcurrency
(textcomp)               4 = 5 + \texteuro
(textcomp)               3 = 4 + \textohm
(textcomp)               2 = 3 + \textestimated + \textcurrency
(textcomp)               1 = TS1 - \textcircled - \t
(textcomp)               0 = TS1 (full)
(textcomp)             Font families with sub-encoding setting implement
(textcomp)             only a restricted character set as indicated.
(textcomp)             Family '?' is the default used for unknown fonts.
(textcomp)             See the documentation for details.
Package textcomp Info: Setting ? sub-encoding to TS1/1 on input line 79.
(/usr/local/texlive/2018/texmf-dist/tex/latex/base/ts1enc.def
File: ts1enc.def 2001/06/05 v3.0e (jk/car/fm) Standard LaTeX file
Now handling font encoding TS1 ...
... processing UTF-8 mapping file for font encoding TS1
(/usr/local/texlive/2018/texmf-dist/tex/latex/base/ts1enc.dfu
File: ts1enc.dfu 2018/04/05 v1.2c UTF-8 support for inputenc
   defining Unicode char U+00A2 (decimal 162)
   defining Unicode char U+00A3 (decimal 163)
   defining Unicode char U+00A4 (decimal 164)
   defining Unicode char U+00A5 (decimal 165)
   defining Unicode char U+00A6 (decimal 166)
   defining Unicode char U+00A7 (decimal 167)
   defining Unicode char U+00A8 (decimal 168)
   defining Unicode char U+00A9 (decimal 169)
   defining Unicode char U+00AA (decimal 170)
   defining Unicode char U+00AC (decimal 172)
   defining Unicode char U+00AE (decimal 174)
   defining Unicode char U+00AF (decimal 175)
   defining Unicode char U+00B0 (decimal 176)
   defining Unicode char U+00B1 (decimal 177)
   defining Unicode char U+00B2 (decimal 178)
   defining Unicode char U+00B3 (decimal 179)
   defining Unicode char U+00B4 (decimal 180)
   defining Unicode char U+00B5 (decimal 181)
   defining Unicode char U+00B6 (decimal 182)
   defining Unicode char U+00B7 (decimal 183)
   defining Unicode char U+00B9 (decimal 185)
   defining Unicode char U+00BA (decimal 186)
   defining Unicode char U+00BC (decimal 188)
   defining Unicode char U+00BD (decimal 189)
   defining Unicode char U+00BE (decimal 190)
   defining Unicode char U+00D7 (decimal 215)
   defining Unicode char U+00F7 (decimal 247)
   defining Unicode char U+0192 (decimal 402)
   defining Unicode char U+02C7 (decimal 711)
   defining Unicode char U+02D8 (decimal 728)
   defining Unicode char U+02DD (decimal 733)
   defining Unicode char U+0E3F (decimal 3647)
   defining Unicode char U+2016 (decimal 8214)
   defining Unicode char U+2020 (decimal 8224)
   defining Unicode char U+2021 (decimal 8225)
   defining Unicode char U+2022 (decimal 8226)
   defining Unicode char U+2030 (decimal 8240)
   defining Unicode char U+2031 (decimal 8241)
   defining Unicode char U+203B (decimal 8251)
   defining Unicode char U+203D (decimal 8253)
   defining Unicode char U+2044 (decimal 8260)
   defining Unicode char U+204E (decimal 8270)
   defining Unicode char U+2052 (decimal 8274)
   defining Unicode char U+20A1 (decimal 8353)
   defining Unicode char U+20A4 (decimal 8356)
   defining Unicode char U+20A6 (decimal 8358)
   defining Unicode char U+20A9 (decimal 8361)
   defining Unicode char U+20AB (decimal 8363)
   defining Unicode char U+20AC (decimal 8364)
   defining Unicode char U+20B1 (decimal 8369)
   defining Unicode char U+2103 (decimal 8451)
   defining Unicode char U+2116 (decimal 8470)
   defining Unicode char U+2117 (decimal 8471)
   defining Unicode char U+211E (decimal 8478)
   defining Unicode char U+2120 (decimal 8480)
   defining Unicode char U+2122 (decimal 8482)
   defining Unicode char U+2126 (decimal 8486)
   defining Unicode char U+2127 (decimal 8487)
   defining Unicode char U+212E (decimal 8494)
   defining Unicode char U+2190 (decimal 8592)
   defining Unicode char U+2191 (decimal 8593)
   defining Unicode char U+2192 (decimal 8594)
   defining Unicode char U+2193 (decimal 8595)
   defining Unicode char U+2329 (decimal 9001)
   defining Unicode char U+232A (decimal 9002)
   defining Unicode char U+2422 (decimal 9250)
   defining Unicode char U+25E6 (decimal 9702)
   defining Unicode char U+25EF (decimal 9711)
   defining Unicode char U+266A (decimal 9834)
   defining Unicode char U+FEFF (decimal 65279)
))
LaTeX Info: Redefining \oldstylenums on input line 334.
Package textcomp Info: Setting cmr sub-encoding to TS1/0 on input line 349.
Package textcomp Info: Setting cmss sub-encoding to TS1/0 on input line 350.
Package textcomp Info: Setting cmtt sub-encoding to TS1/0 on input line 351.
Package textcomp Info: Setting cmvtt sub-encoding to TS1/0 on input line 352.
Package textcomp Info: Setting cmbr sub-encoding to TS1/0 on input line 353.
Package textcomp Info: Setting cmtl sub-encoding to TS1/0 on input line 354.
Package textcomp Info: Setting ccr sub-encoding to TS1/0 on input line 355.
Package textcomp Info: Setting ptm sub-encoding to TS1/4 on input line 356.
Package textcomp Info: Setting pcr sub-encoding to TS1/4 on input line 357.
Package textcomp Info: Setting phv sub-encoding to TS1/4 on input line 358.
Package textcomp Info: Setting ppl sub-encoding to TS1/3 on input line 359.
Package textcomp Info: Setting pag sub-encoding to TS1/4 on input line 360.
Package textcomp Info: Setting pbk sub-encoding to TS1/4 on input line 361.
Package textcomp Info: Setting pnc sub-encoding to TS1/4 on input line 362.
Package textcomp Info: Setting pzc sub-encoding to TS1/4 on input line 363.
Package textcomp Info: Setting bch sub-encoding to TS1/4 on input line 364.
Package textcomp Info: Setting put sub-encoding to TS1/5 on input line 365.
Package textcomp Info: Setting uag sub-encoding to TS1/5 on input line 366.
Package textcomp Info: Setting ugq sub-encoding to TS1/5 on input line 367.
Package textcomp Info: Setting ul8 sub-encoding to TS1/4 on input line 368.
Package textcomp Info: Setting ul9 sub-encoding to TS1/4 on input line 369.
Package textcomp Info: Setting augie sub-encoding to TS1/5 on input line 370.
Package textcomp Info: Setting dayrom sub-encoding to TS1/3 on input line 371.
Package textcomp Info: Setting dayroms sub-encoding to TS1/3 on input line 372.

Package textcomp Info: Setting pxr sub-encoding to TS1/0 on input line 373.
Package textcomp Info: Setting pxss sub-encoding to TS1/0 on input line 374.
Package textcomp Info: Setting pxtt sub-encoding to TS1/0 on input line 375.
Package textcomp Info: Setting txr sub-encoding to TS1/0 on input line 376.
Package textcomp Info: Setting txss sub-encoding to TS1/0 on input line 377.
Package textcomp Info: Setting txtt sub-encoding to TS1/0 on input line 378.
Package textcomp Info: Setting lmr sub-encoding to TS1/0 on input line 379.
Package textcomp Info: Setting lmdh sub-encoding to TS1/0 on input line 380.
Package textcomp Info: Setting lmss sub-encoding to TS1/0 on input line 381.
Package textcomp Info: Setting lmssq sub-encoding to TS1/0 on input line 382.
Package textcomp Info: Setting lmvtt sub-encoding to TS1/0 on input line 383.
Package textcomp Info: Setting lmtt sub-encoding to TS1/0 on input line 384.
Package textcomp Info: Setting qhv sub-encoding to TS1/0 on input line 385.
Package textcomp Info: Setting qag sub-encoding to TS1/0 on input line 386.
Package textcomp Info: Setting qbk sub-encoding to TS1/0 on input line 387.
Package textcomp Info: Setting qcr sub-encoding to TS1/0 on input line 388.
Package textcomp Info: Setting qcs sub-encoding to TS1/0 on input line 389.
Package textcomp Info: Setting qpl sub-encoding to TS1/0 on input line 390.
Package textcomp Info: Setting qtm sub-encoding to TS1/0 on input line 391.
Package textcomp Info: Setting qzc sub-encoding to TS1/0 on input line 392.
Package textcomp Info: Setting qhvc sub-encoding to TS1/0 on input line 393.
Package textcomp Info: Setting futs sub-encoding to TS1/4 on input line 394.
Package textcomp Info: Setting futx sub-encoding to TS1/4 on input line 395.
Package textcomp Info: Setting futj sub-encoding to TS1/4 on input line 396.
Package textcomp Info: Setting hlh sub-encoding to TS1/3 on input line 397.
Package textcomp Info: Setting hls sub-encoding to TS1/3 on input line 398.
Package textcomp Info: Setting hlst sub-encoding to TS1/3 on input line 399.
Package textcomp Info: Setting hlct sub-encoding to TS1/5 on input line 400.
Package textcomp Info: Setting hlx sub-encoding to TS1/5 on input line 401.
Package textcomp Info: Setting hlce sub-encoding to TS1/5 on input line 402.
Package textcomp Info: Setting hlcn sub-encoding to TS1/5 on input line 403.
Package textcomp Info: Setting hlcw sub-encoding to TS1/5 on input line 404.
Package textcomp Info: Setting hlcf sub-encoding to TS1/5 on input line 405.
Package textcomp Info: Setting pplx sub-encoding to TS1/3 on input line 406.
Package textcomp Info: Setting pplj sub-encoding to TS1/3 on input line 407.
Package textcomp Info: Setting ptmx sub-encoding to TS1/4 on input line 408.
Package textcomp Info: Setting ptmj sub-encoding to TS1/4 on input line 409.
)
   defining Unicode char U+2212 (decimal 8722)
(/usr/local/texlive/2018/texmf-dist/tex/latex/amsfonts/amssymb.sty
Package: amssymb 2013/01/14 v3.01 AMS font symbols
(/usr/local/texlive/2018/texmf-dist/tex/latex/amsfonts/amsfonts.sty
Package: amsfonts 2013/01/14 v3.01 Basic AMSFonts support
\symAMSa=\mathgroup5
\symAMSb=\mathgroup6
LaTeX Font Info:    Overwriting math alphabet `\mathfrak' in version `bold'
(Font)                  U/euf/m/n --> U/euf/b/n on input line 106.
)) (/usr/local/texlive/2018/texmf-dist/tex/latex/oberdiek/pdflscape.sty
Package: pdflscape 2016/05/14 v0.11 Display of landscape pages in PDF (HO)
(/usr/local/texlive/2018/texmf-dist/tex/latex/graphics/lscape.sty
Package: lscape 2000/10/22 v3.01 Landscape Pages (DPC)
)
Package pdflscape Info: Auto-detected driver: pdftex on input line 81.
) (./classic.aux
LaTeX Info: Redefining \. on input line 25.
LaTeX Info: Redefining \% on input line 25.
)
\openout1 = `classic.aux'.

LaTeX Font Info:    Checking defaults for OML/cmm/m/it on input line 357.
LaTeX Font Info:    ... okay on input line 357.
LaTeX Font Info:    Checking defaults for T1/cmr/m/n on input line 357.
LaTeX Font Info:    ... okay on input line 357.
LaTeX Font Info:    Checking defaults for OT1/cmr/m/n on input line 357.
LaTeX Font Info:    ... okay on input line 357.
LaTeX Font Info:    Checking defaults for OMS/cmsy/m/n on input line 357.
LaTeX Font Info:    ... okay on input line 357.
LaTeX Font Info:    Checking defaults for OMX/cmex/m/n on input line 357.
LaTeX Font Info:    ... okay on input line 357.
LaTeX Font Info:    Checking defaults for U/cmr/m/n on input line 357.
LaTeX Font Info:    ... okay on input line 357.
LaTeX Font Info:    Checking defaults for PD1/pdf/m/n on input line 357.
LaTeX Font Info:    ... okay on input line 357.
LaTeX Font Info:    Checking defaults for TS1/cmr/m/n on input line 357.
LaTeX Font Info:    Try loading font information for TS1+cmr on input line 357.

(/usr/local/texlive/2018/texmf-dist/tex/latex/base/ts1cmr.fd
File: ts1cmr.fd 2014/09/29 v2.5h Standard LaTeX font definitions
)
LaTeX Font Info:    ... okay on input line 357.
LaTeX Font Info:    Try loading font information for T1+pplj on input line 357.

(/usr/local/texlive/2018/texmf-dist/tex/latex/psnfss/t1pplj.fd
File: t1pplj.fd 2004/09/06 font definitions for T1/pplj.
)
LaTeX Info: Redefining \. on input line 357.
LaTeX Info: Redefining \% on input line 357.
(/usr/local/texlive/2018/texmf-dist/tex/context/base/mkii/supp-pdf.mkii
[Loading MPS to PDF converter (version 2006.09.02).]
\scratchcounter=\count152
\scratchdimen=\dimen162
\scratchbox=\box40
\nofMPsegments=\count153
\nofMParguments=\count154
\everyMPshowfont=\toks30
\MPscratchCnt=\count155
\MPscratchDim=\dimen163
\MPnumerator=\count156
\makeMPintoPDFobject=\count157
\everyMPtoPDFconversion=\toks31
) (/usr/local/texlive/2018/texmf-dist/tex/latex/oberdiek/epstopdf-base.sty
Package: epstopdf-base 2016/05/15 v2.6 Base part for package epstopdf
(/usr/local/texlive/2018/texmf-dist/tex/latex/oberdiek/grfext.sty
Package: grfext 2016/05/16 v1.2 Manage graphics extensions (HO)
)
Package epstopdf-base Info: Redefining graphics rule for `.eps' on input line 4
38.
Package grfext Info: Graphics extension search list:
(grfext)             [.pdf,.png,.jpg,.mps,.jpeg,.jbig2,.jb2,.PDF,.PNG,.JPG,.JPE
G,.JBIG2,.JB2,.eps]
(grfext)             \AppendGraphicsExtensions on input line 456.
(/usr/local/texlive/2018/texmf-dist/tex/latex/latexconfig/epstopdf-sys.cfg
File: epstopdf-sys.cfg 2010/07/13 v1.3 Configuration of (r)epstopdf for TeX Liv
e
))
Package caption Info: Begin \AtBeginDocument code.
Package caption Info: subfig package v1.3 is loaded.
Package caption Info: hyperref package is loaded.
Package caption Info: listings package is loaded.
Package caption Info: longtable package is loaded.
(/usr/local/texlive/2018/texmf-dist/tex/latex/caption/ltcaption.sty
Package: ltcaption 2013/06/09 v1.4-94 longtable captions (AR)
)
Package caption Info: End \AtBeginDocument code.
\c@lstlisting=\count158
\AtBeginShipoutBox=\box41
Package hyperref Info: Link coloring ON on input line 357.
(/usr/local/texlive/2018/texmf-dist/tex/latex/hyperref/nameref.sty
Package: nameref 2016/05/21 v2.44 Cross-referencing by name of section
(/usr/local/texlive/2018/texmf-dist/tex/generic/oberdiek/gettitlestring.sty
Package: gettitlestring 2016/05/16 v1.5 Cleanup title references (HO)
)
\c@section@level=\count159
)
LaTeX Info: Redefining \ref on input line 357.
LaTeX Info: Redefining \pageref on input line 357.
LaTeX Info: Redefining \nameref on input line 357.
(./classic.out) (./classic.out)
\@outlinefile=\write5
\openout5 = `classic.out'.

LaTeX Info: Redefining \microtypecontext on input line 357.
Package microtype Info: Generating PDF output.
Package microtype Info: Character protrusion enabled (level 2).
Package microtype Info: Using default protrusion set `alltext'.
Package microtype Info: No font expansion.
Package microtype Info: No adjustment of tracking.
Package microtype Info: No adjustment of interword spacing.
Package microtype Info: No adjustment of character kerning.
(/usr/local/texlive/2018/texmf-dist/tex/latex/microtype/mt-ppl.cfg
File: mt-ppl.cfg 2005/11/16 v1.6 microtype config. file: Palatino (RS)
) ABD: EveryShipout initializing macros
LaTeX Font Info:    Try loading font information for U+zeur on input line 392.
(/usr/local/texlive/2018/texmf-dist/tex/latex/eulervm/uzeur.fd
File: uzeur.fd 2005/01/11 v4.0 (WaS)
) (/usr/local/texlive/2018/texmf-dist/tex/latex/microtype/mt-eur.cfg
File: mt-eur.cfg 2006/07/31 v1.1 microtype config. file: AMS Euler Roman (RS)
)
LaTeX Font Info:    Try loading font information for U+zeus on input line 392.
(/usr/local/texlive/2018/texmf-dist/tex/latex/eulervm/uzeus.fd
File: uzeus.fd 2005/01/11 v4.0 (WaS)
) (/usr/local/texlive/2018/texmf-dist/tex/latex/microtype/mt-eus.cfg
File: mt-eus.cfg 2006/07/28 v1.2 microtype config. file: AMS Euler Script (RS)
)
LaTeX Font Info:    Try loading font information for U+zeuex on input line 392.

(/usr/local/texlive/2018/texmf-dist/tex/latex/eulervm/uzeuex.fd
File: uzeuex.fd 2005/01/11 v4.0 (WaS)
)
LaTeX Font Info:    Try loading font information for OT1+zplm on input line 392
.
(/usr/local/texlive/2018/texmf-dist/tex/latex/psnfss/ot1zplm.fd
File: ot1zplm.fd 2002/09/08 Fontinst v1.914 font definitions for OT1/zplm.
)
Package microtype Info: Loading generic protrusion settings for font family
(microtype)             `zplm' (encoding: OT1).
(microtype)             For optimal results, create family-specific settings.
(microtype)             See the microtype manual for details.
(/usr/local/texlive/2018/texmf-dist/tex/latex/microtype/mt-msa.cfg
File: mt-msa.cfg 2006/02/04 v1.1 microtype config. file: AMS symbols (a) (RS)
) (/usr/local/texlive/2018/texmf-dist/tex/latex/microtype/mt-msb.cfg
File: mt-msb.cfg 2005/06/01 v1.0 microtype config. file: AMS symbols (b) (RS)
)
<Pics/logo-cepal.jpg, id=229, 395.3169pt x 480.1137pt>
File: Pics/logo-cepal.jpg Graphic file (type jpg)
<use Pics/logo-cepal.jpg>
Package pdftex.def Info: Pics/logo-cepal.jpg  used on input line 400.
(pdftex.def)             Requested size: 170.71652pt x 207.3313pt.
LaTeX Font Info:    Try loading font information for T1+fvm on input line 415.
(/usr/local/texlive/2018/texmf-dist/tex/latex/bera/t1fvm.fd
File: t1fvm.fd 2004/09/07 scalable font definitions for T1/fvm.
)
LaTeX Font Info:    Font shape `T1/fvm/m/n' will be
(Font)              scaled to size 7.65005pt on input line 415.
Package microtype Info: Loading generic protrusion settings for font family
(microtype)             `fvm' (encoding: T1).
(microtype)             For optimal results, create family-specific settings.
(microtype)             See the microtype manual for details.
[1



{/usr/local/texlive/2018/texmf-var/fonts/map/pdftex/updmap/pdftex.map} <./Pics/
logo-cepal.jpg>] [2


]
Package tocbasic Info: character protrusion at toc deactivated on input line 44
4.
(./classic.toc
LaTeX Info: Redefining \. on input line 1.
LaTeX Info: Redefining \% on input line 1.
Package microtype Info: Character `029' is missing
(microtype)             in font `T1/pplj/m/sc/10.95'.
(microtype)             Ignoring protrusion settings for this character.

Overfull \hbox (14.03752pt too wide) in paragraph at lines 17--17
 [][] []\T1/pplj/m/n/10.95 Marcos de muestreo: es-trat-i-fi-cación y aglom-erac
ión []  
 []


Overfull \hbox (37.11836pt too wide) in paragraph at lines 24--24
 [][] []\T1/pplj/m/n/10.95 Ejemplo: pro-por-ción de hog-a-res sin agua potable 
[]  
 []


Overfull \hbox (47.22522pt too wide) in paragraph at lines 26--26
 [][] []\T1/pplj/m/n/10.95 Ejemplo: in-greso prome-dio en per-sonas em-pleadas 
[]  
 []


Overfull \hbox (7.66292pt too wide) in paragraph at lines 27--27
 [][] []\T1/pplj/m/n/10.95 Ejemplo: pro-por-ción de anal-fa-betas po-bres []  
 []


Overfull \hbox (51.11943pt too wide) in paragraph at lines 32--32
 [][] []\T1/pplj/m/sc/10.95/80ls ausencia de re-spuesta: im-putación y re-pon-d
eración []  
 []

[3]
Overfull \hbox (4.00731pt too wide) in paragraph at lines 45--45
 [][] []\T1/pplj/m/n/10.95 Factores de ex-pan-sión y es-ti-madores de muestreo 
[]  
 []


Overfull \hbox (25.03133pt too wide) in paragraph at lines 47--47
 [][] []\T1/pplj/m/n/10.95 Pruebas de hipóte-sis so-bre in-di-cadores lon-gi-tu
-di-nales []  
 []

)
\tf@toc=\write6
\openout6 = `classic.toc'.

[4]
Package tocbasic Info: character protrusion at lof deactivated on input line 46
4.
(./classic.lof
LaTeX Info: Redefining \. on input line 1.
LaTeX Info: Redefining \% on input line 1.

Overfull \hbox (5.57947pt too wide) in paragraph at lines 16--16
 \T1/pplj/m/it/10.95 junto de pe-sos difer-ente. No se uti-liza ningún método 
 []


Overfull \hbox (9.35541pt too wide) in paragraph at lines 17--17
 [][] []\T1/pplj/m/it/10.95 Enfoque com-bi-nado: las unidades que no re-spondie
ron 
 []


Overfull \hbox (2.84567pt too wide) in paragraph at lines 19--19
 [][] []\T1/pplj/m/it/10.95 Distribución de las prob-a-bil-i-dades es-ti-madas 
de com- 
 []


Overfull \hbox (35.96382pt too wide) in paragraph at lines 19--19
 \T1/pplj/m/it/10.95 los hog-a-res con val-ores fal-tantes en el fil-tro (derec
ha). []  
 []

[5

]
Overfull \hbox (6.90259pt too wide) in paragraph at lines 27--27
 [][] []\T1/pplj/m/it/10.95 Primeras ocho ré-pli-cas del método de JacK-nife. [
]  
 []


Overfull \hbox (12.7609pt too wide) in paragraph at lines 30--30
 [][] []\T1/pplj/m/it/10.95 Primeras ocho ré-pli-cas del método de Boot-strap. 
[]  
 []

)
\tf@lof=\write7
\openout7 = `classic.lof'.

[6]
Package tocbasic Info: character protrusion at lot deactivated on input line 47
7.
(./classic.lot
LaTeX Info: Redefining \. on input line 1.
LaTeX Info: Redefining \% on input line 1.
)
\tf@lot=\write8
\openout8 = `classic.lot'.

[7] (./classic.lol)
\tf@lol=\write9
\openout9 = `classic.lol'.

[8]
LaTeX Font Info:    Font shape `T1/pplj/bx/n' in size <10.95> not available
(Font)              Font shape `T1/pplj/b/n' tried instead on input line 507.
LaTeX Font Info:    Font shape `T1/pplj/bx/n' in size <9> not available
(Font)              Font shape `T1/pplj/b/n' tried instead on input line 507.
[9] [10


] [1




] [2


]
chapter 1.

Class scrreprt Warning: \float@addtolists detected!
(scrreprt)              Implementation of \float@addtolist became
(scrreprt)              deprecated in KOMA-Script v3.01 2008/11/14 and
(scrreprt)              has been replaced by several more flexible
(scrreprt)              features of package `tocbasic`.
(scrreprt)              Since Version 3.12 support for deprecated
(scrreprt)              \float@addtolist interface has been
(scrreprt)              restricted to only some of the KOMA-Script
(scrreprt)              features and been removed from others.
(scrreprt)              Loading of package `scrhack' may help to
(scrreprt)              avoid this warning, if you are using a
(scrreprt)              a package that still implements the
(scrreprt)              deprecated \float@addtolist interface .

[3] [4] [5] [6]

pdfTeX warning: pdflatex (file ./Pics/1.pdf): PDF inclusion: found PDF version 
<1.7>, but at most version <1.5> allowed
<Pics/1.pdf, id=457, 600.2425pt x 848.16875pt>
File: Pics/1.pdf Graphic file (type pdf)
<use Pics/1.pdf>
Package pdftex.def Info: Pics/1.pdf  used on input line 587.
(pdftex.def)             Requested size: 600.24103pt x 848.16667pt.

Overfull \hbox (264.24103pt too wide) in paragraph at lines 587--588
 [][] 
 []


LaTeX Warning: Float too large for page by 217.31676pt on input line 589.


Overfull \hbox (6.52641pt too wide) in paragraph at lines 593--594
\T1/pplj/m/n/10.95 pro-ce-sos de im-putación tratan de re-cu-peración tanta in-
for-ma-ción como
 []

[7] [8 <./Pics/1.pdf>] [9] [10


]
chapter 2.
[11] [12] [13]
Overfull \hbox (48.80803pt too wide) in alignment at lines 625--629
 [] [] [] [] [] [] [] 
 []


Overfull \hbox (48.80803pt too wide) in alignment at lines 629--637
 [] [] [] [] [] [] [] 
 []


Overfull \hbox (48.80803pt too wide) in alignment at lines 644--648
 [] [] [] [] [] [] [] 
 []


Overfull \hbox (48.80803pt too wide) in alignment at lines 648--656
 [] [] [] [] [] [] [] 
 []

[14]
Overfull \hbox (48.80803pt too wide) in alignment at lines 663--667
 [] [] [] [] [] [] [] 
 []


Overfull \hbox (48.80803pt too wide) in alignment at lines 667--675
 [] [] [] [] [] [] [] 
 []


Overfull \hbox (48.80803pt too wide) in alignment at lines 682--686
 [] [] [] [] [] [] [] 
 []


Overfull \hbox (48.80803pt too wide) in alignment at lines 686--695
 [] [] [] [] [] [] [] 
 []

[15]
Overfull \hbox (48.80803pt too wide) in alignment at lines 702--706
 [] [] [] [] [] [] [] 
 []


Overfull \hbox (48.80803pt too wide) in alignment at lines 706--716
 [] [] [] [] [] [] [] 
 []

[16]
Overfull \hbox (6.1433pt too wide) in paragraph at lines 728--730
[]\T1/pplj/m/n/10.95 Entre el primer y el se-gundo pe-ri-odo de medi-ción hay u
n traslape
 []

[17] [18] [19] [20] [21] [22]
Overfull \hbox (10.8081pt too wide) in paragraph at lines 861--863
[]\T1/pplj/b/n/10.95 Estimación de parámet-ros pobla-cionales en un punto del t
iempo\T1/pplj/m/n/10.95 .
 []

[23]
Overfull \hbox (8.77107pt too wide) in paragraph at lines 865--867
\T1/pplj/m/n/10.95 Para es-ti-mar el \T1/pplj/m/it/10.95 por-centaje de per-son
as ocu-padas en el se-gundo trimestre
 []


Overfull \hbox (7.01938pt too wide) in paragraph at lines 867--869
[]\T1/pplj/b/n/10.95 Estimación de la in-ci-den-cia de even-tos en un pe-ri-odo
 de tiempo\T1/pplj/m/n/10.95 .
 []

[24] [25] [26


]
chapter 3.

Overfull \hbox (5.33304pt too wide) in paragraph at lines 884--885
\T1/pplj/m/n/10.95 ser se-lec-cionado a to-das las unidades que com-po-nen la p
oblación.
 []

[27]
Overfull \hbox (8.15181pt too wide) in paragraph at lines 890--890
|[]\T1/pplj/m/sc/10.95/80ls marcos de muestreo: es-trat-i-fi-cación y aglom-era
ción| 
 []

[28]
Overfull \hbox (11.4978pt too wide) in paragraph at lines 898--899
\T1/pplj/m/n/10.95 nivel mu-nic-i-pal como nivel de ur-ban-ización y es-truc-tu
ra de la población,
 []

[29] [30]
Overfull \hbox (4.39122pt too wide) in paragraph at lines 909--910
[]\T1/pplj/m/n/10.95 Una vez que los mar-cos de muestreo se han re-fi-nado y se
 ha definido
 []

[31] [32] [33]
Overfull \hbox (12.32997pt too wide) in paragraph at lines 956--957
[]\T1/pplj/m/n/10.95 Las prob-a-bil-i-dades de in-clusión definidas por este di
s-eño de muestreo
 []

[34] [35] [36]
Overfull \hbox (13.78629pt too wide) in paragraph at lines 986--987
\T1/pplj/m/n/10.95 res de América Latina es el rela-cionado con los dis-eños au
to-ponderados,
 []

[37]
Overfull \hbox (10.8736pt too wide) in paragraph at lines 1009--1010
\T1/pplj/m/n/10.95 ciente, el in-ves-ti-gador puede obtener in-for-ma-ción ac-e
rca de la población
 []

[38]
Overfull \hbox (6.38414pt too wide) in paragraph at lines 1026--1027
[]\T1/pplj/m/n/10.95 Este tipo de es-que-mas tienen una con-se-cuen-cia im-por-
tante en cuanto
 []


Overfull \hbox (2.3618pt too wide) in paragraph at lines 1026--1027
\T1/pplj/m/n/10.95 a la efi-cien-cia es-tadís-tica. Nótese que en la se-gunda e
tapa de muestreo,
 []


Overfull \hbox (37.9554pt too wide) has occurred while \output is active
 []|[]|
 []

[39] [40]
Overfull \hbox (37.9554pt too wide) has occurred while \output is active
 []|[]|
 []

[41] [42


]
chapter 4.

Overfull \hbox (11.51964pt too wide) in paragraph at lines 1047--1048
[]\T1/pplj/m/n/10.95 En gen-eral, en en-cues-tas de hog-a-res se parte de un ma
rco de muestreo
 []

[43]
Overfull \hbox (25.28012pt too wide) in paragraph at lines 1052--1054
\T1/pplj/m/n/10.95 parámet-ros de per-sonas. En este es-ce-nario se pre-senta l
a metodología
 []


Overfull \hbox (2.09184pt too wide) in paragraph at lines 1056--1057
[]\T1/pplj/m/n/10.95 Tercer es-ce-nario: un caso menos común en los países de A
mérica
 []

[44]
Overfull \hbox (2.442pt too wide) in paragraph at lines 1092--1092
|[]\T1/pplj/m/sc/10.95/80ls primer es-ce-nario: tamaño de mues-tra para upm, ho
g-
 []


Overfull \hbox (79.45541pt too wide) has occurred while \output is active
 []|[]|
 []

[45] [46]
Overfull \hbox (2.88574pt too wide) in alignment at lines 1154--1170
 [] [] [] [] [] [] 
 []


Overfull \hbox (2.88574pt too wide) in alignment at lines 1170--1185
 [] [] [] [] [] [] 
 []


Overfull \hbox (79.45541pt too wide) has occurred while \output is active
 []|[]|
 []

[47]
Overfull \hbox (2.88574pt too wide) in alignment at lines 1189--1205
 [] [] [] [] [] [] 
 []


Overfull \hbox (2.88574pt too wide) in alignment at lines 1205--1324
 [] [] [] [] [] [] 
 []


Overfull \hbox (2.90445pt too wide) in paragraph at lines 1330--1331
\T1/pplj/m/n/10.95 dólares con una var-i-anza de $\U/zeur/m/n/10.95 S[] \U/zeus
/m/n/10.95 ½ \U/zeur/m/n/10.95 1845\T1/pplj/m/n/10.95 .\U/zeur/m/n/10.95 94[]$\
T1/pplj/m/n/10.95 . En este caso, la población
 []

[48]
Overfull \hbox (2.88574pt too wide) in alignment at lines 1334--1350
 [] [] [] [] [] [] 
 []


Overfull \hbox (2.88574pt too wide) in alignment at lines 1350--1365
 [] [] [] [] [] [] 
 []


Overfull \hbox (2.88574pt too wide) in alignment at lines 1369--1385
 [] [] [] [] [] [] 
 []


Overfull \hbox (2.88574pt too wide) in alignment at lines 1385--1491
 [] [] [] [] [] [] 
 []


Overfull \hbox (79.45541pt too wide) has occurred while \output is active
 []|[]|
 []

[49]
Overfull \hbox (2.88574pt too wide) in alignment at lines 1501--1517
 [] [] [] [] [] [] 
 []


Overfull \hbox (2.88574pt too wide) in alignment at lines 1517--1532
 [] [] [] [] [] [] 
 []


Overfull \hbox (2.88574pt too wide) in alignment at lines 1536--1552
 [] [] [] [] [] [] 
 []


Overfull \hbox (2.88574pt too wide) in alignment at lines 1552--1658
 [] [] [] [] [] [] 
 []

[50]
Overfull \hbox (32.2226pt too wide) has occurred while \output is active
 []|[]|
 []

[51]
Overfull \hbox (48.26411pt too wide) in alignment at lines 1696--1700
 [] [] [] [] 
 []


Overfull \hbox (48.26411pt too wide) in alignment at lines 1700--1703
 [] [] [] [] 
 []


Overfull \hbox (48.26411pt too wide) in alignment at lines 1707--1711
 [] [] [] [] 
 []


Overfull \hbox (48.26411pt too wide) in alignment at lines 1711--1723
 [] [] [] [] 
 []

[52]
Overfull \hbox (48.26411pt too wide) in alignment at lines 1732--1736
 [] [] [] [] 
 []


Overfull \hbox (48.26411pt too wide) in alignment at lines 1736--1739
 [] [] [] [] 
 []


Overfull \hbox (48.26411pt too wide) in alignment at lines 1743--1747
 [] [] [] [] 
 []


Overfull \hbox (48.26411pt too wide) in alignment at lines 1747--1758
 [] [] [] [] 
 []


Overfull \hbox (32.2226pt too wide) has occurred while \output is active
 []|[]|
 []

[53] [54]
Overfull \hbox (6.23364pt too wide) in alignment at lines 1808--1824
 [] [] [] [] [] [] 
 []


Overfull \hbox (6.23364pt too wide) in alignment at lines 1824--1839
 [] [] [] [] [] [] 
 []


Overfull \hbox (6.23364pt too wide) in alignment at lines 1843--1859
 [] [] [] [] [] [] 
 []


Overfull \hbox (6.23364pt too wide) in alignment at lines 1859--1926
 [] [] [] [] [] [] 
 []


Overfull \hbox (27.23257pt too wide) has occurred while \output is active
 []|[]|
 []

[55]
Overfull \hbox (6.23364pt too wide) in alignment at lines 1935--1951
 [] [] [] [] [] [] 
 []


Overfull \hbox (6.23364pt too wide) in alignment at lines 1951--1966
 [] [] [] [] [] [] 
 []


Overfull \hbox (6.23364pt too wide) in alignment at lines 1970--1986
 [] [] [] [] [] [] 
 []


Overfull \hbox (6.23364pt too wide) in alignment at lines 1986--2053
 [] [] [] [] [] [] 
 []

[56] [57] [58] [59] [60]
chapter 5.
<classic_files/figure-latex/unnamed-chunk-2-1.pdf, id=799, 453.695pt x 169.6337
4pt>
File: classic_files/figure-latex/unnamed-chunk-2-1.pdf Graphic file (type pdf)
<use classic_files/figure-latex/unnamed-chunk-2-1.pdf>
Package pdftex.def Info: classic_files/figure-latex/unnamed-chunk-2-1.pdf  used
 on input line 2110.
(pdftex.def)             Requested size: 302.39795pt x 113.06384pt.

Overfull \hbox (10.98315pt too wide) in paragraph at lines 2120--2121
[]\T1/pplj/b/n/10.95 Aleatoria de-pen-di-ente de co-vari-ables \T1/pplj/m/it/10
.95 (Miss-ing At Ran-dom - MAR)\T1/pplj/m/n/10.95 :
 []

[61


]
<classic_files/figure-latex/unnamed-chunk-3-1.pdf, id=805, 453.695pt x 169.6337
4pt>
File: classic_files/figure-latex/unnamed-chunk-3-1.pdf Graphic file (type pdf)
<use classic_files/figure-latex/unnamed-chunk-3-1.pdf>
Package pdftex.def Info: classic_files/figure-latex/unnamed-chunk-3-1.pdf  used
 on input line 2125.
(pdftex.def)             Requested size: 302.39795pt x 113.06384pt.
<classic_files/figure-latex/unnamed-chunk-4-1.pdf, id=806, 453.695pt x 170.6375
pt>
File: classic_files/figure-latex/unnamed-chunk-4-1.pdf Graphic file (type pdf)
<use classic_files/figure-latex/unnamed-chunk-4-1.pdf>
Package pdftex.def Info: classic_files/figure-latex/unnamed-chunk-4-1.pdf  used
 on input line 2140.
(pdftex.def)             Requested size: 302.39795pt x 113.73286pt.
[62 <./classic_files/figure-latex/unnamed-chunk-2-1.pdf> <./classic_files/figur
e-latex/unnamed-chunk-3-1.pdf>] [63 <./classic_files/figure-latex/unnamed-chunk
-4-1.pdf>]
<Pics/j1.png, id=842, 923.45pt x 693.59125pt>
File: Pics/j1.png Graphic file (type png)
<use Pics/j1.png>
Package pdftex.def Info: Pics/j1.png  used on input line 2159.
(pdftex.def)             Requested size: 225.84564pt x 666.07288pt.

LaTeX Warning: Float too large for page by 22.62292pt on input line 2161.

<Pics/j2.png, id=844, 924.45375pt x 692.5875pt>
File: Pics/j2.png Graphic file (type png)
<use Pics/j2.png>
Package pdftex.def Info: Pics/j2.png  used on input line 2167.
(pdftex.def)             Requested size: 225.83722pt x 666.07063pt.

LaTeX Warning: Float too large for page by 35.22072pt on input line 2169.

[64] [65 <./Pics/j1.png>] [66 <./Pics/j2.png>]
<Pics/j3.png, id=860, 924.45375pt x 694.595pt>
File: Pics/j3.png Graphic file (type png)
<use Pics/j3.png>
Package pdftex.def Info: Pics/j3.png  used on input line 2185.
(pdftex.def)             Requested size: 225.83722pt x 666.07233pt.

LaTeX Warning: Float too large for page by 35.22241pt on input line 2187.

<Pics/j4.png, id=861, 922.44624pt x 693.59125pt>
File: Pics/j4.png Graphic file (type png)
<use Pics/j4.png>
Package pdftex.def Info: Pics/j4.png  used on input line 2193.
(pdftex.def)             Requested size: 225.83943pt x 666.07288pt.

LaTeX Warning: Float too large for page by 35.22296pt on input line 2195.

[67] [68 <./Pics/j3.png>] [69 <./Pics/j4.png>]
<Pics/j5.png, id=878, 924.45375pt x 692.5875pt>
File: Pics/j5.png Graphic file (type png)
<use Pics/j5.png>
Package pdftex.def Info: Pics/j5.png  used on input line 2201.
(pdftex.def)             Requested size: 225.83722pt x 666.07063pt.

LaTeX Warning: Float too large for page by 35.22072pt on input line 2203.

[70] [71 <./Pics/j5.png>] [72] [73] [74] [75]
Overfull \hbox (5.3329pt too wide) in paragraph at lines 2321--2322
\T1/pplj/m/n/10.95 oca-siones, pidién-dole al re-spon-di-ente que dili-gen-cie 
sendos cues-tionar-
 []


Overfull \hbox (2.25597pt too wide) in paragraph at lines 2343--2344
[]\T1/pplj/m/n/10.95 El camino que se seguirá en este ejem-plo será primero la 
im-putación
 []

[76] [77]
<Pics/10.png, id=931, 1445.4pt x 857.2025pt>
File: Pics/10.png Graphic file (type png)
<use Pics/10.png>
Package pdftex.def Info: Pics/10.png  used on input line 2390.
(pdftex.def)             Requested size: 335.98587pt x 376.39856pt.
[78] [79 <./Pics/10.png>] [80]
<Pics/11.png, id=946, 1416.29124pt x 751.80875pt>
File: Pics/11.png Graphic file (type png)
<use Pics/11.png>
Package pdftex.def Info: Pics/11.png  used on input line 2419.
(pdftex.def)             Requested size: 335.98367pt x 376.4082pt.

Underfull \hbox (badness 1132) in paragraph at lines 2420--2420
[][]|\T1/pplj/m/it/10 Dis-tribu-ción de las prob-a-bil-i-dades es-ti-madas de c
om-pra de ar-roz
 []

<Pics/12.png, id=947, 1418.29875pt x 740.7675pt>
File: Pics/12.png Graphic file (type png)
<use Pics/12.png>
Package pdftex.def Info: Pics/12.png  used on input line 2427.
(pdftex.def)             Requested size: 335.9838pt x 376.40744pt.
[81 <./Pics/11.png>] [82 <./Pics/12.png>]
<Pics/13.png, id=960, 1412.27625pt x 742.775pt>
File: Pics/13.png Graphic file (type png)
<use Pics/13.png>
Package pdftex.def Info: Pics/13.png  used on input line 2443.
(pdftex.def)             Requested size: 336.00093pt x 376.40747pt.

Overfull \hbox (0.74492pt too wide) in paragraph at lines 2456--2457
\T1/pplj/m/n/10.95 misma prob-a-bil-i-dad de in-clusión, sin im-por-tar el tama
ño de la unidad
 []

[83] [84 <./Pics/13.png>] [85]
Overfull \hbox (10.20557pt too wide) in paragraph at lines 2508--2509
\T1/pplj/m/n/10.95 ex-clu-idas de la mues-tra porque son no eleg-i-bles o porqu
e no proveyeron
 []


Overfull \hbox (22.72144pt too wide) in paragraph at lines 2508--2509
\T1/pplj/m/n/10.95 tadís-ti-cas de ins-es-gamiento, con-sis-ten-cia y pre-cisió
n po-drían desvanecerse.
 []

<Pics/15.png, id=985, 981.6675pt x 491.8375pt>
File: Pics/15.png Graphic file (type png)
<use Pics/15.png>
Package pdftex.def Info: Pics/15.png  used on input line 2512.
(pdftex.def)             Requested size: 335.9944pt x 376.41956pt.
[86] [87 <./Pics/15.png>]
Overfull \hbox (12.64754pt too wide) in paragraph at lines 2536--2537
[]\T1/pplj/m/n/10.95 Luego, si no es posi-ble de-ter-mi-nar la eleg-i-bil-i-dad
 de al-gu-nas unidades
 []

<Pics/16.png, id=1003, 1025.8325pt x 514.92375pt>
File: Pics/16.png Graphic file (type png)
<use Pics/16.png>
Package pdftex.def Info: Pics/16.png  used on input line 2551.
(pdftex.def)             Requested size: 336.00566pt x 376.41763pt.
[88] [89 <./Pics/16.png>]
Overfull \hbox (10.26033pt too wide) in paragraph at lines 2600--2601
\T1/pplj/m/n/10.95 para to-dos los in-di-vid-uos en la mues-tra (porque no to-d
os re-spondieron),
 []

[90]
<Pics/17.png, id=1019, 1023.825pt x 512.91624pt>
File: Pics/17.png Graphic file (type png)
<use Pics/17.png>
Package pdftex.def Info: Pics/17.png  used on input line 2637.
(pdftex.def)             Requested size: 335.98862pt x 376.40584pt.

Overfull \hbox (17.38884pt too wide) in paragraph at lines 2645--2646
[]\T1/pplj/m/n/10.95 Después de con-for-mar el sis-tema de pon-deración de pe-s
os de muestreo
 []

[91] [92 <./Pics/17.png>]
Overfull \hbox (13.9287pt too wide) in paragraph at lines 2666--2667
\T1/pplj/m/n/10.95 metodología de cal-i-bración [[]] hace que se cumpla la sigu
-iente ecuación
 []

[93] [94]
<Pics/18.png, id=1055, 1021.8175pt x 512.91624pt>
File: Pics/18.png Graphic file (type png)
<use Pics/18.png>
Package pdftex.def Info: Pics/18.png  used on input line 2703.
(pdftex.def)             Requested size: 336.00026pt x 376.40584pt.
[95 <./Pics/18.png>] [96] [97] [98] [99] [100]
chapter 6.

Overfull \hbox (5.10301pt too wide) in paragraph at lines 2835--2836
[]\T1/pplj/m/n/10.95 En donde la mues-tra $\U/zeur/m/n/10.95 s$ \T1/pplj/m/n/10
.95 hace ref-er-en-cia al sub-con-junto de la población
 []

[101


] [102] [103] [104]
Overfull \hbox (56.86475pt too wide) detected at line 2985
[]
 []

[105]
Overfull \hbox (32.22357pt too wide) detected at line 3004
[]
 []

[106]
Overfull \hbox (9.08516pt too wide) in paragraph at lines 3017--3018
[]\T1/pplj/m/n/10.95 ¾Qué es un \T1/pplj/b/n/10.95 úl-timo con-glom-er-ado\T1/p
plj/m/n/10.95 ? Es la primera unidad de muestreo
 []


Overfull \hbox (9.94284pt too wide) in paragraph at lines 3028--3030
\T1/pplj/m/n/10.95 En el muestreo es-trat-i-fi-cado serán las ciu-dades grandes
 y en el muestreo
 []


Overfull \hbox (0.60248pt too wide) in paragraph at lines 3028--3030
\T1/pplj/m/n/10.95 pro-por-cional tam-bién, puesto que la me-dida de tamaño in-
ducira prob-
 []


Overfull \hbox (32.24431pt too wide) in paragraph at lines 3028--3030
\T1/pplj/m/n/10.95 a-bil-i-dades de in-clusión may-ores a uno. Luego, los mu-ni
ci-p-ios pertenecientes
 []


Overfull \hbox (12.34091pt too wide) in paragraph at lines 3042--3043
\T1/pplj/m/n/10.95 eal, es posi-ble re-cur-rir al uso de las her-ramien-tas del
 análi-sis matemático
 []

[107] [108] [109] [110]
Overfull \hbox (6.6798pt too wide) in paragraph at lines 3126--3128
[]\T1/pplj/m/n/10.95 El con-cepto prin-ci-pal de esta téc-nica parte de una mue
s-tra de tamaño
 []

LaTeX Font Info:    Font shape `T1/fvm/m/n' will be
(Font)              scaled to size 9.30756pt on input line 3150.
[111]
<Pics/20.png, id=1172, 806.01125pt x 368.37625pt>
File: Pics/20.png Graphic file (type png)
<use Pics/20.png>
Package pdftex.def Info: Pics/20.png  used on input line 3156.
(pdftex.def)             Requested size: 806.00928pt x 368.37534pt.

Overfull \hbox (470.00928pt too wide) in paragraph at lines 3156--3157
 [][] 
 []


Overfull \hbox (0.83241pt too wide) in paragraph at lines 3164--3165
\T1/pplj/m/n/10.95 metodología BRR, el es-ti-mador de la var-i-anza toma la sig
u-iente forma: 
 []

<Pics/21.png, id=1173, 628.3475pt x 369.38pt>
File: Pics/21.png Graphic file (type png)
<use Pics/21.png>
Package pdftex.def Info: Pics/21.png  used on input line 3171.
(pdftex.def)             Requested size: 628.34596pt x 369.37909pt.

Overfull \hbox (292.34596pt too wide) in paragraph at lines 3171--3172
 [][] 
 []


Overfull \hbox (5.12491pt too wide) in paragraph at lines 3175--3176
[]\T1/pplj/m/n/10.95 Para la apli-cación de la Ré-pli-cas Repeti-das Bal-ancead
as es re-comend-
 []

[112] [113 <./Pics/20.png>] [114 <./Pics/21.png>]
<Pics/22.png, id=1189, 654.445pt x 369.38pt>
File: Pics/22.png Graphic file (type png)
<use Pics/22.png>
Package pdftex.def Info: Pics/22.png  used on input line 3195.
(pdftex.def)             Requested size: 654.4434pt x 369.37909pt.

Overfull \hbox (318.4434pt too wide) in paragraph at lines 3195--3196
 [][] 
 []

[115 <./Pics/22.png>]
Overfull \hbox (4.36925pt too wide) in paragraph at lines 3201--3202
[]\T1/pplj/m/n/10.95 Retomando ob-ser-va-ciones hechas an-te-ri-or-mente, hay e
s-tratos donde
 []

[116]
<Pics/23.png, id=1200, 453.695pt x 262.9825pt>
File: Pics/23.png Graphic file (type png)
<use Pics/23.png>
Package pdftex.def Info: Pics/23.png  used on input line 3222.
(pdftex.def)             Requested size: 453.6939pt x 262.98184pt.

Overfull \hbox (117.6939pt too wide) in paragraph at lines 3222--3223
 [][] 
 []

[117 <./Pics/23.png>]
Overfull \hbox (4.5117pt too wide) in paragraph at lines 3259--3260
[]\T1/pplj/m/n/10.95 Cuando se se-lec-ciona una mues-tra uti-lizando un dis-eño
 de muestreo
 []

[118]
Overfull \hbox (4.57735pt too wide) in paragraph at lines 3287--3288
\T1/pplj/m/n/10.95 ga-ciones de es-tratos) planea-dos de an-te-mano, para los c
uales se conoce
 []

[119]
Overfull \hbox (12.43939pt too wide) in paragraph at lines 3299--3300
\T1/pplj/m/n/10.95 las per-sonas menores de 25 años, o cualquier otro sub-grupo
 no planeado
 []

[120]
chapter 7.

Package natbib Warning: Citation `Fuller_1990' on page 121 undefined on input l
ine 3320.


Overfull \hbox (0.1207pt too wide) in paragraph at lines 3320--3321
\T1/pplj/m/n/10.95 con-junta de in-di-cadores so-ciales uti-lizando var-ios pe-
ri-o-dos de recolec-
 []

[121


] [122]

Package natbib Warning: Citation `Train_Cahoon_Makens_1978' on page 123 undefin
ed on input line 3341.


Overfull \hbox (2.24498pt too wide) in paragraph at lines 3341--3342
[]\T1/pplj/m/n/10.95 Cuando se trata de es-ti-mar las var-i-an-zas de este tipo
 de es-ti-madores,
 []


Overfull \hbox (3.69043pt too wide) in paragraph at lines 3341--3342
\T1/pplj/m/n/10.95 tran lo com-pli-cado que puede ser cal-cu-lar las varia-cion
es de los prome-
 []

[123] [124] [125] [126]
Overfull \hbox (55.99826pt too wide) has occurred while \output is active
 []|[]|
 []

[127] [128]
Overfull \hbox (55.99826pt too wide) has occurred while \output is active
 []|[]|
 []

[129]
Overfull \hbox (6.9316pt too wide) in paragraph at lines 3581--3582
\T1/pplj/m/n/10.95 prome-dio trimes-tral us-ando un dis-eño panel que un dis-eñ
o sin traslape. 
 []


Overfull \hbox (10.1837pt too wide) in paragraph at lines 3588--3589
[]\T1/pplj/m/n/10.95 Para re-alizar com-para-ciones en-tre gru-pos de un mismo 
corte transver-
 []

[130]
Overfull \hbox (10.3152pt too wide) in paragraph at lines 3613--3614
[]\T1/pplj/m/n/10.95 Existen mu-chos es-ce-nar-ios de com-para-ción que son de 
in-terés cuando
 []


Overfull \hbox (8.9742pt too wide) has occurred while \output is active
 []|[]|
 []

[131] [132]

LaTeX Warning: Command \' invalid in math mode on input line 3692.


Overfull \hbox (8.9742pt too wide) has occurred while \output is active
 []|[]|
 []

[133] [134


]
chapter 8.
[135]
Overfull \hbox (4.1613pt too wide) in paragraph at lines 3719--3721
[]\T1/pplj/m/n/10.95 Las es-ti-ma-ciones re-quieren re-vi-siones, no son pre-ci
sas y se deben
 []


Overfull \hbox (7.3696pt too wide) in paragraph at lines 3733--3735
[]\T1/pplj/m/n/10.95 Incidencia de la po-breza de-sagre-gado por de-par-ta-ment
o o provin-
 []

[136]

LaTeX Warning: Command \' invalid in math mode on input line 3753.

[137] [138] [139]

pdfTeX warning: pdflatex (file ./Pics/14.pdf): PDF inclusion: found PDF version
 <1.7>, but at most version <1.5> allowed
<Pics/14.pdf, id=1353, 616.3025pt x 797.98125pt>
File: Pics/14.pdf Graphic file (type pdf)
<use Pics/14.pdf>
Package pdftex.def Info: Pics/14.pdf  used on input line 3860.
(pdftex.def)             Requested size: 616.301pt x 797.9793pt.

Overfull \hbox (280.301pt too wide) in paragraph at lines 3860--3861
 [][] 
 []


LaTeX Warning: Float too large for page by 167.12938pt on input line 3862.

[140]
Overfull \hbox (173.61157pt too wide) in alignment at lines 3869--3873
 [] [] [] [] [] [] [] [] [] [] [] 
 []


Overfull \hbox (173.61157pt too wide) in alignment at lines 3873--3885
 [] [] [] [] [] [] [] [] [] [] [] 
 []


Overfull \hbox (157.1866pt too wide) in alignment at lines 3889--3893
 [] [] [] [] [] [] [] [] [] [] [] 
 []


Overfull \hbox (157.1866pt too wide) in alignment at lines 3893--3905
 [] [] [] [] [] [] [] [] [] [] [] 
 []


Overfull \hbox (147.36447pt too wide) in alignment at lines 3909--3913
 [] [] [] [] [] [] [] [] [] [] [] 
 []


Overfull \hbox (147.36447pt too wide) in alignment at lines 3913--3925
 [] [] [] [] [] [] [] [] [] [] [] 
 []

[141]
Overfull \hbox (147.36447pt too wide) in alignment at lines 3929--3933
 [] [] [] [] [] [] [] [] [] [] [] 
 []


Overfull \hbox (147.36447pt too wide) in alignment at lines 3933--3945
 [] [] [] [] [] [] [] [] [] [] [] 
 []


Overfull \hbox (14.54184pt too wide) in paragraph at lines 3963--3964
[]\T1/pplj/m/n/10.95 Es posi-ble re-alizar una trans-for-ma-ción so-bre el co-e
-fi-ciente de variación
 []

[142] [143 <./Pics/14.pdf>] [144]
chapter 9.
[145


] [146]

Package natbib Warning: Citation `SSW_2003' on page 147 undefined on input line
 3994.

[147] [148


]
Overfull \hbox (2.80356pt too wide) in paragraph at lines 4024--4025
[]\T1/pplj/m/n/10.95 Modelación de las es-ti-ma-ciones para la predic-ción del 
parámetro
 []

[149]
Overfull \hbox (15.3449pt too wide) in paragraph at lines 4035--4036
\T1/pplj/m/n/10.95 pon-er-las a dis-posi-ción de la co-mu-nidad. El pa-quete \T
1/fvm/m/n/10.95 samplesize4surveys
 []

[150]
Overfull \hbox (8.07042pt too wide) in paragraph at lines 4059--4060
[]\T1/pplj/m/n/10.95 Esta sec-ción pre-senta una breve de-scrip-ción del es-tad
o de la situación
 []

[151]
Overfull \hbox (1.53322pt too wide) in paragraph at lines 4081--4082
\T1/pplj/m/n/10.95 in-for-ma-ciones gen-erales so-bre domi-cil-ios, fa-mil-ias 
y per-sonas, hábitos
 []


Overfull \hbox (10.04141pt too wide) in paragraph at lines 4081--4082
\T1/pplj/m/n/10.95 canasta básica de con-sumo y ob-tiene nuevas es-truc-turas d
e pon-deración
 []

[152]
Overfull \hbox (7.11765pt too wide) in paragraph at lines 4089--4090
[]\T1/pplj/m/n/10.95 La \T1/pplj/m/it/10.95 En-cuesta de Pre-supuestos Fa-mil-i
ares \T1/pplj/m/n/10.95 es una en-cuesta so-cioe-conómica
 []

[153] [154] [155] [156] [157]
Overfull \hbox (16.54568pt too wide) in paragraph at lines 4175--4176
\T1/pplj/m/n/10.95 de ed-u-cación, salud, in-gre-sos, ac-tivi-dades in-de-pen-d
i-entes no agropecuar-
 []

[158] [159] [160]
Overfull \hbox (8.845pt too wide) in paragraph at lines 4218--4219
[]\T1/pplj/m/n/10.95 Periodicidad|  
 []


Overfull \hbox (2.77641pt too wide) in paragraph at lines 4220--4221
[]\T1/pplj/m/n/10.95 Rotación|  
 []


Overfull \hbox (8.845pt too wide) in paragraph at lines 4234--4235
[]\T1/pplj/m/n/10.95 Periodicidad|  
 []


Overfull \hbox (2.77641pt too wide) in paragraph at lines 4236--4237
[]\T1/pplj/m/n/10.95 Rotación|  
 []


Overfull \hbox (3.34581pt too wide) in paragraph at lines 4273--4274
[]\T1/pplj/m/n/10.95 Repetida|  
 []


Overfull \hbox (3.34581pt too wide) in paragraph at lines 4299--4300
[]\T1/pplj/m/n/10.95 Repetida|  
 []


Overfull \hbox (3.34581pt too wide) in paragraph at lines 4312--4313
[]\T1/pplj/m/n/10.95 Repetida|  
 []


Overfull \hbox (3.34581pt too wide) in paragraph at lines 4325--4326
[]\T1/pplj/m/n/10.95 Repetida|  
 []


Overfull \hbox (3.34581pt too wide) in paragraph at lines 4364--4365
[]\T1/pplj/m/n/10.95 Repetida|  
 []


Overfull \hbox (3.34581pt too wide) in paragraph at lines 4377--4378
[]\T1/pplj/m/n/10.95 Repetida|  
 []


Overfull \hbox (3.34581pt too wide) in paragraph at lines 4390--4391
[]\T1/pplj/m/n/10.95 Repetida|  
 []


Overfull \hbox (3.34581pt too wide) in paragraph at lines 4403--4404
[]\T1/pplj/m/n/10.95 Repetida|  
 []


Overfull \hbox (3.34581pt too wide) in paragraph at lines 4429--4430
[]\T1/pplj/m/n/10.95 Repetida|  
 []


Overfull \hbox (3.34581pt too wide) in paragraph at lines 4442--4443
[]\T1/pplj/m/n/10.95 Repetida|  
 []


Overfull \hbox (3.34581pt too wide) in paragraph at lines 4468--4469
[]\T1/pplj/m/n/10.95 Repetida|  
 []


Overfull \hbox (3.34581pt too wide) in paragraph at lines 4494--4495
[]\T1/pplj/m/n/10.95 Repetida|  
 []


Overfull \hbox (3.34581pt too wide) in paragraph at lines 4507--4508
[]\T1/pplj/m/n/10.95 Repetida|  
 []

[161

] [162] [163] [164]
Overfull \hbox (8.76033pt too wide) in paragraph at lines 4751--4752
[]\T1/pplj/m/n/10.95 Determine el pe-ri-odo de lev-an-tamiento de la en-cuesta 
y el método
 []


Package natbib Warning: Citation `INE_ES_2002' on page 165 undefined on input l
ine 4758.

[165

]
Overfull \hbox (0.99684pt too wide) in paragraph at lines 4788--4789
[]\T1/pplj/m/n/10.95 Enumerar los mu-nici-p-ios (o agre-ga-cioenes ge-ográ-fi-c
as) que
 []

[166]
Overfull \hbox (3.87668pt too wide) in paragraph at lines 4830--4831
\T1/pplj/m/n/10.95 vis-i-tarían sólo una vez o po-dría haber al-gún tipo de rot
ación
 []

LaTeX Font Info:    Try loading font information for TS1+pplj on input line 486
7.
(/usr/local/texlive/2018/texmf-dist/tex/latex/psnfss/ts1pplj.fd
File: ts1pplj.fd 2004/09/06 font definitions for TS1/pplj.
) [167]
Overfull \hbox (10.90659pt too wide) in paragraph at lines 4873--4874
[]\T1/pplj/m/n/10.95 Descripción de las me-di-das de tamaño en cada marco de mu
estreo. 
 []


Overfull \hbox (8.1144pt too wide) in paragraph at lines 4878--4880
[]\T1/pplj/m/n/10.95 En gen-eral las me-di-das de tamaño es-tán aso-ci-adas al 
número
 []


Overfull \hbox (8.3662pt too wide) in paragraph at lines 4878--4880
\T1/pplj/m/n/10.95 de habi-tantes por UPM, pero tam-bién pueden es-tar definida
s
 []


Overfull \hbox (0.16467pt too wide) in paragraph at lines 4901--4903
\T1/pplj/m/n/10.95 tre 15mil y 99mil, en-tre 2.5mil y 15mil, menos de 2.5mil
 []


Overfull \hbox (11.05989pt too wide) in paragraph at lines 4903--4905
[]\T1/pplj/m/n/10.95 Delimitación del área ur-bana (por ejem-plo, cen-tros pobl
a-
 []


Overfull \hbox (0.12091pt too wide) in paragraph at lines 4907--4908
\T1/pplj/m/n/10.95 son fun-ción del número de vivien-das en las UPM, agre-
 []

[168]
Overfull \hbox (16.69919pt too wide) in paragraph at lines 4914--4916
[]\T1/pplj/m/n/10.95 Presentación de es-ce-nar-ios de es-trat-i-fi-cación (vara
indo
 []


Overfull \hbox (12.69147pt too wide) in paragraph at lines 4963--4964
\T1/pplj/m/n/10.95 alizar al lec-tor ac-erca del pro-ceso de muestreo de las un
idades
 []

[169]

Package natbib Warning: Citation `Caceres_2015' on page 170 undefined on input 
line 4982.


Overfull \hbox (1.82906pt too wide) in paragraph at lines 4990--4992
[]\T1/pplj/m/n/10.95 Por lo gen-eral, las en-cues-tas de-mográ-fi-cas y de mi-g
ra-ciones
 []

[170]
Overfull \hbox (14.3559pt too wide) in paragraph at lines 5028--5030
[]\T1/pplj/m/n/10.95 Incluir la frac-ción de muestreo es-per-ada en cada sub-po
blación
 []


Overfull \hbox (2.54076pt too wide) in paragraph at lines 5065--5066
\T1/pplj/m/n/10.95 es-trato $\U/zeur/m/n/10.95 h$ \T1/pplj/m/n/10.95 está dado 
por la sigu-iente relación en-tre el número
 []

[171]
Overfull \hbox (9.57071pt too wide) in paragraph at lines 5119--5121
[]\T1/pplj/m/n/10.95 Presentar una tabla con la in-for-ma-ción pobla-cional del
 marco
 []

[172]
Overfull \hbox (6.65802pt too wide) in paragraph at lines 5153--5154
[]\T1/pplj/m/n/10.95 Creación de sub-gru-pos que ex-pliquen el fenó-meno de aus
en-
 []


Overfull \hbox (1.01868pt too wide) in paragraph at lines 5165--5168
\T1/pplj/m/n/10.95 spon-di-entes proyec-ciones de-mográ-fi-cas en los post-estr
atos
 []


Package natbib Warning: Citation `IBGE_2014' on page 173 undefined on input lin
e 5180.

[173]
Overfull \hbox (0.95305pt too wide) in paragraph at lines 5246--5247
[]\T1/pplj/m/n/10.95 Escribir las fór-mu-las del úl-timo con-glom-er-ado para t
o-taltes
 []

[174] (./classic.bbl [175] [176


]
Underfull \hbox (badness 10000) in paragraph at lines 55--61
[][]$\T1/fvm/m/n/10.95 http : / / repositorio . cepal . org / bitstream / handl
e / 11362 /
 []


Underfull \hbox (badness 1048) in paragraph at lines 81--86
\T1/pplj/m/n/10.95 (enph) - de-par-ta-mento ad-min-is-tra-tivo na-cional de es-
tadís-
 []


Underfull \hbox (badness 6542) in paragraph at lines 81--86
\T1/pplj/m/n/10.95 tica, 2018.  URL [][]$\T1/fvm/m/n/10.95 https : / / www . da
ne . gov . co / index . php /
 []


Underfull \hbox (badness 10000) in paragraph at lines 81--86
\T1/fvm/m/n/10.95 estadisticas-[]por-[]tema / pobreza-[]y-[]condiciones-[]de-[]
vida /
 []

[177]
Underfull \hbox (badness 7685) in paragraph at lines 96--101
[]\T1/pplj/m/n/10.95 DGEEC.  En-cuesta per-ma-nente de hog-a-res - di-rec-
 []


Underfull \hbox (badness 5022) in paragraph at lines 96--101
\T1/pplj/m/n/10.95 ción gen-eral de es-tadís-tica, en-cues-tas y cen-sos, 2018.

 []


Underfull \hbox (badness 6396) in paragraph at lines 96--101
\T1/pplj/m/n/10.95 URL [][]$\T1/fvm/m/n/10.95 http : / / www . dgeec . gov . py
 / Publicaciones / Biblioteca /
 []


Underfull \hbox (badness 5119) in paragraph at lines 103--108
[]\T1/pplj/m/n/10.95 DGEEC.  As-pec-tos metodológi-cos de la en-cuesta de
 []


Underfull \hbox (badness 4739) in paragraph at lines 103--108
\T1/pplj/m/n/10.95 in-gre-sos y gas-tos y de condi-ciones de vida (eigycv),
 []

[178]
Underfull \hbox (badness 1552) in paragraph at lines 185--190
[]\T1/pplj/m/n/10.95 Hugo An-drés Gutiér-rez.  \T1/pplj/m/it/10.95 sam-ple-size
4surveys: Sam-ple Size
 []


Underfull \hbox (badness 10000) in paragraph at lines 220--225
[]\T1/pplj/m/n/10.95 IBGE.  Pesquisa de orça-men-tos fa-mil-iares - in-sti-
 []


Underfull \hbox (badness 3746) in paragraph at lines 220--225
\T1/pplj/m/n/10.95 tuto brasileiro de ge-ografia e es-tatís-tica, 2018.  URL
 []


Underfull \hbox (badness 10000) in paragraph at lines 220--225
[][]$\T1/fvm/m/n/10.95 https : / / ww2 . ibge . gov . br / home / estatistica /
 pesquisas /
 []


Underfull \hbox (badness 5189) in paragraph at lines 227--232
[]\T1/pplj/m/n/10.95 IBGE.  Pesquisa na-cional por amostra de domicílios
 []


Underfull \hbox (badness 10000) in paragraph at lines 227--232
\T1/pplj/m/n/10.95 con-tínua - in-sti-tuto brasileiro de ge-ografia e es-
 []


Underfull \hbox (badness 10000) in paragraph at lines 227--232
\T1/pplj/m/n/10.95 tatís-tica, 2018.  URL [][]$\T1/fvm/m/n/10.95 https : / / ww
w . ibge . gov .
 []


Underfull \hbox (badness 10000) in paragraph at lines 227--232
\T1/fvm/m/n/10.95 br / estatisticas-[]novoportal / sociais / trabalho /
 []


Overfull \hbox (79.8915pt too wide) in paragraph at lines 227--232
\T1/fvm/m/n/10.95 9173-[]pesquisa-[]nacional-[]por-[]amostra-[]de-[]domicilios-
[]continua-[]trimestral .
 []


Underfull \hbox (badness 10000) in paragraph at lines 234--238
[]\T1/pplj/m/n/10.95 IBM.  \T1/pplj/m/it/10.95 IBM SPSS Com-plex Sam-ples\T1/pp
lj/m/n/10.95 , 2017.  URL
 []


Underfull \hbox (badness 10000) in paragraph at lines 234--238
[][]$\T1/fvm/m/n/10.95 ftp : / / public . dhe . ibm . com / software / analytic
s / spss /
 []


Underfull \hbox (badness 10000) in paragraph at lines 234--238
\T1/fvm/m/n/10.95 documentation / statistics / 23 . 0 / en / client / Manuals /
 IBM _
 []

[179]
Underfull \hbox (badness 3758) in paragraph at lines 252--256
[]\T1/pplj/m/n/10.95 INE.  En-cuesta con-tinua de hog-a-res (ech) - in-sti-tuto

 []


Underfull \hbox (badness 1924) in paragraph at lines 252--256
\T1/pplj/m/n/10.95 na-cional de es-tadís-tica, 2016.  URL [][]$\T1/fvm/m/n/10.9
5 http : / / ine . gub . uy /
 []


Underfull \hbox (badness 10000) in paragraph at lines 288--293
\T1/fvm/m/n/10.95 ine . gob . gt / index . php / encuestas-[]de-[]hogares-[]y-[
]personas /
 []


Underfull \hbox (badness 6396) in paragraph at lines 314--319
[]\T1/pplj/m/n/10.95 INEC.  En-cuesta na-cional de in-gre-sos y gas-tos de
 []


Underfull \hbox (badness 5231) in paragraph at lines 314--319
\T1/pplj/m/n/10.95 los hog-a-res - in-sti-tuto na-cional de es-tadís-tica y cen
-
 []


Underfull \hbox (badness 10000) in paragraph at lines 314--319
\T1/pplj/m/n/10.95 sos, 2018.  URL [][]$\T1/fvm/m/n/10.95 http : / / www . inec
 . go . cr / encuestas /
 []

[180]
Underfull \hbox (badness 10000) in paragraph at lines 321--325
[][]$\T1/fvm/m/n/10.95 http : / / www . ilo . org / surveydata / index . php / 
catalog / 1393 /
 []


Underfull \hbox (badness 10000) in paragraph at lines 327--332
\T1/fvm/m/n/10.95 Publicaciones . aspx ? ID _ SUBCATEGORIA = 38 & ID _ PUBLICAC
ION =
 []


Underfull \hbox (badness 10000) in paragraph at lines 334--339
[]\T1/pplj/m/n/10.95 INEC.  En-cuesta de condi-ciones de vida (ecv)
 []


Underfull \hbox (badness 10000) in paragraph at lines 334--339
\T1/pplj/m/n/10.95 - in-sti-tuto na-cional de es-tadís-tica y cen-sos,
 []


Underfull \hbox (badness 10000) in paragraph at lines 334--339
\T1/pplj/m/n/10.95 2018.  URL [][]$\T1/fvm/m/n/10.95 http : / / www . ecuadoren
cifras . gob . ec /
 []


Underfull \hbox (badness 1292) in paragraph at lines 341--346
[]\T1/pplj/m/n/10.95 INEC.  En-cuesta de in-gre-sos y gas-tos de los hog-a-res 
-
 []


Underfull \hbox (badness 1173) in paragraph at lines 341--346
\T1/pplj/m/n/10.95 in-sti-tuto na-cional de es-tadís-tica y censo - panamá, 201
8.
 []


Underfull \hbox (badness 10000) in paragraph at lines 341--346
\T1/pplj/m/n/10.95 URL [][]$\T1/fvm/m/n/10.95 http : / / www . contraloria . go
b . pa / inec / Aplicaciones /
 []

[181]
Underfull \hbox (badness 1189) in paragraph at lines 474--479
[]\T1/pplj/m/n/10.95 MDS.  Ob-ser-va-to-rio so-cial - min-is-te-rio de de-sar-r
ollo so-
 []


Underfull \hbox (badness 6284) in paragraph at lines 487--492
\T1/pplj/m/n/10.95 1982.  URL [][]$\T1/fvm/m/n/10.95 http : / / www . ilo . org
 / wcmsp5 / groups / public /
 []


Underfull \hbox (badness 10000) in paragraph at lines 487--492
\T1/fvm/m/n/10.95 -[]-[]-[]dgreports / -[]-[]-[]stat / documents / normativeins
trument /
 []

[182]
Underfull \hbox (badness 4001) in paragraph at lines 494--499
[]\T1/pplj/m/n/10.95 OIT.  Es-tadís-ti-cas del tra-bajo, el em-pleo y la subu-
 []


Underfull \hbox (badness 3536) in paragraph at lines 494--499
\T1/pplj/m/n/10.95 ti-lización de la fuerza de tra-bajo, 2013.  URL [][]$\T1/fv
m/m/n/10.95 http :
 []


Underfull \hbox (badness 10000) in paragraph at lines 494--499
\T1/fvm/m/n/10.95 / / www . ilo . org / wcmsp5 / groups / public / -[]-[]-[]dgr
eports /
 []


Underfull \hbox (badness 10000) in paragraph at lines 532--535
[][]$\T1/fvm/m/n/10.95 https : / / sustainabledevelopment . un . org / globalsd
report /
 []

[183]
Underfull \hbox (badness 7256) in paragraph at lines 567--574
[]\T1/pplj/m/n/10.95 J. N. K. Rao and Is-abel Molina.  \T1/pplj/m/it/10.95 Smal
l-Area Es-ti-
 []


Underfull \hbox (badness 5924) in paragraph at lines 567--574
\T1/pplj/m/it/10.95 ma-tion\T1/pplj/m/n/10.95 .  John Wi-ley and Sons, Ltd, 201
4.  ISBN
 []


Underfull \hbox (badness 3209) in paragraph at lines 567--574
\T1/pplj/m/n/10.95 978-1-118-44511-2.  doi: $10 . 1002 / 9781118445112 . stat03
310 .
 []


Underfull \hbox (badness 1087) in paragraph at lines 591--596
[]\T1/pplj/m/n/10.95 SAS.  \T1/pplj/m/it/10.95 SAS/-S-TAT 9.22 User's Guide - S
ur-vey Sam-pling and
 []


Underfull \hbox (badness 6927) in paragraph at lines 591--596
\T1/pplj/m/it/10.95 Anal-y-sis Pro-ce-dures\T1/pplj/m/n/10.95 , 2010.  URL [][]
$\T1/fvm/m/n/10.95 https : / / support . sas .
 []


Underfull \hbox (badness 10000) in paragraph at lines 591--596
\T1/fvm/m/n/10.95 com / documentation / cdl / en / statugsurveysamp / 63778 / P
DF /
 []

[184])

Package natbib Warning: There were undefined citations.

[185]
Package atveryend Info: Empty hook `BeforeClearDocument' on input line 5295.
Package atveryend Info: Empty hook `AfterLastShipout' on input line 5295.
(./classic.aux
LaTeX Info: Redefining \. on input line 25.
LaTeX Info: Redefining \% on input line 25.
)
Package atveryend Info: Executing hook `AtVeryEndDocument' on input line 5295.
Package atveryend Info: Executing hook `AtEndAfterFileList' on input line 5295.

Package rerunfilecheck Info: File `classic.out' has not changed.
(rerunfilecheck)             Checksum: 0879352A910792333BEB1B03392F965E;4698.
Package atveryend Info: Empty hook `AtVeryVeryEnd' on input line 5295.
 ) 
Here is how much of TeX's memory you used:
 19258 strings out of 492649
 306078 string characters out of 6129622
 671808 words of memory out of 5000000
 21999 multiletter control sequences out of 15000+600000
 123357 words of font info for 213 fonts, out of 8000000 for 9000
 1141 hyphenation exceptions out of 8191
 43i,14n,67p,9086b,797s stack positions out of 5000i,500n,10000p,200000b,80000s
{/usr/local/texlive/2018/texmf-dist/fonts/enc/dvips/base/8r.enc}</usr/local/t
exlive/2018/texmf-dist/fonts/type1/public/amsfonts/cm/cmex10.pfb></usr/local/te
xlive/2018/texmf-dist/fonts/type1/public/amsfonts/cm/cmsy10.pfb></usr/local/tex
live/2018/texmf-dist/fonts/type1/public/amsfonts/cm/cmsy7.pfb></usr/local/texli
ve/2018/texmf-dist/fonts/type1/public/amsfonts/euler/euex10.pfb></usr/local/tex
live/2018/texmf-dist/fonts/type1/public/amsfonts/euler/eufm10.pfb></usr/local/t
exlive/2018/texmf-dist/fonts/type1/public/amsfonts/euler/eufm7.pfb></usr/local/
texlive/2018/texmf-dist/fonts/type1/public/amsfonts/euler/eurb10.pfb></usr/loca
l/texlive/2018/texmf-dist/fonts/type1/public/amsfonts/euler/eurb7.pfb></usr/loc
al/texlive/2018/texmf-dist/fonts/type1/public/amsfonts/euler/eurm10.pfb></usr/l
ocal/texlive/2018/texmf-dist/fonts/type1/public/amsfonts/euler/eurm7.pfb></usr/
local/texlive/2018/texmf-dist/fonts/type1/public/amsfonts/euler/eusm10.pfb></us
r/local/texlive/2018/texmf-dist/fonts/type1/public/amsfonts/euler/eusm7.pfb></u
sr/local/texlive/2018/texmf-dist/fonts/type1/public/fpl/fplrc8a.pfb></usr/local
/texlive/2018/texmf-dist/fonts/type1/public/fpl/fplrij8a.pfb></usr/local/texliv
e/2018/texmf-dist/fonts/type1/public/bera/fvmr8a.pfb></usr/local/texlive/2018/t
exmf-dist/fonts/type1/public/amsfonts/symbols/msam10.pfb></usr/local/texlive/20
18/texmf-dist/fonts/type1/urw/palatino/uplb8a.pfb></usr/local/texlive/2018/texm
f-dist/fonts/type1/urw/palatino/uplr8a.pfb></usr/local/texlive/2018/texmf-dist/
fonts/type1/urw/palatino/uplri8a.pfb>
Output written on classic.pdf (195 pages, 2374328 bytes).
PDF statistics:
 2090 PDF objects out of 2487 (max. 8388607)
 1788 compressed objects within 18 object streams
 651 named destinations out of 1000 (max. 500000)
 34356 words of extra memory for PDF output out of 35830 (max. 10000000)

