This is pdfTeX, Version 3.14159265-2.6-1.40.21 (TeX Live 2020) (preloaded format=pdflatex 2020.4.7)  15 JUN 2021 12:24
entering extended mode
 restricted \write18 enabled.
 %&-line parsing enabled.
**Dise침o-y-an치lisis-de-encuestas-de-hogares.tex
(./Dise침o-y-an치lisis-de-encuestas-de-hogares.tex
LaTeX2e <2020-02-02> patch level 5
L3 programming layer <2020-03-06> (/usr/local/texlive/2020/texmf-dist/tex/latex
/base/book.cls
Document Class: book 2019/12/20 v1.4l Standard LaTeX document class
(/usr/local/texlive/2020/texmf-dist/tex/latex/base/bk10.clo
File: bk10.clo 2019/12/20 v1.4l Standard LaTeX file (size option)
)
\c@part=\count167
\c@chapter=\count168
\c@section=\count169
\c@subsection=\count170
\c@subsubsection=\count171
\c@paragraph=\count172
\c@subparagraph=\count173
\c@figure=\count174
\c@table=\count175
\abovecaptionskip=\skip47
\belowcaptionskip=\skip48
\bibindent=\dimen134
) (/usr/local/texlive/2020/texmf-dist/tex/latex/amsmath/amsmath.sty
Package: amsmath 2020/01/20 v2.17e AMS math features
\@mathmargin=\skip49
For additional information on amsmath, use the `?' option.
(/usr/local/texlive/2020/texmf-dist/tex/latex/amsmath/amstext.sty
Package: amstext 2000/06/29 v2.01 AMS text
(/usr/local/texlive/2020/texmf-dist/tex/latex/amsmath/amsgen.sty
File: amsgen.sty 1999/11/30 v2.0 generic functions
\@emptytoks=\toks15
\ex@=\dimen135
)) (/usr/local/texlive/2020/texmf-dist/tex/latex/amsmath/amsbsy.sty
Package: amsbsy 1999/11/29 v1.2d Bold Symbols
\pmbraise@=\dimen136
) (/usr/local/texlive/2020/texmf-dist/tex/latex/amsmath/amsopn.sty
Package: amsopn 2016/03/08 v2.02 operator names
)
\inf@bad=\count176
LaTeX Info: Redefining \frac on input line 227.
\uproot@=\count177
\leftroot@=\count178
LaTeX Info: Redefining \overline on input line 389.
\classnum@=\count179
\DOTSCASE@=\count180
LaTeX Info: Redefining \ldots on input line 486.
LaTeX Info: Redefining \dots on input line 489.
LaTeX Info: Redefining \cdots on input line 610.
\Mathstrutbox@=\box45
\strutbox@=\box46
\big@size=\dimen137
LaTeX Font Info:    Redeclaring font encoding OML on input line 733.
LaTeX Font Info:    Redeclaring font encoding OMS on input line 734.
\macc@depth=\count181
\c@MaxMatrixCols=\count182
\dotsspace@=\muskip16
\c@parentequation=\count183
\dspbrk@lvl=\count184
\tag@help=\toks16
\row@=\count185
\column@=\count186
\maxfields@=\count187
\andhelp@=\toks17
\eqnshift@=\dimen138
\alignsep@=\dimen139
\tagshift@=\dimen140
\tagwidth@=\dimen141
\totwidth@=\dimen142
\lineht@=\dimen143
\@envbody=\toks18
\multlinegap=\skip50
\multlinetaggap=\skip51
\mathdisplay@stack=\toks19
LaTeX Info: Redefining \[ on input line 2859.
LaTeX Info: Redefining \] on input line 2860.
) (/usr/local/texlive/2020/texmf-dist/tex/latex/amsfonts/amssymb.sty
Package: amssymb 2013/01/14 v3.01 AMS font symbols
(/usr/local/texlive/2020/texmf-dist/tex/latex/amsfonts/amsfonts.sty
Package: amsfonts 2013/01/14 v3.01 Basic AMSFonts support
\symAMSa=\mathgroup4
\symAMSb=\mathgroup5
LaTeX Font Info:    Redeclaring math symbol \hbar on input line 98.
LaTeX Font Info:    Overwriting math alphabet `\mathfrak' in version `bold'
(Font)                  U/euf/m/n --> U/euf/b/n on input line 106.
)) (/usr/local/texlive/2020/texmf-dist/tex/latex/lm/lmodern.sty
Package: lmodern 2009/10/30 v1.6 Latin Modern Fonts
LaTeX Font Info:    Overwriting symbol font `operators' in version `normal'
(Font)                  OT1/cmr/m/n --> OT1/lmr/m/n on input line 22.
LaTeX Font Info:    Overwriting symbol font `letters' in version `normal'
(Font)                  OML/cmm/m/it --> OML/lmm/m/it on input line 23.
LaTeX Font Info:    Overwriting symbol font `symbols' in version `normal'
(Font)                  OMS/cmsy/m/n --> OMS/lmsy/m/n on input line 24.
LaTeX Font Info:    Overwriting symbol font `largesymbols' in version `normal'
(Font)                  OMX/cmex/m/n --> OMX/lmex/m/n on input line 25.
LaTeX Font Info:    Overwriting symbol font `operators' in version `bold'
(Font)                  OT1/cmr/bx/n --> OT1/lmr/bx/n on input line 26.
LaTeX Font Info:    Overwriting symbol font `letters' in version `bold'
(Font)                  OML/cmm/b/it --> OML/lmm/b/it on input line 27.
LaTeX Font Info:    Overwriting symbol font `symbols' in version `bold'
(Font)                  OMS/cmsy/b/n --> OMS/lmsy/b/n on input line 28.
LaTeX Font Info:    Overwriting symbol font `largesymbols' in version `bold'
(Font)                  OMX/cmex/m/n --> OMX/lmex/m/n on input line 29.
LaTeX Font Info:    Overwriting math alphabet `\mathbf' in version `normal'
(Font)                  OT1/cmr/bx/n --> OT1/lmr/bx/n on input line 31.
LaTeX Font Info:    Overwriting math alphabet `\mathsf' in version `normal'
(Font)                  OT1/cmss/m/n --> OT1/lmss/m/n on input line 32.
LaTeX Font Info:    Overwriting math alphabet `\mathit' in version `normal'
(Font)                  OT1/cmr/m/it --> OT1/lmr/m/it on input line 33.
LaTeX Font Info:    Overwriting math alphabet `\mathtt' in version `normal'
(Font)                  OT1/cmtt/m/n --> OT1/lmtt/m/n on input line 34.
LaTeX Font Info:    Overwriting math alphabet `\mathbf' in version `bold'
(Font)                  OT1/cmr/bx/n --> OT1/lmr/bx/n on input line 35.
LaTeX Font Info:    Overwriting math alphabet `\mathsf' in version `bold'
(Font)                  OT1/cmss/bx/n --> OT1/lmss/bx/n on input line 36.
LaTeX Font Info:    Overwriting math alphabet `\mathit' in version `bold'
(Font)                  OT1/cmr/bx/it --> OT1/lmr/bx/it on input line 37.
LaTeX Font Info:    Overwriting math alphabet `\mathtt' in version `bold'
(Font)                  OT1/cmtt/m/n --> OT1/lmtt/m/n on input line 38.
) (/usr/local/texlive/2020/texmf-dist/tex/generic/iftex/ifxetex.sty
Package: ifxetex 2019/10/25 v0.7 ifxetex legacy package. Use iftex instead.
(/usr/local/texlive/2020/texmf-dist/tex/generic/iftex/iftex.sty
Package: iftex 2020/03/06 v1.0d TeX engine tests
)) (/usr/local/texlive/2020/texmf-dist/tex/generic/iftex/ifluatex.sty
Package: ifluatex 2019/10/25 v1.5 ifluatex legacy package. Use iftex instead.
) (/usr/local/texlive/2020/texmf-dist/tex/latex/base/fontenc.sty
Package: fontenc 2020/02/11 v2.0o Standard LaTeX package
LaTeX Font Info:    Trying to load font information for T1+lmr on input line 11
2.
(/usr/local/texlive/2020/texmf-dist/tex/latex/lm/t1lmr.fd
File: t1lmr.fd 2009/10/30 v1.6 Font defs for Latin Modern
)) (/usr/local/texlive/2020/texmf-dist/tex/latex/base/inputenc.sty
Package: inputenc 2018/08/11 v1.3c Input encoding file
\inpenc@prehook=\toks20
\inpenc@posthook=\toks21
) (/usr/local/texlive/2020/texmf-dist/tex/latex/base/textcomp.sty
Package: textcomp 2020/02/02 v2.0n Standard LaTeX package
) (/usr/local/texlive/2020/texmf-dist/tex/latex/upquote/upquote.sty
Package: upquote 2012/04/19 v1.3 upright-quote and grave-accent glyphs in verba
tim
) (/usr/local/texlive/2020/texmf-dist/tex/latex/microtype/microtype.sty
Package: microtype 2019/11/18 v2.7d Micro-typographical refinements (RS)
(/usr/local/texlive/2020/texmf-dist/tex/latex/graphics/keyval.sty
Package: keyval 2014/10/28 v1.15 key=value parser (DPC)
\KV@toks@=\toks22
)
\MT@toks=\toks23
\MT@count=\count188
LaTeX Info: Redefining \textls on input line 790.
\MT@outer@kern=\dimen144
LaTeX Info: Redefining \textmicrotypecontext on input line 1354.
\MT@listname@count=\count189
(/usr/local/texlive/2020/texmf-dist/tex/latex/microtype/microtype-pdftex.def
File: microtype-pdftex.def 2019/11/18 v2.7d Definitions specific to pdftex (RS)

LaTeX Info: Redefining \lsstyle on input line 914.
LaTeX Info: Redefining \lslig on input line 914.
\MT@outer@space=\skip52
)
Package microtype Info: Loading configuration file microtype.cfg.
(/usr/local/texlive/2020/texmf-dist/tex/latex/microtype/microtype.cfg
File: microtype.cfg 2019/11/18 v2.7d microtype main configuration file (RS)
)) (/usr/local/texlive/2020/texmf-dist/tex/latex/parskip/parskip.sty
Package: parskip 2020-01-22 v2.0d non-zero parskip adjustments
(/usr/local/texlive/2020/texmf-dist/tex/latex/kvoptions/kvoptions.sty
Package: kvoptions 2019/11/29 v3.13 Key value format for package options (HO)
(/usr/local/texlive/2020/texmf-dist/tex/generic/ltxcmds/ltxcmds.sty
Package: ltxcmds 2019/12/15 v1.24 LaTeX kernel commands for general use (HO)
) (/usr/local/texlive/2020/texmf-dist/tex/generic/kvsetkeys/kvsetkeys.sty
Package: kvsetkeys 2019/12/15 v1.18 Key value parser (HO)
)) (/usr/local/texlive/2020/texmf-dist/tex/latex/etoolbox/etoolbox.sty
Package: etoolbox 2019/09/21 v2.5h e-TeX tools for LaTeX (JAW)
\etb@tempcnta=\count190
)) (/usr/local/texlive/2020/texmf-dist/tex/latex/xcolor/xcolor.sty
Package: xcolor 2016/05/11 v2.12 LaTeX color extensions (UK)
(/usr/local/texlive/2020/texmf-dist/tex/latex/graphics-cfg/color.cfg
File: color.cfg 2016/01/02 v1.6 sample color configuration
)
Package xcolor Info: Driver file: pdftex.def on input line 225.
(/usr/local/texlive/2020/texmf-dist/tex/latex/graphics-def/pdftex.def
File: pdftex.def 2018/01/08 v1.0l Graphics/color driver for pdftex
)
Package xcolor Info: Model `cmy' substituted by `cmy0' on input line 1348.
Package xcolor Info: Model `hsb' substituted by `rgb' on input line 1352.
Package xcolor Info: Model `RGB' extended on input line 1364.
Package xcolor Info: Model `HTML' substituted by `rgb' on input line 1366.
Package xcolor Info: Model `Hsb' substituted by `hsb' on input line 1367.
Package xcolor Info: Model `tHsb' substituted by `hsb' on input line 1368.
Package xcolor Info: Model `HSB' substituted by `hsb' on input line 1369.
Package xcolor Info: Model `Gray' substituted by `gray' on input line 1370.
Package xcolor Info: Model `wave' substituted by `hsb' on input line 1371.
(/usr/local/texlive/2020/texmf-dist/tex/latex/graphics/dvipsnam.def
File: dvipsnam.def 2016/06/17 v3.0m Driver-dependent file (DPC,SPQR)
) (/usr/local/texlive/2020/texmf-dist/tex/latex/xcolor/svgnam.def
File: svgnam.def 2016/05/11 v2.12 Predefined colors according to SVG 1.1 (UK)
) (/usr/local/texlive/2020/texmf-dist/tex/latex/xcolor/x11nam.def
File: x11nam.def 2016/05/11 v2.12 Predefined colors according to Unix/X11 (UK)
)) (/usr/local/texlive/2020/texmf-dist/tex/latex/xurl/xurl.sty
Package: xurl 2020/01/24 v 0.09 modify URL breaks
(/usr/local/texlive/2020/texmf-dist/tex/latex/url/url.sty
\Urlmuskip=\muskip17
Package: url 2013/09/16  ver 3.4  Verb mode for urls, etc.
)) (/usr/local/texlive/2020/texmf-dist/tex/latex/bookmark/bookmark.sty
Package: bookmark 2019/12/03 v1.28 PDF bookmarks (HO)
(/usr/local/texlive/2020/texmf-dist/tex/latex/hyperref/hyperref.sty
Package: hyperref 2020/01/14 v7.00d Hypertext links for LaTeX
(/usr/local/texlive/2020/texmf-dist/tex/latex/pdftexcmds/pdftexcmds.sty
Package: pdftexcmds 2019/11/24 v0.31 Utility functions of pdfTeX for LuaTeX (HO
)
(/usr/local/texlive/2020/texmf-dist/tex/generic/infwarerr/infwarerr.sty
Package: infwarerr 2019/12/03 v1.5 Providing info/warning/error messages (HO)
)
Package pdftexcmds Info: \pdf@primitive is available.
Package pdftexcmds Info: \pdf@ifprimitive is available.
Package pdftexcmds Info: \pdfdraftmode found.
) (/usr/local/texlive/2020/texmf-dist/tex/generic/kvdefinekeys/kvdefinekeys.sty
Package: kvdefinekeys 2019-12-19 v1.6 Define keys (HO)
) (/usr/local/texlive/2020/texmf-dist/tex/generic/pdfescape/pdfescape.sty
Package: pdfescape 2019/12/09 v1.15 Implements pdfTeX's escape features (HO)
) (/usr/local/texlive/2020/texmf-dist/tex/latex/hycolor/hycolor.sty
Package: hycolor 2020-01-27 v1.10 Color options for hyperref/bookmark (HO)
) (/usr/local/texlive/2020/texmf-dist/tex/latex/letltxmacro/letltxmacro.sty
Package: letltxmacro 2019/12/03 v1.6 Let assignment for LaTeX macros (HO)
) (/usr/local/texlive/2020/texmf-dist/tex/latex/auxhook/auxhook.sty
Package: auxhook 2019-12-17 v1.6 Hooks for auxiliary files (HO)
)
\@linkdim=\dimen145
\Hy@linkcounter=\count191
\Hy@pagecounter=\count192
(/usr/local/texlive/2020/texmf-dist/tex/latex/hyperref/pd1enc.def
File: pd1enc.def 2020/01/14 v7.00d Hyperref: PDFDocEncoding definition (HO)
Now handling font encoding PD1 ...
... no UTF-8 mapping file for font encoding PD1
) (/usr/local/texlive/2020/texmf-dist/tex/generic/intcalc/intcalc.sty
Package: intcalc 2019/12/15 v1.3 Expandable calculations with integers (HO)
) (/usr/local/texlive/2020/texmf-dist/tex/generic/etexcmds/etexcmds.sty
Package: etexcmds 2019/12/15 v1.7 Avoid name clashes with e-TeX commands (HO)
)
\Hy@SavedSpaceFactor=\count193
Package hyperref Info: Option `unicode' set `true' on input line 4421.
(/usr/local/texlive/2020/texmf-dist/tex/latex/hyperref/puenc.def
File: puenc.def 2020/01/14 v7.00d Hyperref: PDF Unicode definition (HO)
Now handling font encoding PU ...
... no UTF-8 mapping file for font encoding PU
)
Package hyperref Info: Hyper figures OFF on input line 4547.
Package hyperref Info: Link nesting OFF on input line 4552.
Package hyperref Info: Hyper index ON on input line 4555.
Package hyperref Info: Plain pages OFF on input line 4562.
Package hyperref Info: Backreferencing OFF on input line 4567.
Package hyperref Info: Implicit mode ON; LaTeX internals redefined.
Package hyperref Info: Bookmarks ON on input line 4800.
\c@Hy@tempcnt=\count194
LaTeX Info: Redefining \url on input line 5159.
\XeTeXLinkMargin=\dimen146
(/usr/local/texlive/2020/texmf-dist/tex/generic/bitset/bitset.sty
Package: bitset 2019/12/09 v1.3 Handle bit-vector datatype (HO)
(/usr/local/texlive/2020/texmf-dist/tex/generic/bigintcalc/bigintcalc.sty
Package: bigintcalc 2019/12/15 v1.5 Expandable calculations on big integers (HO
)
))
\Fld@menulength=\count195
\Field@Width=\dimen147
\Fld@charsize=\dimen148
Package hyperref Info: Hyper figures OFF on input line 6430.
Package hyperref Info: Link nesting OFF on input line 6435.
Package hyperref Info: Hyper index ON on input line 6438.
Package hyperref Info: backreferencing OFF on input line 6445.
Package hyperref Info: Link coloring OFF on input line 6450.
Package hyperref Info: Link coloring with OCG OFF on input line 6455.
Package hyperref Info: PDF/A mode OFF on input line 6460.
LaTeX Info: Redefining \ref on input line 6500.
LaTeX Info: Redefining \pageref on input line 6504.
(/usr/local/texlive/2020/texmf-dist/tex/generic/atbegshi/atbegshi.sty
Package: atbegshi 2019/12/05 v1.19 At begin shipout hook (HO)
)
\Hy@abspage=\count196
\c@Item=\count197
\c@Hfootnote=\count198
)
Package hyperref Info: Driver (autodetected): hpdftex.
(/usr/local/texlive/2020/texmf-dist/tex/latex/hyperref/hpdftex.def
File: hpdftex.def 2020/01/14 v7.00d Hyperref driver for pdfTeX
(/usr/local/texlive/2020/texmf-dist/tex/latex/atveryend/atveryend.sty
Package: atveryend 2019-12-11 v1.11 Hooks at the very end of document (HO)
)
\Fld@listcount=\count199
\c@bookmark@seq@number=\count266

(/usr/local/texlive/2020/texmf-dist/tex/latex/rerunfilecheck/rerunfilecheck.sty
Package: rerunfilecheck 2019/12/05 v1.9 Rerun checks for auxiliary files (HO)

(/usr/local/texlive/2020/texmf-dist/tex/generic/uniquecounter/uniquecounter.sty
Package: uniquecounter 2019/12/15 v1.4 Provide unlimited unique counter (HO)
)
Package uniquecounter Info: New unique counter `rerunfilecheck' on input line 2
86.
)
\Hy@SectionHShift=\skip53
) (/usr/local/texlive/2020/texmf-dist/tex/latex/bookmark/bkm-pdftex.def
File: bkm-pdftex.def 2019/12/03 v1.28 bookmark driver for pdfTeX (HO)
\BKM@id=\count267
))
Package hyperref Info: Option `colorlinks' set `true' on input line 50.
(/usr/local/texlive/2020/texmf-dist/tex/latex/tools/longtable.sty
Package: longtable 2020/01/07 v4.13 Multi-page Table package (DPC)
\LTleft=\skip54
\LTright=\skip55
\LTpre=\skip56
\LTpost=\skip57
\LTchunksize=\count268
\LTcapwidth=\dimen149
\LT@head=\box47
\LT@firsthead=\box48
\LT@foot=\box49
\LT@lastfoot=\box50
\LT@cols=\count269
\LT@rows=\count270
\c@LT@tables=\count271
\c@LT@chunks=\count272
\LT@p@ftn=\toks24
) (/usr/local/texlive/2020/texmf-dist/tex/latex/booktabs/booktabs.sty
Package: booktabs 2020/01/12 v1.61803398 Publication quality tables
\heavyrulewidth=\dimen150
\lightrulewidth=\dimen151
\cmidrulewidth=\dimen152
\belowrulesep=\dimen153
\belowbottomsep=\dimen154
\aboverulesep=\dimen155
\abovetopsep=\dimen156
\cmidrulesep=\dimen157
\cmidrulekern=\dimen158
\defaultaddspace=\dimen159
\@cmidla=\count273
\@cmidlb=\count274
\@aboverulesep=\dimen160
\@belowrulesep=\dimen161
\@thisruleclass=\count275
\@lastruleclass=\count276
\@thisrulewidth=\dimen162
) (/usr/local/texlive/2020/texmf-dist/tex/latex/tools/array.sty
Package: array 2019/08/31 v2.4l Tabular extension package (FMi)
\col@sep=\dimen163
\ar@mcellbox=\box51
\extrarowheight=\dimen164
\NC@list=\toks25
\extratabsurround=\skip58
\backup@length=\skip59
\ar@cellbox=\box52
) (/usr/local/texlive/2020/texmf-dist/tex/latex/tools/calc.sty
Package: calc 2017/05/25 v4.3 Infix arithmetic (KKT,FJ)
\calc@Acount=\count277
\calc@Bcount=\count278
\calc@Adimen=\dimen165
\calc@Bdimen=\dimen166
\calc@Askip=\skip60
\calc@Bskip=\skip61
LaTeX Info: Redefining \setlength on input line 80.
LaTeX Info: Redefining \addtolength on input line 81.
\calc@Ccount=\count279
\calc@Cskip=\skip62
) (/usr/local/texlive/2020/texmf-dist/tex/latex/footnotehyper/footnotehyper.sty
Package: footnotehyper 2019/11/07 v1.1a hyperref aware footnote.sty (JFB)
\FNH@notes=\box53
\FNH@width=\dimen167
) (/usr/local/texlive/2020/texmf-dist/tex/latex/graphics/graphicx.sty
Package: graphicx 2019/11/30 v1.2a Enhanced LaTeX Graphics (DPC,SPQR)
(/usr/local/texlive/2020/texmf-dist/tex/latex/graphics/graphics.sty
Package: graphics 2019/11/30 v1.4a Standard LaTeX Graphics (DPC,SPQR)
(/usr/local/texlive/2020/texmf-dist/tex/latex/graphics/trig.sty
Package: trig 2016/01/03 v1.10 sin cos tan (DPC)
) (/usr/local/texlive/2020/texmf-dist/tex/latex/graphics-cfg/graphics.cfg
File: graphics.cfg 2016/06/04 v1.11 sample graphics configuration
)
Package graphics Info: Driver file: pdftex.def on input line 105.
)
\Gin@req@height=\dimen168
\Gin@req@width=\dimen169
) (/usr/local/texlive/2020/texmf-dist/tex/latex/setspace/setspace.sty
Package: setspace 2011/12/19 v6.7a set line spacing
) (/usr/local/texlive/2020/texmf-dist/tex/latex/pdflscape/pdflscape.sty
Package: pdflscape 2019/12/05 v0.12 Display of landscape pages in PDF (HO)
(/usr/local/texlive/2020/texmf-dist/tex/latex/graphics/lscape.sty
Package: lscape 2000/10/22 v3.01 Landscape Pages (DPC)
)
Package pdflscape Info: Auto-detected driver: pdftex on input line 81.
) (/usr/local/texlive/2020/texmf-dist/tex/latex/amscls/amsthm.sty
Package: amsthm 2017/10/31 v2.20.4
\thm@style=\toks26
\thm@bodyfont=\toks27
\thm@headfont=\toks28
\thm@notefont=\toks29
\thm@headpunct=\toks30
\thm@preskip=\skip63
\thm@postskip=\skip64
\thm@headsep=\skip65
\dth@everypar=\toks31
) (/usr/local/texlive/2020/texmf-dist/tex/generic/babel/babel.sty
Package: babel 2020/03/22 3.42 The Babel package
(/usr/local/texlive/2020/texmf-dist/tex/generic/babel/switch.def
File: switch.def 2020/03/22 3.42 Babel switching mechanism
) (/usr/local/texlive/2020/texmf-dist/tex/generic/babel-spanish/spanish.ldf
Language: spanish.ldf 2016/03/03 v5.0p Spanish support from the babel system
(/usr/local/texlive/2020/texmf-dist/tex/generic/babel/babel.def
File: babel.def 2020/03/22 3.42 Babel common definitions
\babel@savecnt=\count280
\U@D=\dimen170
(/usr/local/texlive/2020/texmf-dist/tex/generic/babel/txtbabel.def)
\bbl@readstream=\read2
\bbl@dirlevel=\count281
)
\es@quottoks=\toks32
\es@quotdepth=\count282
Package babel Info: Making " an active character on input line 561.
Package babel Info: Making . an active character on input line 662.
Package babel Info: Making < an active character on input line 707.
Package babel Info: Making > an active character on input line 707.
) (/usr/local/texlive/2020/texmf-dist/tex/generic/babel-spanish/spanish.ldf
Language: spanish.ldf 2016/03/03 v5.0p Spanish support from the babel system
)) (/usr/local/texlive/2020/texmf-dist/tex/latex/natbib/natbib.sty
Package: natbib 2010/09/13 8.31b (PWD, AO)
\bibhang=\skip66
\bibsep=\skip67
LaTeX Info: Redefining \cite on input line 694.
\c@NAT@ctr=\count283
) (/usr/local/texlive/2020/texmf-dist/tex/latex/l3backend/l3backend-pdfmode.def
File: l3backend-pdfmode.def 2020-03-12 L3 backend support: PDF mode
\l__kernel_color_stack_int=\count284
\l__pdf_internal_box=\box54
) (./Dise침o-y-an치lisis-de-encuestas-de-hogares.aux
LaTeX Info: Redefining \. on input line 26.
LaTeX Info: Redefining \% on input line 26.

LaTeX Warning: Label `fig:unnamed-chunk-1' multiply defined.

)
\openout1 = `Dise침o-y-an치lisis-de-encuestas-de-hogares.aux'.

LaTeX Font Info:    Checking defaults for OML/cmm/m/it on input line 116.
LaTeX Font Info:    ... okay on input line 116.
LaTeX Font Info:    Checking defaults for OMS/cmsy/m/n on input line 116.
LaTeX Font Info:    ... okay on input line 116.
LaTeX Font Info:    Checking defaults for OT1/cmr/m/n on input line 116.
LaTeX Font Info:    ... okay on input line 116.
LaTeX Font Info:    Checking defaults for T1/cmr/m/n on input line 116.
LaTeX Font Info:    ... okay on input line 116.
LaTeX Font Info:    Checking defaults for TS1/cmr/m/n on input line 116.
LaTeX Font Info:    ... okay on input line 116.
LaTeX Font Info:    Checking defaults for OMX/cmex/m/n on input line 116.
LaTeX Font Info:    ... okay on input line 116.
LaTeX Font Info:    Checking defaults for U/cmr/m/n on input line 116.
LaTeX Font Info:    ... okay on input line 116.
LaTeX Font Info:    Checking defaults for PD1/pdf/m/n on input line 116.
LaTeX Font Info:    ... okay on input line 116.
LaTeX Font Info:    Checking defaults for PU/pdf/m/n on input line 116.
LaTeX Font Info:    ... okay on input line 116.
LaTeX Info: Redefining \microtypecontext on input line 116.
Package microtype Info: Generating PDF output.
Package microtype Info: Character protrusion enabled (level 2).
Package microtype Info: Using protrusion set `basicmath'.
Package microtype Info: Automatic font expansion enabled (level 2),
(microtype)             stretch: 20, shrink: 20, step: 1, non-selected.
Package microtype Info: Using default expansion set `basictext'.
LaTeX Info: Redefining \showhyphens on input line 116.
Package microtype Info: No adjustment of tracking.
Package microtype Info: No adjustment of interword spacing.
Package microtype Info: No adjustment of character kerning.
(/usr/local/texlive/2020/texmf-dist/tex/latex/microtype/mt-cmr.cfg
File: mt-cmr.cfg 2013/05/19 v2.2 microtype config. file: Computer Modern Roman 
(RS)
) (/usr/local/texlive/2020/texmf-dist/tex/context/base/mkii/supp-pdf.mkii
[Loading MPS to PDF converter (version 2006.09.02).]
\scratchcounter=\count285
\scratchdimen=\dimen171
\scratchbox=\box55
\nofMPsegments=\count286
\nofMParguments=\count287
\everyMPshowfont=\toks33
\MPscratchCnt=\count288
\MPscratchDim=\dimen172
\MPnumerator=\count289
\makeMPintoPDFobject=\count290
\everyMPtoPDFconversion=\toks34
) (/usr/local/texlive/2020/texmf-dist/tex/latex/epstopdf-pkg/epstopdf-base.sty
Package: epstopdf-base 2020-01-24 v2.11 Base part for package epstopdf
Package epstopdf-base Info: Redefining graphics rule for `.eps' on input line 4
85.
(/usr/local/texlive/2020/texmf-dist/tex/latex/latexconfig/epstopdf-sys.cfg
File: epstopdf-sys.cfg 2010/07/13 v1.3 Configuration of (r)epstopdf for TeX Liv
e
))
\AtBeginShipoutBox=\box56
Package hyperref Info: Link coloring ON on input line 116.
(/usr/local/texlive/2020/texmf-dist/tex/latex/hyperref/nameref.sty
Package: nameref 2019/09/16 v2.46 Cross-referencing by name of section
(/usr/local/texlive/2020/texmf-dist/tex/latex/refcount/refcount.sty
Package: refcount 2019/12/15 v3.6 Data extraction from label references (HO)
)
(/usr/local/texlive/2020/texmf-dist/tex/generic/gettitlestring/gettitlestring.s
ty
Package: gettitlestring 2019/12/15 v1.6 Cleanup title references (HO)
)
\c@section@level=\count291
)
LaTeX Info: Redefining \ref on input line 116.
LaTeX Info: Redefining \pageref on input line 116.
LaTeX Info: Redefining \nameref on input line 116.
LaTeX Info: Redefining \. on input line 116.
LaTeX Info: Redefining \% on input line 116.
LaTeX Font Info:    Trying to load font information for OT1+lmr on input line 1
18.
(/usr/local/texlive/2020/texmf-dist/tex/latex/lm/ot1lmr.fd
File: ot1lmr.fd 2009/10/30 v1.6 Font defs for Latin Modern
)
LaTeX Font Info:    Trying to load font information for OML+lmm on input line 1
18.
(/usr/local/texlive/2020/texmf-dist/tex/latex/lm/omllmm.fd
File: omllmm.fd 2009/10/30 v1.6 Font defs for Latin Modern
)
LaTeX Font Info:    Trying to load font information for OMS+lmsy on input line 
118.
(/usr/local/texlive/2020/texmf-dist/tex/latex/lm/omslmsy.fd
File: omslmsy.fd 2009/10/30 v1.6 Font defs for Latin Modern
)
LaTeX Font Info:    Trying to load font information for OMX+lmex on input line 
118.
(/usr/local/texlive/2020/texmf-dist/tex/latex/lm/omxlmex.fd
File: omxlmex.fd 2009/10/30 v1.6 Font defs for Latin Modern
)
LaTeX Font Info:    External font `lmex10' loaded for size
(Font)              <12> on input line 118.
LaTeX Font Info:    External font `lmex10' loaded for size
(Font)              <8> on input line 118.
LaTeX Font Info:    External font `lmex10' loaded for size
(Font)              <6> on input line 118.
LaTeX Font Info:    Trying to load font information for U+msa on input line 118
.
(/usr/local/texlive/2020/texmf-dist/tex/latex/amsfonts/umsa.fd
File: umsa.fd 2013/01/14 v3.01 AMS symbols A
) (/usr/local/texlive/2020/texmf-dist/tex/latex/microtype/mt-msa.cfg
File: mt-msa.cfg 2006/02/04 v1.1 microtype config. file: AMS symbols (a) (RS)
)
LaTeX Font Info:    Trying to load font information for U+msb on input line 118
.
(/usr/local/texlive/2020/texmf-dist/tex/latex/amsfonts/umsb.fd
File: umsb.fd 2013/01/14 v3.01 AMS symbols B
) (/usr/local/texlive/2020/texmf-dist/tex/latex/microtype/mt-msb.cfg
File: mt-msb.cfg 2005/06/01 v1.0 microtype config. file: AMS symbols (b) (RS)
)
LaTeX Font Info:    External font `lmex10' loaded for size
(Font)              <9> on input line 118.
LaTeX Font Info:    External font `lmex10' loaded for size
(Font)              <5> on input line 118.
[1


{/usr/local/texlive/2020/texmf-var/fonts/map/pdftex/updmap/pdftex.map}] [2

] (./Dise침o-y-an치lisis-de-encuestas-de-hogares.toc
LaTeX Info: Redefining \. on input line 1.
LaTeX Info: Redefining \% on input line 1.
LaTeX Font Info:    External font `lmex10' loaded for size
(Font)              <10> on input line 11.
LaTeX Font Info:    External font `lmex10' loaded for size
(Font)              <7> on input line 11.
)
\tf@toc=\write3
\openout3 = `Dise침o-y-an치lisis-de-encuestas-de-hogares.toc'.

[3]
LaTeX Info: Redefining \. on input line 124.
LaTeX Info: Redefining \% on input line 124.
[4

] (./Dise침o-y-an치lisis-de-encuestas-de-hogares.lot
LaTeX Info: Redefining \. on input line 1.
LaTeX Info: Redefining \% on input line 1.
)
\tf@lot=\write4
\openout4 = `Dise침o-y-an치lisis-de-encuestas-de-hogares.lot'.

[5]
LaTeX Info: Redefining \. on input line 125.
LaTeX Info: Redefining \% on input line 125.
[6

] (./Dise침o-y-an치lisis-de-encuestas-de-hogares.lof
LaTeX Info: Redefining \. on input line 1.
LaTeX Info: Redefining \% on input line 1.
)
\tf@lof=\write5
\openout5 = `Dise침o-y-an치lisis-de-encuestas-de-hogares.lof'.

[7]
LaTeX Info: Redefining \. on input line 127.
LaTeX Info: Redefining \% on input line 127.
[8

]
<Pics/CClicence.png, id=111, 97.0827pt x 33.9669pt>
File: Pics/CClicence.png Graphic file (type png)
<use Pics/CClicence.png>
Package pdftex.def Info: Pics/CClicence.png  used on input line 131.
(pdftex.def)             Requested size: 97.08688pt x 33.96835pt.
[9 <./Pics/CClicence.png>]
LaTeX Info: Redefining \. on input line 137.
LaTeX Info: Redefining \% on input line 137.
[10

] [11]
LaTeX Info: Redefining \. on input line 145.
LaTeX Info: Redefining \% on input line 145.
[12

]
Cap\'{\i }tulo 1.
[13]
LaTeX Info: Redefining \. on input line 183.
LaTeX Info: Redefining \% on input line 183.
[14] [15]
LaTeX Info: Redefining \. on input line 218.
LaTeX Info: Redefining \% on input line 218.
[16]
<Pics/Intro.png, id=198, 1325.95375pt x 1308.89pt>
File: Pics/Intro.png Graphic file (type png)
<use Pics/Intro.png>
Package pdftex.def Info: Pics/Intro.png  used on input line 226.
(pdftex.def)             Requested size: 557.1598pt x 549.98969pt.

Overfull \hbox (212.1598pt too wide) in paragraph at lines 226--226
[][] 
 []


LaTeX Warning: Float too large for page by 35.93411pt on input line 227.

[17]
LaTeX Info: Redefining \. on input line 230.
LaTeX Info: Redefining \% on input line 230.
[18 <./Pics/Intro.png>] [19]
LaTeX Info: Redefining \. on input line 234.
LaTeX Info: Redefining \% on input line 234.
[20

] [21] [22]
Cap\'{\i }tulo 2.
[23

]
LaTeX Info: Redefining \. on input line 256.
LaTeX Info: Redefining \% on input line 256.
[24]
LaTeX Info: Redefining \. on input line 265.
LaTeX Info: Redefining \% on input line 265.
[25]
Overfull \hbox (14.58044pt too wide) in alignment at lines 266--271
 [] [] [] [] [] [] [] 
 []


Overfull \hbox (14.58044pt too wide) in alignment at lines 271--275
 [] [] [] [] [] [] [] 
 []


Overfull \hbox (14.58044pt too wide) in alignment at lines 275--283
 [] [] [] [] [] [] [] 
 []


Overfull \hbox (14.58044pt too wide) in alignment at lines 290--295
 [] [] [] [] [] [] [] 
 []


Overfull \hbox (14.58044pt too wide) in alignment at lines 295--299
 [] [] [] [] [] [] [] 
 []


Overfull \hbox (14.58044pt too wide) in alignment at lines 299--307
 [] [] [] [] [] [] [] 
 []


Underfull \vbox (badness 10000) has occurred while \output is active []

LaTeX Info: Redefining \. on input line 313.
LaTeX Info: Redefining \% on input line 313.
[26]
Overfull \hbox (14.58044pt too wide) in alignment at lines 314--319
 [] [] [] [] [] [] [] 
 []


Overfull \hbox (14.58044pt too wide) in alignment at lines 319--323
 [] [] [] [] [] [] [] 
 []


Overfull \hbox (14.58044pt too wide) in alignment at lines 323--331
 [] [] [] [] [] [] [] 
 []


Overfull \hbox (14.58044pt too wide) in alignment at lines 338--343
 [] [] [] [] [] [] [] 
 []


Overfull \hbox (14.58044pt too wide) in alignment at lines 343--347
 [] [] [] [] [] [] [] 
 []


Overfull \hbox (14.58044pt too wide) in alignment at lines 347--356
 [] [] [] [] [] [] [] 
 []

LaTeX Info: Redefining \. on input line 356.
LaTeX Info: Redefining \% on input line 356.
[27]
Overfull \hbox (14.58044pt too wide) in alignment at lines 363--368
 [] [] [] [] [] [] [] 
 []


Overfull \hbox (14.58044pt too wide) in alignment at lines 368--372
 [] [] [] [] [] [] [] 
 []


Overfull \hbox (14.58044pt too wide) in alignment at lines 372--382
 [] [] [] [] [] [] [] 
 []


Underfull \vbox (badness 10000) has occurred while \output is active []

LaTeX Info: Redefining \. on input line 388.
LaTeX Info: Redefining \% on input line 388.
[28]
LaTeX Info: Redefining \. on input line 426.
LaTeX Info: Redefining \% on input line 426.
[29]
LaTeX Info: Redefining \. on input line 457.
LaTeX Info: Redefining \% on input line 457.
[30]
LaTeX Info: Redefining \. on input line 467.
LaTeX Info: Redefining \% on input line 467.
[31]
LaTeX Info: Redefining \. on input line 481.
LaTeX Info: Redefining \% on input line 481.
[32]
LaTeX Info: Redefining \. on input line 492.
LaTeX Info: Redefining \% on input line 492.
[33]
LaTeX Info: Redefining \. on input line 525.
LaTeX Info: Redefining \% on input line 525.
[34]
LaTeX Info: Redefining \. on input line 540.
LaTeX Info: Redefining \% on input line 540.
[35]
LaTeX Info: Redefining \. on input line 548.
LaTeX Info: Redefining \% on input line 548.
[36]
LaTeX Info: Redefining \. on input line 552.
LaTeX Info: Redefining \% on input line 552.
[37]
LaTeX Info: Redefining \. on input line 552.
LaTeX Info: Redefining \% on input line 552.
[38

]
Cap\'{\i }tulo 3.
[39]
LaTeX Info: Redefining \. on input line 582.
LaTeX Info: Redefining \% on input line 582.

Overfull \hbox (25.694pt too wide) has occurred while \output is active
\T1/lmr/m/n/10 40 \T1/lmr/m/sl/10 CAP펪ULO 3.  DEFINICI흁 Y ESTRATIFICACI흁 DEL
 MARCO MUESTRAL
 []

[40] [41]
LaTeX Info: Redefining \. on input line 612.
LaTeX Info: Redefining \% on input line 612.

Overfull \hbox (25.694pt too wide) has occurred while \output is active
\T1/lmr/m/n/10 42 \T1/lmr/m/sl/10 CAP펪ULO 3.  DEFINICI흁 Y ESTRATIFICACI흁 DEL
 MARCO MUESTRAL
 []

[42]
LaTeX Info: Redefining \. on input line 616.
LaTeX Info: Redefining \% on input line 616.
[43]
LaTeX Info: Redefining \. on input line 622.
LaTeX Info: Redefining \% on input line 622.

Overfull \hbox (25.694pt too wide) has occurred while \output is active
\T1/lmr/m/n/10 44 \T1/lmr/m/sl/10 CAP펪ULO 3.  DEFINICI흁 Y ESTRATIFICACI흁 DEL
 MARCO MUESTRAL
 []

[44]
LaTeX Font Info:    Trying to load font information for T1+lmtt on input line 6
23.
(/usr/local/texlive/2020/texmf-dist/tex/latex/lm/t1lmtt.fd
File: t1lmtt.fd 2009/10/30 v1.6 Font defs for Latin Modern
)
LaTeX Info: Redefining \. on input line 636.
LaTeX Info: Redefining \% on input line 636.
[45]
LaTeX Info: Redefining \. on input line 655.
LaTeX Info: Redefining \% on input line 655.

Overfull \hbox (25.694pt too wide) has occurred while \output is active
\T1/lmr/m/n/10 46 \T1/lmr/m/sl/10 CAP펪ULO 3.  DEFINICI흁 Y ESTRATIFICACI흁 DEL
 MARCO MUESTRAL
 []

[46]
LaTeX Info: Redefining \. on input line 665.
LaTeX Info: Redefining \% on input line 665.
[47]
<03Marcos_files/figure-latex/unnamed-chunk-1-1.pdf, id=412, 422.57875pt x 174.6
525pt>
File: 03Marcos_files/figure-latex/unnamed-chunk-1-1.pdf Graphic file (type pdf)

<use 03Marcos_files/figure-latex/unnamed-chunk-1-1.pdf>
Package pdftex.def Info: 03Marcos_files/figure-latex/unnamed-chunk-1-1.pdf  use
d on input line 676.
(pdftex.def)             Requested size: 345.00798pt x 142.59236pt.
LaTeX Info: Redefining \. on input line 681.
LaTeX Info: Redefining \% on input line 681.

Overfull \hbox (25.694pt too wide) has occurred while \output is active
\T1/lmr/m/n/10 48 \T1/lmr/m/sl/10 CAP펪ULO 3.  DEFINICI흁 Y ESTRATIFICACI흁 DEL
 MARCO MUESTRAL
 []

[48 <./03Marcos_files/figure-latex/unnamed-chunk-1-1.pdf>]
LaTeX Info: Redefining \. on input line 708.
LaTeX Info: Redefining \% on input line 708.
[49]
Underfull \vbox (badness 1122) has occurred while \output is active []

LaTeX Info: Redefining \. on input line 727.
LaTeX Info: Redefining \% on input line 727.

Overfull \hbox (25.694pt too wide) has occurred while \output is active
\T1/lmr/m/n/10 50 \T1/lmr/m/sl/10 CAP펪ULO 3.  DEFINICI흁 Y ESTRATIFICACI흁 DEL
 MARCO MUESTRAL
 []

[50]
LaTeX Info: Redefining \. on input line 745.
LaTeX Info: Redefining \% on input line 745.
[51]
Overfull \hbox (6.81096pt too wide) in paragraph at lines 766--766
 []|\T1/lmr/m/n/8 (-20) DEFF|
 []


Overfull \hbox (8.29655pt too wide) in paragraph at lines 766--766
 \T1/lmr/m/n/8 (-20) (H=3)|
 []


Overfull \hbox (6.28766pt too wide) in paragraph at lines 766--766
 \T1/lmr/m/n/8 (-20) (H=3)|
 []


Overfull \hbox (6.28766pt too wide) in paragraph at lines 766--766
 \T1/lmr/m/n/8 (-20) (H=3)|
 []


Overfull \hbox (6.28766pt too wide) in paragraph at lines 766--766
 \T1/lmr/m/n/8 (-20) (H=3)|
 []


Overfull \hbox (1.60912pt too wide) in paragraph at lines 766--766
 []|\T1/lmr/m/n/8 (-20) KmJ
 []


Overfull \hbox (6.28766pt too wide) in paragraph at lines 766--766
 \T1/lmr/m/n/8 (-20) (H=3)|
 []


Overfull \hbox (6.28766pt too wide) in paragraph at lines 766--766
 \T1/lmr/m/n/8 (-20) (H=3)|
 []


Overfull \hbox (8.29655pt too wide) in paragraph at lines 766--766
 \T1/lmr/m/n/8 (-20) (H=4)|
 []


Overfull \hbox (6.28766pt too wide) in paragraph at lines 766--766
 \T1/lmr/m/n/8 (-20) (H=4)|
 []


Overfull \hbox (6.28766pt too wide) in paragraph at lines 766--766
 \T1/lmr/m/n/8 (-20) (H=4)|
 []


Overfull \hbox (6.28766pt too wide) in paragraph at lines 766--766
 \T1/lmr/m/n/8 (-20) (H=4)|
 []


Overfull \hbox (1.60912pt too wide) in paragraph at lines 766--766
 []|\T1/lmr/m/n/8 (-20) KmJ
 []


Overfull \hbox (6.28766pt too wide) in paragraph at lines 766--766
 \T1/lmr/m/n/8 (-20) (H=4)|
 []


Overfull \hbox (6.28766pt too wide) in paragraph at lines 766--767
 \T1/lmr/m/n/8 (-20) (H=4)|
 []


Overfull \hbox (4.027pt too wide) in alignment at lines 763--768
 [] [] [] [] [] [] [] [] [] [] [] [] [] 
 []


Overfull \hbox (6.81096pt too wide) in paragraph at lines 770--770
 []|\T1/lmr/m/n/8 (-20) DEFF|
 []


Overfull \hbox (8.29655pt too wide) in paragraph at lines 770--770
 \T1/lmr/m/n/8 (-20) (H=3)|
 []


Overfull \hbox (6.28766pt too wide) in paragraph at lines 770--770
 \T1/lmr/m/n/8 (-20) (H=3)|
 []


Overfull \hbox (6.28766pt too wide) in paragraph at lines 770--770
 \T1/lmr/m/n/8 (-20) (H=3)|
 []


Overfull \hbox (6.28766pt too wide) in paragraph at lines 770--770
 \T1/lmr/m/n/8 (-20) (H=3)|
 []


Overfull \hbox (1.60912pt too wide) in paragraph at lines 770--770
 []|\T1/lmr/m/n/8 (-20) KmJ
 []


Overfull \hbox (6.28766pt too wide) in paragraph at lines 770--770
 \T1/lmr/m/n/8 (-20) (H=3)|
 []


Overfull \hbox (6.28766pt too wide) in paragraph at lines 770--770
 \T1/lmr/m/n/8 (-20) (H=3)|
 []


Overfull \hbox (8.29655pt too wide) in paragraph at lines 770--770
 \T1/lmr/m/n/8 (-20) (H=4)|
 []


Overfull \hbox (6.28766pt too wide) in paragraph at lines 770--770
 \T1/lmr/m/n/8 (-20) (H=4)|
 []


Overfull \hbox (6.28766pt too wide) in paragraph at lines 770--770
 \T1/lmr/m/n/8 (-20) (H=4)|
 []


Overfull \hbox (6.28766pt too wide) in paragraph at lines 770--770
 \T1/lmr/m/n/8 (-20) (H=4)|
 []


Overfull \hbox (1.60912pt too wide) in paragraph at lines 770--770
 []|\T1/lmr/m/n/8 (-20) KmJ
 []


Overfull \hbox (6.28766pt too wide) in paragraph at lines 770--770
 \T1/lmr/m/n/8 (-20) (H=4)|
 []


Overfull \hbox (6.28766pt too wide) in paragraph at lines 770--771
 \T1/lmr/m/n/8 (-20) (H=4)|
 []


Overfull \hbox (4.027pt too wide) in alignment at lines 768--772
 [] [] [] [] [] [] [] [] [] [] [] [] [] 
 []


Overfull \hbox (0.73744pt too wide) in paragraph at lines 773--773
 []|\T1/lmr/m/n/8 (-20) 0.87|
 []


Overfull \hbox (0.73744pt too wide) in paragraph at lines 774--774
 []|\T1/lmr/m/n/8 (-20) 0.89|
 []


Overfull \hbox (0.73744pt too wide) in paragraph at lines 774--774
 []|\T1/lmr/m/n/8 (-20) 0.79|
 []


Overfull \hbox (0.73744pt too wide) in paragraph at lines 775--775
 []|\T1/lmr/m/n/8 (-20) 0.87|
 []


Overfull \hbox (0.73744pt too wide) in paragraph at lines 775--775
 []|\T1/lmr/m/n/8 (-20) 0.74|
 []


Overfull \hbox (0.73744pt too wide) in paragraph at lines 776--776
 []|\T1/lmr/m/n/8 (-20) 0.92|
 []


Overfull \hbox (0.73744pt too wide) in paragraph at lines 776--776
 []|\T1/lmr/m/n/8 (-20) 0.77|
 []


Overfull \hbox (0.73744pt too wide) in paragraph at lines 777--777
 []|\T1/lmr/m/n/8 (-20) 0.85|
 []


Overfull \hbox (0.73744pt too wide) in paragraph at lines 778--778
 []|\T1/lmr/m/n/8 (-20) 0.87|
 []


Overfull \hbox (0.73744pt too wide) in paragraph at lines 779--779
 []|\T1/lmr/m/n/8 (-20) 0.87|
 []


Overfull \hbox (0.73744pt too wide) in paragraph at lines 779--779
 []|\T1/lmr/m/n/8 (-20) 0.75|
 []


Overfull \hbox (0.73744pt too wide) in paragraph at lines 780--780
 []|\T1/lmr/m/n/8 (-20) 0.93|
 []


Overfull \hbox (0.73744pt too wide) in paragraph at lines 780--780
 []|\T1/lmr/m/n/8 (-20) 0.77|
 []


Overfull \hbox (1.56125pt too wide) in paragraph at lines 781--781
 []|\T1/lmr/m/n/8 (-20) G(S)|
 []


Overfull \hbox (0.73744pt too wide) in paragraph at lines 781--781
 []|\T1/lmr/m/n/8 (-20) 7.07|
 []


Overfull \hbox (0.73744pt too wide) in paragraph at lines 781--781
 []|\T1/lmr/m/n/8 (-20) 6.22|
 []


Overfull \hbox (4.027pt too wide) in alignment at lines 772--783
 [] [] [] [] [] [] [] [] [] [] [] [] [] 
 []

LaTeX Info: Redefining \. on input line 793.
LaTeX Info: Redefining \% on input line 793.

Overfull \hbox (25.694pt too wide) has occurred while \output is active
\T1/lmr/m/n/10 52 \T1/lmr/m/sl/10 CAP펪ULO 3.  DEFINICI흁 Y ESTRATIFICACI흁 DEL
 MARCO MUESTRAL
 []

[52]
LaTeX Info: Redefining \. on input line 803.
LaTeX Info: Redefining \% on input line 803.
[53]
LaTeX Info: Redefining \. on input line 805.
LaTeX Info: Redefining \% on input line 805.

Overfull \hbox (25.694pt too wide) has occurred while \output is active
\T1/lmr/m/n/10 54 \T1/lmr/m/sl/10 CAP펪ULO 3.  DEFINICI흁 Y ESTRATIFICACI흁 DEL
 MARCO MUESTRAL
 []

[54] (./Dise침o-y-an치lisis-de-encuestas-de-hogares.bbl [55

]
LaTeX Info: Redefining \. on input line 1.
LaTeX Info: Redefining \% on input line 1.

Overfull \hbox (25.694pt too wide) has occurred while \output is active
\T1/lmr/m/n/10 56 \T1/lmr/m/sl/10 CAP펪ULO 3.  DEFINICI흁 Y ESTRATIFICACI흁 DEL
 MARCO MUESTRAL
 []

[56

] [57])
Package atveryend Info: Empty hook `BeforeClearDocument' on input line 810.
LaTeX Info: Redefining \. on input line 810.
LaTeX Info: Redefining \% on input line 810.
[58]
Package atveryend Info: Empty hook `AfterLastShipout' on input line 810.
(./Dise침o-y-an치lisis-de-encuestas-de-hogares.aux
LaTeX Info: Redefining \. on input line 26.
LaTeX Info: Redefining \% on input line 26.
)
Package atveryend Info: Executing hook `AtVeryEndDocument' on input line 810.
Package atveryend Info: Empty hook `AtEndAfterFileList' on input line 810.

LaTeX Warning: There were multiply-defined labels.

 ) 
Here is how much of TeX's memory you used:
 14852 strings out of 480608
 218151 string characters out of 5903631
 554669 words of memory out of 5000000
 30092 multiletter control sequences out of 15000+600000
 642921 words of font info for 181 fonts, out of 8000000 for 9000
 1141 hyphenation exceptions out of 8191
 41i,11n,42p,2600b,473s stack positions out of 5000i,500n,10000p,200000b,80000s
pdfTeX warning (dest): name{Hfootnote.2} has been referenced but does not exi
st, replaced by a fixed one

pdfTeX warning (dest): name{Hfootnote.1} has been referenced but does not exist
, replaced by a fixed one

{/usr/local/texlive/2020/texmf-dist/fonts/enc/dvips/lm/lm-rm.enc}{/usr/local/te
xlive/2020/texmf-dist/fonts/enc/dvips/lm/lm-mathit.enc}{/usr/local/texlive/2020
/texmf-dist/fonts/enc/dvips/lm/lm-ec.enc}{/usr/local/texlive/2020/texmf-dist/fo
nts/enc/dvips/lm/lm-mathsy.enc}{/usr/local/texlive/2020/texmf-dist/fonts/enc/dv
ips/lm/lm-mathex.enc}</usr/local/texlive/2020/texmf-dist/fonts/type1/public/lm/
lmbx10.pfb></usr/local/texlive/2020/texmf-dist/fonts/type1/public/lm/lmbx12.pfb
></usr/local/texlive/2020/texmf-dist/fonts/type1/public/lm/lmex10.pfb></usr/loc
al/texlive/2020/texmf-dist/fonts/type1/public/lm/lmmi10.pfb></usr/local/texlive
/2020/texmf-dist/fonts/type1/public/lm/lmmi5.pfb></usr/local/texlive/2020/texmf
-dist/fonts/type1/public/lm/lmmi6.pfb></usr/local/texlive/2020/texmf-dist/fonts
/type1/public/lm/lmmi7.pfb></usr/local/texlive/2020/texmf-dist/fonts/type1/publ
ic/lm/lmmi8.pfb></usr/local/texlive/2020/texmf-dist/fonts/type1/public/lm/lmr10
.pfb></usr/local/texlive/2020/texmf-dist/fonts/type1/public/lm/lmr12.pfb></usr/
local/texlive/2020/texmf-dist/fonts/type1/public/lm/lmr17.pfb></usr/local/texli
ve/2020/texmf-dist/fonts/type1/public/lm/lmr6.pfb></usr/local/texlive/2020/texm
f-dist/fonts/type1/public/lm/lmr7.pfb></usr/local/texlive/2020/texmf-dist/fonts
/type1/public/lm/lmr8.pfb></usr/local/texlive/2020/texmf-dist/fonts/type1/publi
c/lm/lmr9.pfb></usr/local/texlive/2020/texmf-dist/fonts/type1/public/lm/lmri10.
pfb></usr/local/texlive/2020/texmf-dist/fonts/type1/public/lm/lmri8.pfb></usr/l
ocal/texlive/2020/texmf-dist/fonts/type1/public/lm/lmro10.pfb></usr/local/texli
ve/2020/texmf-dist/fonts/type1/public/lm/lmsy10.pfb></usr/local/texlive/2020/te
xmf-dist/fonts/type1/public/lm/lmsy7.pfb></usr/local/texlive/2020/texmf-dist/fo
nts/type1/public/lm/lmtt10.pfb>
Output written on Dise침o-y-an치lisis-de-encuestas-de-hogares.pdf (58 pages, 86
9230 bytes).
PDF statistics:
 661 PDF objects out of 1000 (max. 8388607)
 567 compressed objects within 6 object streams
 165 named destinations out of 1000 (max. 500000)
 22656 words of extra memory for PDF output out of 24883 (max. 10000000)

