This is XeTeX, Version 3.14159265-2.6-0.99999 (TeX Live 2018) (preloaded format=xelatex 2018.4.16)  23 JUN 2019 18:11
entering extended mode
 restricted \write18 enabled.
 %&-line parsing enabled.
**EH-CEPAL.tex
(./EH-CEPAL.tex
LaTeX2e <2018-04-01> patch level 2
Babel <3.18> and hyphenation patterns for 84 language(s) loaded.
(/usr/local/texlive/2018/texmf-dist/tex/latex/base/book.cls
Document Class: book 2014/09/29 v1.4h Standard LaTeX document class
(/usr/local/texlive/2018/texmf-dist/tex/latex/base/bk12.clo
File: bk12.clo 2014/09/29 v1.4h Standard LaTeX file (size option)
)
\c@part=\count80
\c@chapter=\count81
\c@section=\count82
\c@subsection=\count83
\c@subsubsection=\count84
\c@paragraph=\count85
\c@subparagraph=\count86
\c@figure=\count87
\c@table=\count88
\abovecaptionskip=\skip41
\belowcaptionskip=\skip42
\bibindent=\dimen102
) (/usr/local/texlive/2018/texmf-dist/tex/latex/lm/lmodern.sty
Package: lmodern 2009/10/30 v1.6 Latin Modern Fonts
LaTeX Font Info:    Overwriting symbol font `operators' in version `normal'
(Font)                  OT1/cmr/m/n --> OT1/lmr/m/n on input line 22.
LaTeX Font Info:    Overwriting symbol font `letters' in version `normal'
(Font)                  OML/cmm/m/it --> OML/lmm/m/it on input line 23.
LaTeX Font Info:    Overwriting symbol font `symbols' in version `normal'
(Font)                  OMS/cmsy/m/n --> OMS/lmsy/m/n on input line 24.
LaTeX Font Info:    Overwriting symbol font `largesymbols' in version `normal'
(Font)                  OMX/cmex/m/n --> OMX/lmex/m/n on input line 25.
LaTeX Font Info:    Overwriting symbol font `operators' in version `bold'
(Font)                  OT1/cmr/bx/n --> OT1/lmr/bx/n on input line 26.
LaTeX Font Info:    Overwriting symbol font `letters' in version `bold'
(Font)                  OML/cmm/b/it --> OML/lmm/b/it on input line 27.
LaTeX Font Info:    Overwriting symbol font `symbols' in version `bold'
(Font)                  OMS/cmsy/b/n --> OMS/lmsy/b/n on input line 28.
LaTeX Font Info:    Overwriting symbol font `largesymbols' in version `bold'
(Font)                  OMX/cmex/m/n --> OMX/lmex/m/n on input line 29.
LaTeX Font Info:    Overwriting math alphabet `\mathbf' in version `normal'
(Font)                  OT1/cmr/bx/n --> OT1/lmr/bx/n on input line 31.
LaTeX Font Info:    Overwriting math alphabet `\mathsf' in version `normal'
(Font)                  OT1/cmss/m/n --> OT1/lmss/m/n on input line 32.
LaTeX Font Info:    Overwriting math alphabet `\mathit' in version `normal'
(Font)                  OT1/cmr/m/it --> OT1/lmr/m/it on input line 33.
LaTeX Font Info:    Overwriting math alphabet `\mathtt' in version `normal'
(Font)                  OT1/cmtt/m/n --> OT1/lmtt/m/n on input line 34.
LaTeX Font Info:    Overwriting math alphabet `\mathbf' in version `bold'
(Font)                  OT1/cmr/bx/n --> OT1/lmr/bx/n on input line 35.
LaTeX Font Info:    Overwriting math alphabet `\mathsf' in version `bold'
(Font)                  OT1/cmss/bx/n --> OT1/lmss/bx/n on input line 36.
LaTeX Font Info:    Overwriting math alphabet `\mathit' in version `bold'
(Font)                  OT1/cmr/bx/it --> OT1/lmr/bx/it on input line 37.
LaTeX Font Info:    Overwriting math alphabet `\mathtt' in version `bold'
(Font)                  OT1/cmtt/m/n --> OT1/lmtt/m/n on input line 38.
) (/usr/local/texlive/2018/texmf-dist/tex/latex/amsfonts/amssymb.sty
Package: amssymb 2013/01/14 v3.01 AMS font symbols
(/usr/local/texlive/2018/texmf-dist/tex/latex/amsfonts/amsfonts.sty
Package: amsfonts 2013/01/14 v3.01 Basic AMSFonts support
\@emptytoks=\toks14
\symAMSa=\mathgroup4
\symAMSb=\mathgroup5
LaTeX Font Info:    Overwriting math alphabet `\mathfrak' in version `bold'
(Font)                  U/euf/m/n --> U/euf/b/n on input line 106.
)) (/usr/local/texlive/2018/texmf-dist/tex/latex/amsmath/amsmath.sty
Package: amsmath 2017/09/02 v2.17a AMS math features
\@mathmargin=\skip43
For additional information on amsmath, use the `?' option.
(/usr/local/texlive/2018/texmf-dist/tex/latex/amsmath/amstext.sty
Package: amstext 2000/06/29 v2.01 AMS text
(/usr/local/texlive/2018/texmf-dist/tex/latex/amsmath/amsgen.sty
File: amsgen.sty 1999/11/30 v2.0 generic functions
\@emptytoks=\toks15
\ex@=\dimen103
)) (/usr/local/texlive/2018/texmf-dist/tex/latex/amsmath/amsbsy.sty
Package: amsbsy 1999/11/29 v1.2d Bold Symbols
\pmbraise@=\dimen104
) (/usr/local/texlive/2018/texmf-dist/tex/latex/amsmath/amsopn.sty
Package: amsopn 2016/03/08 v2.02 operator names
)
\inf@bad=\count89
LaTeX Info: Redefining \frac on input line 213.
\uproot@=\count90
\leftroot@=\count91
LaTeX Info: Redefining \overline on input line 375.
\classnum@=\count92
\DOTSCASE@=\count93
LaTeX Info: Redefining \ldots on input line 472.
LaTeX Info: Redefining \dots on input line 475.
LaTeX Info: Redefining \cdots on input line 596.
\Mathstrutbox@=\box26
\strutbox@=\box27
\big@size=\dimen105
LaTeX Font Info:    Redeclaring font encoding OML on input line 712.
LaTeX Font Info:    Redeclaring font encoding OMS on input line 713.
\macc@depth=\count94
\c@MaxMatrixCols=\count95
\dotsspace@=\muskip10
\c@parentequation=\count96
\dspbrk@lvl=\count97
\tag@help=\toks16
\row@=\count98
\column@=\count99
\maxfields@=\count100
\andhelp@=\toks17
\eqnshift@=\dimen106
\alignsep@=\dimen107
\tagshift@=\dimen108
\tagwidth@=\dimen109
\totwidth@=\dimen110
\lineht@=\dimen111
\@envbody=\toks18
\multlinegap=\skip44
\multlinetaggap=\skip45
\mathdisplay@stack=\toks19
LaTeX Info: Redefining \[ on input line 2817.
LaTeX Info: Redefining \] on input line 2818.
) (/usr/local/texlive/2018/texmf-dist/tex/generic/ifxetex/ifxetex.sty
Package: ifxetex 2010/09/12 v0.6 Provides ifxetex conditional
) (/usr/local/texlive/2018/texmf-dist/tex/generic/oberdiek/ifluatex.sty
Package: ifluatex 2016/05/16 v1.4 Provides the ifluatex switch (HO)
Package ifluatex Info: LuaTeX not detected.
) (/usr/local/texlive/2018/texmf-dist/tex/latex/base/fixltx2e.sty
Package: fixltx2e 2016/12/29 v2.1a fixes to LaTeX (obsolete)
Applying: [2015/01/01] Old fixltx2e package on input line 46.

Package fixltx2e Warning: fixltx2e is not required with releases after 2015
(fixltx2e)                All fixes are now in the LaTeX kernel.
(fixltx2e)                See the latexrelease package for details.

Already applied: [0000/00/00] Old fixltx2e package on input line 53.
) (/usr/local/texlive/2018/texmf-dist/tex/xelatex/mathspec/mathspec.sty
Package: mathspec 2016/12/22 v0.2b LaTeX Package (Mathematics font selection fo
r XeLaTeX)
(/usr/local/texlive/2018/texmf-dist/tex/latex/etoolbox/etoolbox.sty
Package: etoolbox 2018/02/11 v2.5e e-TeX tools for LaTeX (JAW)
\etb@tempcnta=\count101
) (/usr/local/texlive/2018/texmf-dist/tex/latex/fontspec/fontspec.sty (/usr/loc
al/texlive/2018/texmf-dist/tex/latex/l3packages/xparse/xparse.sty (/usr/local/t
exlive/2018/texmf-dist/tex/latex/l3kernel/expl3.sty
Package: expl3 2018/03/05 L3 programming layer (loader) 
(/usr/local/texlive/2018/texmf-dist/tex/latex/l3kernel/expl3-code.tex
Package: expl3 2018/03/05 L3 programming layer (code)
\c_max_int=\count102
\l_tmpa_int=\count103
\l_tmpb_int=\count104
\g_tmpa_int=\count105
\g_tmpb_int=\count106
\g__intarray_font_int=\count107
\g__prg_map_int=\count108
\c_log_iow=\count109
\l_iow_line_count_int=\count110
\l__iow_line_target_int=\count111
\l__iow_one_indent_int=\count112
\l__iow_indent_int=\count113
\c_zero_dim=\dimen112
\c_max_dim=\dimen113
\l_tmpa_dim=\dimen114
\l_tmpb_dim=\dimen115
\g_tmpa_dim=\dimen116
\g_tmpb_dim=\dimen117
\c_zero_skip=\skip46
\c_max_skip=\skip47
\l_tmpa_skip=\skip48
\l_tmpb_skip=\skip49
\g_tmpa_skip=\skip50
\g_tmpb_skip=\skip51
\c_zero_muskip=\muskip11
\c_max_muskip=\muskip12
\l_tmpa_muskip=\muskip13
\l_tmpb_muskip=\muskip14
\g_tmpa_muskip=\muskip15
\g_tmpb_muskip=\muskip16
\l_keys_choice_int=\count114
\c__fp_leading_shift_int=\count115
\c__fp_middle_shift_int=\count116
\c__fp_trailing_shift_int=\count117
\c__fp_big_leading_shift_int=\count118
\c__fp_big_middle_shift_int=\count119
\c__fp_big_trailing_shift_int=\count120
\c__fp_Bigg_leading_shift_int=\count121
\c__fp_Bigg_middle_shift_int=\count122
\c__fp_Bigg_trailing_shift_int=\count123
\l__sort_length_int=\count124
\l__sort_min_int=\count125
\l__sort_top_int=\count126
\l__sort_max_int=\count127
\l__sort_true_max_int=\count128
\l__sort_block_int=\count129
\l__sort_begin_int=\count130
\l__sort_end_int=\count131
\l__sort_A_int=\count132
\l__sort_B_int=\count133
\l__sort_C_int=\count134
\l__tl_build_start_index_int=\count135
\l__tl_build_index_int=\count136
\l__tl_analysis_normal_int=\count137
\l__tl_analysis_index_int=\count138
\l__tl_analysis_nesting_int=\count139
\l__tl_analysis_type_int=\count140
\l__regex_internal_a_int=\count141
\l__regex_internal_b_int=\count142
\l__regex_internal_c_int=\count143
\l__regex_balance_int=\count144
\l__regex_group_level_int=\count145
\l__regex_mode_int=\count146
\c__regex_cs_in_class_mode_int=\count147
\c__regex_cs_mode_int=\count148
\l__regex_catcodes_int=\count149
\l__regex_default_catcodes_int=\count150
\c__regex_catcode_L_int=\count151
\c__regex_catcode_O_int=\count152
\c__regex_catcode_A_int=\count153
\c__regex_all_catcodes_int=\count154
\l__regex_show_lines_int=\count155
\l__regex_min_state_int=\count156
\l__regex_max_state_int=\count157
\l__regex_left_state_int=\count158
\l__regex_right_state_int=\count159
\l__regex_capturing_group_int=\count160
\l__regex_min_pos_int=\count161
\l__regex_max_pos_int=\count162
\l__regex_curr_pos_int=\count163
\l__regex_start_pos_int=\count164
\l__regex_success_pos_int=\count165
\l__regex_curr_char_int=\count166
\l__regex_curr_catcode_int=\count167
\l__regex_last_char_int=\count168
\l__regex_case_changed_char_int=\count169
\l__regex_curr_state_int=\count170
\l__regex_step_int=\count171
\l__regex_min_active_int=\count172
\l__regex_max_active_int=\count173
\l__regex_replacement_csnames_int=\count174
\l__regex_match_count_int=\count175
\l__regex_min_submatch_int=\count176
\l__regex_submatch_int=\count177
\l__regex_zeroth_submatch_int=\count178
\g__regex_trace_regex_int=\count179
\c_empty_box=\box28
\l_tmpa_box=\box29
\l_tmpb_box=\box30
\g_tmpa_box=\box31
\g_tmpb_box=\box32
\l__box_top_dim=\dimen118
\l__box_bottom_dim=\dimen119
\l__box_left_dim=\dimen120
\l__box_right_dim=\dimen121
\l__box_top_new_dim=\dimen122
\l__box_bottom_new_dim=\dimen123
\l__box_left_new_dim=\dimen124
\l__box_right_new_dim=\dimen125
\l__box_internal_box=\box33
\l__coffin_internal_box=\box34
\l__coffin_internal_dim=\dimen126
\l__coffin_offset_x_dim=\dimen127
\l__coffin_offset_y_dim=\dimen128
\l__coffin_x_dim=\dimen129
\l__coffin_y_dim=\dimen130
\l__coffin_x_prime_dim=\dimen131
\l__coffin_y_prime_dim=\dimen132
\c_empty_coffin=\box35
\l__coffin_aligned_coffin=\box36
\l__coffin_aligned_internal_coffin=\box37
\l_tmpa_coffin=\box38
\l_tmpb_coffin=\box39
\l__coffin_display_coffin=\box40
\l__coffin_display_coord_coffin=\box41
\l__coffin_display_pole_coffin=\box42
\l__coffin_display_offset_dim=\dimen133
\l__coffin_display_x_dim=\dimen134
\l__coffin_display_y_dim=\dimen135
\l__coffin_bounding_shift_dim=\dimen136
\l__coffin_left_corner_dim=\dimen137
\l__coffin_right_corner_dim=\dimen138
\l__coffin_bottom_corner_dim=\dimen139
\l__coffin_top_corner_dim=\dimen140
\l__coffin_scaled_total_height_dim=\dimen141
\l__coffin_scaled_width_dim=\dimen142
) (/usr/local/texlive/2018/texmf-dist/tex/latex/l3kernel/l3xdvipdfmx.def
File: l3xdvidpfmx.def 2017/03/18 v L3 Experimental driver: xdvipdfmx
\g__driver_image_int=\count180
))
Package: xparse 2018/02/21 L3 Experimental document command parser
\l__xparse_current_arg_int=\count181
\g__xparse_grabber_int=\count182
\l__xparse_m_args_int=\count183
\l__xparse_mandatory_args_int=\count184
\l__xparse_v_nesting_int=\count185
)
Package: fontspec 2017/11/09 v2.6g Font selection for XeLaTeX and LuaLaTeX
(/usr/local/texlive/2018/texmf-dist/tex/latex/fontspec/fontspec-xetex.sty
Package: fontspec-xetex 2017/11/09 v2.6g Font selection for XeLaTeX and LuaLaTe
X
\l__fontspec_script_int=\count186
\l__fontspec_language_int=\count187
\l__fontspec_strnum_int=\count188
\l__fontspec_tmp_int=\count189
\l__fontspec_em_int=\count190
\l__fontspec_emdef_int=\count191
\l__fontspec_strong_int=\count192
\l__fontspec_strongdef_int=\count193
\l__fontspec_tmpa_dim=\dimen143
\l__fontspec_tmpb_dim=\dimen144
\l__fontspec_tmpc_dim=\dimen145
\g__file_internal_ior=\read1
(/usr/local/texlive/2018/texmf-dist/tex/latex/base/fontenc.sty
Package: fontenc 2017/04/05 v2.0i Standard LaTeX package
(/usr/local/texlive/2018/texmf-dist/tex/latex/base/tuenc.def
File: tuenc.def 2017/04/05 v2.0i Standard LaTeX file
LaTeX Font Info:    Redeclaring font encoding TU on input line 82.
))
.................................................
. LaTeX info: "xparse/define-command"
. 
. Defining command \fontspec with sig. 'O{}mO{}' on line 542.
.................................................
.................................................
. LaTeX info: "xparse/define-command"
. 
. Defining command \setmainfont with sig. 'O{}mO{}' on line 546.
.................................................
.................................................
. LaTeX info: "xparse/define-command"
. 
. Defining command \setsansfont with sig. 'O{}mO{}' on line 550.
.................................................
.................................................
. LaTeX info: "xparse/define-command"
. 
. Defining command \setmonofont with sig. 'O{}mO{}' on line 554.
.................................................
.................................................
. LaTeX info: "xparse/define-command"
. 
. Defining command \setmathrm with sig. 'O{}mO{}' on line 558.
.................................................
.................................................
. LaTeX info: "xparse/define-command"
. 
. Defining command \setboldmathrm with sig. 'O{}mO{}' on line 562.
.................................................
.................................................
. LaTeX info: "xparse/define-command"
. 
. Defining command \setmathsf with sig. 'O{}mO{}' on line 566.
.................................................
.................................................
. LaTeX info: "xparse/define-command"
. 
. Defining command \setmathtt with sig. 'O{}mO{}' on line 570.
.................................................
.................................................
. LaTeX info: "xparse/define-command"
. 
. Defining command \setromanfont with sig. 'O{}mO{}' on line 574.
.................................................
.................................................
. LaTeX info: "xparse/define-command"
. 
. Defining command \newfontfamily with sig. 'mO{}mO{}' on line 578.
.................................................
.................................................
. LaTeX info: "xparse/define-command"
. 
. Defining command \newfontface with sig. 'mO{}mO{}' on line 582.
.................................................
.................................................
. LaTeX info: "xparse/define-command"
. 
. Defining command \defaultfontfeatures with sig. 't+om' on line 586.
.................................................
.................................................
. LaTeX info: "xparse/define-command"
. 
. Defining command \addfontfeatures with sig. 'm' on line 590.
.................................................
.................................................
. LaTeX info: "xparse/define-command"
. 
. Defining command \addfontfeature with sig. 'm' on line 594.
.................................................
.................................................
. LaTeX info: "xparse/define-command"
. 
. Defining command \newfontfeature with sig. 'mm' on line 598.
.................................................
.................................................
. LaTeX info: "xparse/define-command"
. 
. Defining command \newAATfeature with sig. 'mmmm' on line 602.
.................................................
.................................................
. LaTeX info: "xparse/define-command"
. 
. Defining command \newopentypefeature with sig. 'mmm' on line 606.
.................................................
.................................................
. LaTeX info: "xparse/define-command"
. 
. Defining command \newICUfeature with sig. 'mmm' on line 610.
.................................................
.................................................
. LaTeX info: "xparse/define-command"
. 
. Defining command \aliasfontfeature with sig. 'mm' on line 614.
.................................................
.................................................
. LaTeX info: "xparse/define-command"
. 
. Defining command \aliasfontfeatureoption with sig. 'mmm' on line 618.
.................................................
.................................................
. LaTeX info: "xparse/define-command"
. 
. Defining command \newfontscript with sig. 'mm' on line 622.
.................................................
.................................................
. LaTeX info: "xparse/define-command"
. 
. Defining command \newfontlanguage with sig. 'mm' on line 626.
.................................................
.................................................
. LaTeX info: "xparse/define-command"
. 
. Defining command \DeclareFontsExtensions with sig. 'm' on line 630.
.................................................
.................................................
. LaTeX info: "xparse/define-command"
. 
. Defining command \IfFontFeatureActiveTF with sig. 'mmm' on line 634.
.................................................
.................................................
. LaTeX info: "xparse/define-command"
. 
. Defining command \EncodingCommand with sig. 'mO{}m' on line 3632.
.................................................
.................................................
. LaTeX info: "xparse/define-command"
. 
. Defining command \EncodingAccent with sig. 'mm' on line 3638.
.................................................
.................................................
. LaTeX info: "xparse/define-command"
. 
. Defining command \EncodingSymbol with sig. 'mm' on line 3644.
.................................................
.................................................
. LaTeX info: "xparse/define-command"
. 
. Defining command \EncodingComposite with sig. 'mmm' on line 3650.
.................................................
.................................................
. LaTeX info: "xparse/define-command"
. 
. Defining command \EncodingCompositeCommand with sig. 'mmm' on line 3656.
.................................................
.................................................
. LaTeX info: "xparse/define-command"
. 
. Defining command \DeclareUnicodeEncoding with sig. 'mm' on line 3681.
.................................................
.................................................
. LaTeX info: "xparse/define-command"
. 
. Defining command \UndeclareSymbol with sig. 'm' on line 3687.
.................................................
.................................................
. LaTeX info: "xparse/define-command"
. 
. Defining command \UndeclareAccent with sig. 'm' on line 3693.
.................................................
.................................................
. LaTeX info: "xparse/define-command"
. 
. Defining command \UndeclareCommand with sig. 'm' on line 3699.
.................................................
.................................................
. LaTeX info: "xparse/define-command"
. 
. Defining command \UndeclareComposite with sig. 'mm' on line 3706.
.................................................
(/usr/local/texlive/2018/texmf-dist/tex/latex/fontspec/fontspec.cfg)
LaTeX Info: Redefining \itshape on input line 3891.
LaTeX Info: Redefining \slshape on input line 3896.
LaTeX Info: Redefining \scshape on input line 3901.
LaTeX Info: Redefining \upshape on input line 3906.
LaTeX Info: Redefining \em on input line 3936.
LaTeX Info: Redefining \emph on input line 3961.
LaTeX Info: Redefining \- on input line 4015.
.................................................
. LaTeX info: "xparse/redefine-command"
. 
. Redefining command \oldstylenums with sig. 'm' on line 4110.
.................................................
.................................................
. LaTeX info: "xparse/define-command"
. 
. Defining command \liningnums with sig. 'm' on line 4114.
.................................................
)) (/usr/local/texlive/2018/texmf-dist/tex/latex/xkeyval/xkeyval.sty
Package: xkeyval 2014/12/03 v2.7a package option processing (HA)
(/usr/local/texlive/2018/texmf-dist/tex/generic/xkeyval/xkeyval.tex (/usr/local
/texlive/2018/texmf-dist/tex/generic/xkeyval/xkvutils.tex
\XKV@toks=\toks20
\XKV@tempa@toks=\toks21
(/usr/local/texlive/2018/texmf-dist/tex/generic/xkeyval/keyval.tex))
\XKV@depth=\count194
File: xkeyval.tex 2014/12/03 v2.7a key=value parser (HA)
))
\c@eu@=\count195
\c@eu@i=\count196
\c@mkern=\count197
) (/usr/local/texlive/2018/texmf-dist/tex/latex/upquote/upquote.sty
Package: upquote 2012/04/19 v1.3 upright-quote and grave-accent glyphs in verba
tim
(/usr/local/texlive/2018/texmf-dist/tex/latex/base/textcomp.sty
Package: textcomp 2017/04/05 v2.0i Standard LaTeX package
Package textcomp Info: Sub-encoding information:
(textcomp)               5 = only ISO-Adobe without \textcurrency
(textcomp)               4 = 5 + \texteuro
(textcomp)               3 = 4 + \textohm
(textcomp)               2 = 3 + \textestimated + \textcurrency
(textcomp)               1 = TS1 - \textcircled - \t
(textcomp)               0 = TS1 (full)
(textcomp)             Font families with sub-encoding setting implement
(textcomp)             only a restricted character set as indicated.
(textcomp)             Family '?' is the default used for unknown fonts.
(textcomp)             See the documentation for details.
Package textcomp Info: Setting ? sub-encoding to TS1/1 on input line 79.
(/usr/local/texlive/2018/texmf-dist/tex/latex/base/ts1enc.def
File: ts1enc.def 2001/06/05 v3.0e (jk/car/fm) Standard LaTeX file
)
LaTeX Info: Redefining \oldstylenums on input line 334.
Package textcomp Info: Setting cmr sub-encoding to TS1/0 on input line 349.
Package textcomp Info: Setting cmss sub-encoding to TS1/0 on input line 350.
Package textcomp Info: Setting cmtt sub-encoding to TS1/0 on input line 351.
Package textcomp Info: Setting cmvtt sub-encoding to TS1/0 on input line 352.
Package textcomp Info: Setting cmbr sub-encoding to TS1/0 on input line 353.
Package textcomp Info: Setting cmtl sub-encoding to TS1/0 on input line 354.
Package textcomp Info: Setting ccr sub-encoding to TS1/0 on input line 355.
Package textcomp Info: Setting ptm sub-encoding to TS1/4 on input line 356.
Package textcomp Info: Setting pcr sub-encoding to TS1/4 on input line 357.
Package textcomp Info: Setting phv sub-encoding to TS1/4 on input line 358.
Package textcomp Info: Setting ppl sub-encoding to TS1/3 on input line 359.
Package textcomp Info: Setting pag sub-encoding to TS1/4 on input line 360.
Package textcomp Info: Setting pbk sub-encoding to TS1/4 on input line 361.
Package textcomp Info: Setting pnc sub-encoding to TS1/4 on input line 362.
Package textcomp Info: Setting pzc sub-encoding to TS1/4 on input line 363.
Package textcomp Info: Setting bch sub-encoding to TS1/4 on input line 364.
Package textcomp Info: Setting put sub-encoding to TS1/5 on input line 365.
Package textcomp Info: Setting uag sub-encoding to TS1/5 on input line 366.
Package textcomp Info: Setting ugq sub-encoding to TS1/5 on input line 367.
Package textcomp Info: Setting ul8 sub-encoding to TS1/4 on input line 368.
Package textcomp Info: Setting ul9 sub-encoding to TS1/4 on input line 369.
Package textcomp Info: Setting augie sub-encoding to TS1/5 on input line 370.
Package textcomp Info: Setting dayrom sub-encoding to TS1/3 on input line 371.
Package textcomp Info: Setting dayroms sub-encoding to TS1/3 on input line 372.

Package textcomp Info: Setting pxr sub-encoding to TS1/0 on input line 373.
Package textcomp Info: Setting pxss sub-encoding to TS1/0 on input line 374.
Package textcomp Info: Setting pxtt sub-encoding to TS1/0 on input line 375.
Package textcomp Info: Setting txr sub-encoding to TS1/0 on input line 376.
Package textcomp Info: Setting txss sub-encoding to TS1/0 on input line 377.
Package textcomp Info: Setting txtt sub-encoding to TS1/0 on input line 378.
Package textcomp Info: Setting lmr sub-encoding to TS1/0 on input line 379.
Package textcomp Info: Setting lmdh sub-encoding to TS1/0 on input line 380.
Package textcomp Info: Setting lmss sub-encoding to TS1/0 on input line 381.
Package textcomp Info: Setting lmssq sub-encoding to TS1/0 on input line 382.
Package textcomp Info: Setting lmvtt sub-encoding to TS1/0 on input line 383.
Package textcomp Info: Setting lmtt sub-encoding to TS1/0 on input line 384.
Package textcomp Info: Setting qhv sub-encoding to TS1/0 on input line 385.
Package textcomp Info: Setting qag sub-encoding to TS1/0 on input line 386.
Package textcomp Info: Setting qbk sub-encoding to TS1/0 on input line 387.
Package textcomp Info: Setting qcr sub-encoding to TS1/0 on input line 388.
Package textcomp Info: Setting qcs sub-encoding to TS1/0 on input line 389.
Package textcomp Info: Setting qpl sub-encoding to TS1/0 on input line 390.
Package textcomp Info: Setting qtm sub-encoding to TS1/0 on input line 391.
Package textcomp Info: Setting qzc sub-encoding to TS1/0 on input line 392.
Package textcomp Info: Setting qhvc sub-encoding to TS1/0 on input line 393.
Package textcomp Info: Setting futs sub-encoding to TS1/4 on input line 394.
Package textcomp Info: Setting futx sub-encoding to TS1/4 on input line 395.
Package textcomp Info: Setting futj sub-encoding to TS1/4 on input line 396.
Package textcomp Info: Setting hlh sub-encoding to TS1/3 on input line 397.
Package textcomp Info: Setting hls sub-encoding to TS1/3 on input line 398.
Package textcomp Info: Setting hlst sub-encoding to TS1/3 on input line 399.
Package textcomp Info: Setting hlct sub-encoding to TS1/5 on input line 400.
Package textcomp Info: Setting hlx sub-encoding to TS1/5 on input line 401.
Package textcomp Info: Setting hlce sub-encoding to TS1/5 on input line 402.
Package textcomp Info: Setting hlcn sub-encoding to TS1/5 on input line 403.
Package textcomp Info: Setting hlcw sub-encoding to TS1/5 on input line 404.
Package textcomp Info: Setting hlcf sub-encoding to TS1/5 on input line 405.
Package textcomp Info: Setting pplx sub-encoding to TS1/3 on input line 406.
Package textcomp Info: Setting pplj sub-encoding to TS1/3 on input line 407.
Package textcomp Info: Setting ptmx sub-encoding to TS1/4 on input line 408.
Package textcomp Info: Setting ptmj sub-encoding to TS1/4 on input line 409.
)) (/usr/local/texlive/2018/texmf-dist/tex/latex/microtype/microtype.sty
Package: microtype 2018/01/14 v2.7a Micro-typographical refinements (RS)
\MT@toks=\toks22
\MT@count=\count198
LaTeX Info: Redefining \textls on input line 793.
\MT@outer@kern=\dimen146
LaTeX Info: Redefining \textmicrotypecontext on input line 1339.
\MT@listname@count=\count199
(/usr/local/texlive/2018/texmf-dist/tex/latex/microtype/microtype-xetex.def
File: microtype-xetex.def 2018/01/14 v2.7a Definitions specific to xetex (RS)
LaTeX Info: Redefining \lsstyle on input line 256.
)
Package microtype Info: Loading configuration file microtype.cfg.
(/usr/local/texlive/2018/texmf-dist/tex/latex/microtype/microtype.cfg
File: microtype.cfg 2018/01/14 v2.7a microtype main configuration file (RS)
)) (/usr/local/texlive/2018/texmf-dist/tex/latex/hyperref/hyperref.sty
Package: hyperref 2018/02/06 v6.86b Hypertext links for LaTeX
(/usr/local/texlive/2018/texmf-dist/tex/generic/oberdiek/hobsub-hyperref.sty
Package: hobsub-hyperref 2016/05/16 v1.14 Bundle oberdiek, subset hyperref (HO)

(/usr/local/texlive/2018/texmf-dist/tex/generic/oberdiek/hobsub-generic.sty
Package: hobsub-generic 2016/05/16 v1.14 Bundle oberdiek, subset generic (HO)
Package: hobsub 2016/05/16 v1.14 Construct package bundles (HO)
Package: infwarerr 2016/05/16 v1.4 Providing info/warning/error messages (HO)
Package: ltxcmds 2016/05/16 v1.23 LaTeX kernel commands for general use (HO)
Package hobsub Info: Skipping package `ifluatex' (already loaded).
Package: ifvtex 2016/05/16 v1.6 Detect VTeX and its facilities (HO)
Package ifvtex Info: VTeX not detected.
Package: intcalc 2016/05/16 v1.2 Expandable calculations with integers (HO)
Package: ifpdf 2017/03/15 v3.2 Provides the ifpdf switch
Package: etexcmds 2016/05/16 v1.6 Avoid name clashes with e-TeX commands (HO)
Package etexcmds Info: Could not find \expanded.
(etexcmds)             That can mean that you are not using pdfTeX 1.50 or
(etexcmds)             that some package has redefined \expanded.
(etexcmds)             In the latter case, load this package earlier.
Package: kvsetkeys 2016/05/16 v1.17 Key value parser (HO)
Package: kvdefinekeys 2016/05/16 v1.4 Define keys (HO)
Package: pdftexcmds 2018/01/30 v0.27 Utility functions of pdfTeX for LuaTeX (HO
)
Package pdftexcmds Info: LuaTeX not detected.
Package pdftexcmds Info: pdfTeX >= 1.30 not detected.
Package pdftexcmds Info: \pdf@primitive is available.
Package pdftexcmds Info: \pdf@ifprimitive is available.
Package pdftexcmds Info: \pdfdraftmode not found.
Package: pdfescape 2016/05/16 v1.14 Implements pdfTeX's escape features (HO)
Package: bigintcalc 2016/05/16 v1.4 Expandable calculations on big integers (HO
)
Package: bitset 2016/05/16 v1.2 Handle bit-vector datatype (HO)
Package: uniquecounter 2016/05/16 v1.3 Provide unlimited unique counter (HO)
)
Package hobsub Info: Skipping package `hobsub' (already loaded).
Package: letltxmacro 2016/05/16 v1.5 Let assignment for LaTeX macros (HO)
Package: hopatch 2016/05/16 v1.3 Wrapper for package hooks (HO)
Package: xcolor-patch 2016/05/16 xcolor patch
Package: atveryend 2016/05/16 v1.9 Hooks at the very end of document (HO)
Package: atbegshi 2016/06/09 v1.18 At begin shipout hook (HO)
Package: refcount 2016/05/16 v3.5 Data extraction from label references (HO)
Package: hycolor 2016/05/16 v1.8 Color options for hyperref/bookmark (HO)
) (/usr/local/texlive/2018/texmf-dist/tex/latex/oberdiek/auxhook.sty
Package: auxhook 2016/05/16 v1.4 Hooks for auxiliary files (HO)
) (/usr/local/texlive/2018/texmf-dist/tex/latex/oberdiek/kvoptions.sty
Package: kvoptions 2016/05/16 v3.12 Key value format for package options (HO)
)
\@linkdim=\dimen147
\Hy@linkcounter=\count266
\Hy@pagecounter=\count267
(/usr/local/texlive/2018/texmf-dist/tex/latex/hyperref/pd1enc.def
File: pd1enc.def 2018/02/06 v6.86b Hyperref: PDFDocEncoding definition (HO)
)
\Hy@SavedSpaceFactor=\count268
(/usr/local/texlive/2018/texmf-dist/tex/latex/latexconfig/hyperref.cfg
File: hyperref.cfg 2002/06/06 v1.2 hyperref configuration of TeXLive
)
Package hyperref Info: Hyper figures OFF on input line 4509.
Package hyperref Info: Link nesting OFF on input line 4514.
Package hyperref Info: Hyper index ON on input line 4517.
Package hyperref Info: Plain pages OFF on input line 4524.
Package hyperref Info: Backreferencing OFF on input line 4529.
Package hyperref Info: Implicit mode ON; LaTeX internals redefined.
Package hyperref Info: Bookmarks ON on input line 4762.
\c@Hy@tempcnt=\count269
(/usr/local/texlive/2018/texmf-dist/tex/latex/url/url.sty
\Urlmuskip=\muskip17
Package: url 2013/09/16  ver 3.4  Verb mode for urls, etc.
)
LaTeX Info: Redefining \url on input line 5115.
\XeTeXLinkMargin=\dimen148
\Fld@menulength=\count270
\Field@Width=\dimen149
\Fld@charsize=\dimen150
Package hyperref Info: Hyper figures OFF on input line 6369.
Package hyperref Info: Link nesting OFF on input line 6374.
Package hyperref Info: Hyper index ON on input line 6377.
Package hyperref Info: backreferencing OFF on input line 6384.
Package hyperref Info: Link coloring OFF on input line 6389.
Package hyperref Info: Link coloring with OCG OFF on input line 6394.
Package hyperref Info: PDF/A mode OFF on input line 6399.
LaTeX Info: Redefining \ref on input line 6439.
LaTeX Info: Redefining \pageref on input line 6443.
\Hy@abspage=\count271
\c@Item=\count272
\c@Hfootnote=\count273
)
Package hyperref Info: Driver (autodetected): hxetex.
(/usr/local/texlive/2018/texmf-dist/tex/latex/hyperref/hxetex.def
File: hxetex.def 2018/02/06 v6.86b Hyperref driver for XeTeX
(/usr/local/texlive/2018/texmf-dist/tex/latex/hyperref/puenc.def
File: puenc.def 2018/02/06 v6.86b Hyperref: PDF Unicode definition (HO)
) (/usr/local/texlive/2018/texmf-dist/tex/generic/oberdiek/stringenc.sty
Package: stringenc 2016/05/16 v1.11 Convert strings between diff. encodings (HO
)
)
\pdfm@box=\box43
\c@Hy@AnnotLevel=\count274
\HyField@AnnotCount=\count275
\Fld@listcount=\count276
\c@bookmark@seq@number=\count277
(/usr/local/texlive/2018/texmf-dist/tex/latex/oberdiek/rerunfilecheck.sty
Package: rerunfilecheck 2016/05/16 v1.8 Rerun checks for auxiliary files (HO)
Package uniquecounter Info: New unique counter `rerunfilecheck' on input line 2
82.
)
\Hy@SectionHShift=\skip52
)
Package hyperref Info: Option `unicode' set `true' on input line 33.
(/usr/local/texlive/2018/texmf-dist/tex/generic/oberdiek/se-ascii-print.def
File: se-ascii-print.def 2016/05/16 v1.11 stringenc: Printable ASCII characters

)
Package hyperref Info: Option `colorlinks' set `true' on input line 33.
Package hyperref Info: Option `breaklinks' set `true' on input line 33.
(/usr/local/texlive/2018/texmf-dist/tex/latex/polyglossia/polyglossia.sty
Package: polyglossia 2018/04/07 v1.43 Alternative to Babel for XeLaTeX and LuaL
aTeX
(/usr/local/texlive/2018/texmf-dist/tex/latex/makecmds/makecmds.sty
Package: makecmds 2009/09/03 v1.0a extra command making commands
)
\xpg@normalclass=\XeTeXcharclass1
) (/usr/local/texlive/2018/texmf-dist/tex/latex/polyglossia/gloss-spanish.ldf
File: gloss-spanish.ldf polyglossia: module for spanish
)
Package polyglossia Info: Default language is spanish.
(/usr/local/texlive/2018/texmf-dist/tex/latex/biblatex/biblatex.sty
Package: biblatex 2018/03/04 v3.11 programmable bibliographies (PK/MW)
(/usr/local/texlive/2018/texmf-dist/tex/latex/logreq/logreq.sty
Package: logreq 2010/08/04 v1.0 xml request logger
\lrq@indent=\count278
(/usr/local/texlive/2018/texmf-dist/tex/latex/logreq/logreq.def
File: logreq.def 2010/08/04 v1.0 logreq spec v1.0
)) (/usr/local/texlive/2018/texmf-dist/tex/latex/base/ifthen.sty
Package: ifthen 2014/09/29 v1.1c Standard LaTeX ifthen package (DPC)
) (/usr/local/texlive/2018/texmf-dist/tex/generic/xstring/xstring.sty (/usr/loc
al/texlive/2018/texmf-dist/tex/generic/xstring/xstring.tex
\@xs@message=\write3
\integerpart=\count279
\decimalpart=\count280
)
Package: xstring 2013/10/13  v1.7c  String manipulations (C Tellechea)
)
\c@tabx@nest=\count281
\c@listtotal=\count282
\c@listcount=\count283
\c@liststart=\count284
\c@liststop=\count285
\c@citecount=\count286
\c@citetotal=\count287
\c@multicitecount=\count288
\c@multicitetotal=\count289
\c@instcount=\count290
\c@maxnames=\count291
\c@minnames=\count292
\c@maxitems=\count293
\c@minitems=\count294
\c@citecounter=\count295
\c@savedcitecounter=\count296
\c@uniquelist=\count297
\c@uniquename=\count298
\c@refsection=\count299
\c@refsegment=\count300
\c@maxextratitle=\count301
\c@maxextratitleyear=\count302
\c@maxextradate=\count303
\c@maxextraalpha=\count304
\c@abbrvpenalty=\count305
\c@highnamepenalty=\count306
\c@lownamepenalty=\count307
\c@maxparens=\count308
\c@parenlevel=\count309
\blx@tempcnta=\count310
\blx@tempcntb=\count311
\blx@tempcntc=\count312
\blx@maxsection=\count313
\blx@maxsegment@0=\count314
\blx@notetype=\count315
\blx@parenlevel@text=\count316
\blx@parenlevel@foot=\count317
\blx@sectionciteorder@0=\count318
\labelnumberwidth=\skip53
\labelalphawidth=\skip54
\biblabelsep=\skip55
\bibitemsep=\skip56
\bibnamesep=\skip57
\bibinitsep=\skip58
\bibparsep=\skip59
\bibhang=\skip60
\blx@bcfin=\read2
\blx@bcfout=\write4
\c@mincomprange=\count319
\c@maxcomprange=\count320
\c@mincompwidth=\count321
Package biblatex Info: Trying to load biblatex default data model...
Package biblatex Info: ... file 'blx-dm.def' found.
(/usr/local/texlive/2018/texmf-dist/tex/latex/biblatex/blx-dm.def
File: blx-dm.def 2018/03/04 v3.11 biblatex localization (PK/MW)
)
Package biblatex Info: Trying to load biblatex style data model...
Package biblatex Info: ... file 'authoryear.dbx' not found.
Package biblatex Info: Trying to load biblatex custom data model...
Package biblatex Info: ... file 'biblatex-dm.cfg' not found.
\c@afterword=\count322
\c@savedafterword=\count323
\c@annotator=\count324
\c@savedannotator=\count325
\c@author=\count326
\c@savedauthor=\count327
\c@bookauthor=\count328
\c@savedbookauthor=\count329
\c@commentator=\count330
\c@savedcommentator=\count331
\c@editor=\count332
\c@savededitor=\count333
\c@editora=\count334
\c@savededitora=\count335
\c@editorb=\count336
\c@savededitorb=\count337
\c@editorc=\count338
\c@savededitorc=\count339
\c@foreword=\count340
\c@savedforeword=\count341
\c@holder=\count342
\c@savedholder=\count343
\c@introduction=\count344
\c@savedintroduction=\count345
\c@namea=\count346
\c@savednamea=\count347
\c@nameb=\count348
\c@savednameb=\count349
\c@namec=\count350
\c@savednamec=\count351
\c@translator=\count352
\c@savedtranslator=\count353
\c@shortauthor=\count354
\c@savedshortauthor=\count355
\c@shorteditor=\count356
\c@savedshorteditor=\count357
\c@labelname=\count358
\c@savedlabelname=\count359
\c@institution=\count360
\c@savedinstitution=\count361
\c@lista=\count362
\c@savedlista=\count363
\c@listb=\count364
\c@savedlistb=\count365
\c@listc=\count366
\c@savedlistc=\count367
\c@listd=\count368
\c@savedlistd=\count369
\c@liste=\count370
\c@savedliste=\count371
\c@listf=\count372
\c@savedlistf=\count373
\c@location=\count374
\c@savedlocation=\count375
\c@organization=\count376
\c@savedorganization=\count377
\c@origlocation=\count378
\c@savedoriglocation=\count379
\c@origpublisher=\count380
\c@savedorigpublisher=\count381
\c@publisher=\count382
\c@savedpublisher=\count383
\c@language=\count384
\c@savedlanguage=\count385
\c@origlanguage=\count386
\c@savedoriglanguage=\count387
\c@pageref=\count388
\c@savedpageref=\count389
\shorthandwidth=\skip61
\shortjournalwidth=\skip62
\shortserieswidth=\skip63
\shorttitlewidth=\skip64
\shortauthorwidth=\skip65
\shorteditorwidth=\skip66
\locallabelnumberwidth=\skip67
\locallabelalphawidth=\skip68
\localshorthandwidth=\skip69
\localshortjournalwidth=\skip70
\localshortserieswidth=\skip71
\localshorttitlewidth=\skip72
\localshortauthorwidth=\skip73
\localshorteditorwidth=\skip74
Package biblatex Info: Trying to load enhanced support for Unicode engines...
Package biblatex Info: ... file 'blx-unicode.def' found.
(/usr/local/texlive/2018/texmf-dist/tex/latex/biblatex/blx-unicode.def)
Package biblatex Info: Trying to load compatibility code...
Package biblatex Info: ... file 'blx-compat.def' found.
(/usr/local/texlive/2018/texmf-dist/tex/latex/biblatex/blx-compat.def
File: blx-compat.def 2018/03/04 v3.11 biblatex compatibility (PK/MW)
)
Package biblatex Info: Trying to load generic definitions...
Package biblatex Info: ... file 'biblatex.def' found.
(/usr/local/texlive/2018/texmf-dist/tex/latex/biblatex/biblatex.def
File: biblatex.def 2018/03/04 v3.11 biblatex compatibility (PK/MW)
\c@textcitecount=\count390
\c@textcitetotal=\count391
\c@textcitemaxnames=\count392
\c@biburlnumpenalty=\count393
\c@biburlucpenalty=\count394
\c@biburllcpenalty=\count395
\c@smartand=\count396
)
Package biblatex Info: Trying to load bibliography style 'authoryear'...
Package biblatex Info: ... file 'authoryear.bbx' found.
(/usr/local/texlive/2018/texmf-dist/tex/latex/biblatex/bbx/authoryear.bbx
File: authoryear.bbx 2018/03/04 v3.11 biblatex bibliography style (PK/MW)
Package biblatex Info: Trying to load bibliography style 'standard'...
Package biblatex Info: ... file 'standard.bbx' found.
(/usr/local/texlive/2018/texmf-dist/tex/latex/biblatex/bbx/standard.bbx
File: standard.bbx 2018/03/04 v3.11 biblatex bibliography style (PK/MW)
\c@bbx:relatedcount=\count397
\c@bbx:relatedtotal=\count398
))
Package biblatex Info: Trying to load citation style 'authoryear'...
Package biblatex Info: ... file 'authoryear.cbx' found.
(/usr/local/texlive/2018/texmf-dist/tex/latex/biblatex/cbx/authoryear.cbx
File: authoryear.cbx 2018/03/04 v3.11 biblatex citation style (PK/MW)
Package biblatex Info: Redefining '\cite'.
Package biblatex Info: Redefining '\parencite'.
Package biblatex Info: Redefining '\footcite'.
Package biblatex Info: Redefining '\footcitetext'.
Package biblatex Info: Redefining '\smartcite'.
Package biblatex Info: Redefining '\textcite'.
Package biblatex Info: Redefining '\textcites'.
)
Package biblatex Info: Trying to load configuration file...
Package biblatex Info: ... file 'biblatex.cfg' found.
(/usr/local/texlive/2018/texmf-dist/tex/latex/biblatex/biblatex.cfg
File: biblatex.cfg 
)) (/usr/local/texlive/2018/texmf-dist/tex/latex/tools/longtable.sty
Package: longtable 2014/10/28 v4.11 Multi-page Table package (DPC)
\LTleft=\skip75
\LTright=\skip76
\LTpre=\skip77
\LTpost=\skip78
\LTchunksize=\count399
\LTcapwidth=\dimen151
\LT@head=\box44
\LT@firsthead=\box45
\LT@foot=\box46
\LT@lastfoot=\box47
\LT@cols=\count400
\LT@rows=\count401
\c@LT@tables=\count402
\c@LT@chunks=\count403
\LT@p@ftn=\toks23
) (/usr/local/texlive/2018/texmf-dist/tex/latex/booktabs/booktabs.sty
Package: booktabs 2016/04/27 v1.618033 publication quality tables
\heavyrulewidth=\dimen152
\lightrulewidth=\dimen153
\cmidrulewidth=\dimen154
\belowrulesep=\dimen155
\belowbottomsep=\dimen156
\aboverulesep=\dimen157
\abovetopsep=\dimen158
\cmidrulesep=\dimen159
\cmidrulekern=\dimen160
\defaultaddspace=\dimen161
\@cmidla=\count404
\@cmidlb=\count405
\@aboverulesep=\dimen162
\@belowrulesep=\dimen163
\@thisruleclass=\count406
\@lastruleclass=\count407
\@thisrulewidth=\dimen164
) (/usr/local/texlive/2018/texmf-dist/tex/latex/graphics/graphicx.sty
Package: graphicx 2017/06/01 v1.1a Enhanced LaTeX Graphics (DPC,SPQR)
(/usr/local/texlive/2018/texmf-dist/tex/latex/graphics/graphics.sty
Package: graphics 2017/06/25 v1.2c Standard LaTeX Graphics (DPC,SPQR)
(/usr/local/texlive/2018/texmf-dist/tex/latex/graphics/trig.sty
Package: trig 2016/01/03 v1.10 sin cos tan (DPC)
) (/usr/local/texlive/2018/texmf-dist/tex/latex/graphics-cfg/graphics.cfg
File: graphics.cfg 2016/06/04 v1.11 sample graphics configuration
)
Package graphics Info: Driver file: xetex.def on input line 99.
(/usr/local/texlive/2018/texmf-dist/tex/latex/graphics-def/xetex.def
File: xetex.def 2017/06/24 v5.0h Graphics/color driver for xetex
))
\Gin@req@height=\dimen165
\Gin@req@width=\dimen166
) (/usr/local/texlive/2018/texmf-dist/tex/latex/oberdiek/grffile.sty
Package: grffile 2017/06/30 v1.18 Extended file name support for graphics (HO)
Package grffile Info: Option `multidot' is set to `true'.
Package grffile Info: Option `extendedchars' is set to `false'.
Package grffile Info: Option `space' is set to `true'.
Package grffile Info: \Gin@ii of package `graphicx' fixed on input line 494.
) (/usr/local/texlive/2018/texmf-dist/tex/latex/parskip/parskip.sty
Package: parskip 2001/04/09 non-zero parskip adjustments
) (/usr/local/texlive/2018/texmf-dist/tex/latex/titling/titling.sty
Package: titling 2009/09/04 v2.1d maketitle typesetting
\thanksmarkwidth=\skip79
\thanksmargin=\skip80
\droptitle=\skip81
) (/usr/local/texlive/2018/texmf-dist/tex/latex/setspace/setspace.sty
Package: setspace 2011/12/19 v6.7a set line spacing
) (/usr/local/texlive/2018/texmf-dist/tex/latex/oberdiek/pdflscape.sty
Package: pdflscape 2016/05/14 v0.11 Display of landscape pages in PDF (HO)
(/usr/local/texlive/2018/texmf-dist/tex/latex/graphics/lscape.sty
Package: lscape 2000/10/22 v3.01 Landscape Pages (DPC)
)
Package pdflscape Info: Auto-detected driver: dvipdfm (xetex) on input line 99.

) (/usr/local/texlive/2018/texmf-dist/tex/latex/amscls/amsthm.sty
Package: amsthm 2017/10/31 v2.20.4
\thm@style=\toks24
\thm@bodyfont=\toks25
\thm@headfont=\toks26
\thm@notefont=\toks27
\thm@headpunct=\toks28
\thm@preskip=\skip82
\thm@postskip=\skip83
\thm@headsep=\skip84
\dth@everypar=\toks29
)
Package biblatex Info: Trying to load language 'spanish'...
Package biblatex Info: ... file 'spanish.lbx' found.
(/usr/local/texlive/2018/texmf-dist/tex/latex/biblatex/lbx/spanish.lbx
File: spanish.lbx 2018/03/04 v3.11 biblatex localization (PK/MW)
)

Package biblatex Warning: 'babel/polyglossia' detected but 'csquotes' missing.
(biblatex)                Loading 'csquotes' recommended.

\@quotelevel=\count408
\@quotereset=\count409
(./EH-CEPAL.aux)
\openout1 = `EH-CEPAL.aux'.

LaTeX Font Info:    Checking defaults for OML/cmm/m/it on input line 116.
LaTeX Font Info:    ... okay on input line 116.
LaTeX Font Info:    Checking defaults for T1/cmr/m/n on input line 116.
LaTeX Font Info:    ... okay on input line 116.
LaTeX Font Info:    Checking defaults for OT1/cmr/m/n on input line 116.
LaTeX Font Info:    ... okay on input line 116.
LaTeX Font Info:    Checking defaults for OMS/cmsy/m/n on input line 116.
LaTeX Font Info:    ... okay on input line 116.
LaTeX Font Info:    Checking defaults for TU/lmr/m/n on input line 116.
LaTeX Font Info:    ... okay on input line 116.
LaTeX Font Info:    Checking defaults for OMX/cmex/m/n on input line 116.
LaTeX Font Info:    ... okay on input line 116.
LaTeX Font Info:    Checking defaults for U/cmr/m/n on input line 116.
LaTeX Font Info:    ... okay on input line 116.
LaTeX Font Info:    Checking defaults for TS1/cmr/m/n on input line 116.
LaTeX Font Info:    Try loading font information for TS1+cmr on input line 116.

(/usr/local/texlive/2018/texmf-dist/tex/latex/base/ts1cmr.fd
File: ts1cmr.fd 2014/09/29 v2.5h Standard LaTeX font definitions
)
LaTeX Font Info:    ... okay on input line 116.
LaTeX Font Info:    Checking defaults for PD1/pdf/m/n on input line 116.
LaTeX Font Info:    ... okay on input line 116.
LaTeX Font Info:    Checking defaults for PU/pdf/m/n on input line 116.
LaTeX Font Info:    ... okay on input line 116.
LaTeX Info: Redefining \microtypecontext on input line 116.
Package microtype Info: Character protrusion enabled (level 2).
Package microtype Info: Using protrusion set `basicmath'.
Package microtype Info: No adjustment of tracking.
Package microtype Info: No adjustment of spacing.
Package microtype Info: No adjustment of kerning.

(/usr/local/texlive/2018/texmf-dist/tex/latex/microtype/mt-LatinModernRoman.cfg
File: mt-LatinModernRoman.cfg 2013/03/13 v1.0 microtype config. file: Latin Mod
ern Roman (RS)
)
\AtBeginShipoutBox=\box48
(/usr/local/texlive/2018/texmf-dist/tex/latex/graphics/color.sty
Package: color 2016/07/10 v1.1e Standard LaTeX Color (DPC)
LaTeX Info: Redefining \color on input line 86.
(/usr/local/texlive/2018/texmf-dist/tex/latex/graphics-cfg/color.cfg
File: color.cfg 2016/01/02 v1.6 sample color configuration
)
Package color Info: Driver file: xetex.def on input line 147.
(/usr/local/texlive/2018/texmf-dist/tex/latex/graphics/dvipsnam.def
File: dvipsnam.def 2016/06/17 v3.0m Driver-dependent file (DPC,SPQR)
))
Package hyperref Info: Link coloring ON on input line 116.
(/usr/local/texlive/2018/texmf-dist/tex/latex/hyperref/nameref.sty
Package: nameref 2016/05/21 v2.44 Cross-referencing by name of section
(/usr/local/texlive/2018/texmf-dist/tex/generic/oberdiek/gettitlestring.sty
Package: gettitlestring 2016/05/16 v1.5 Cleanup title references (HO)
)
\c@section@level=\count410
)
LaTeX Info: Redefining \ref on input line 116.
LaTeX Info: Redefining \pageref on input line 116.
LaTeX Info: Redefining \nameref on input line 116.
(./EH-CEPAL.out) (./EH-CEPAL.out)
\@outlinefile=\write5
\openout5 = `EH-CEPAL.out'.

Package biblatex Info: XeTeX detected.
(biblatex)             Assuming input encoding 'utf8'.
Package biblatex Info: Automatic encoding selection.
(biblatex)             Assuming data encoding 'utf8'.
\openout4 = `EH-CEPAL.bcf'.

Package biblatex Info: Trying to load bibliographic data...
Package biblatex Info: ... file 'EH-CEPAL.bbl' found.
(./EH-CEPAL.bbl

Package biblatex Warning: The following entry could not be found
(biblatex)                in the database:
(biblatex)                Caceres_2015
(biblatex)                Please verify the spelling and rerun
(biblatex)                LaTeX afterwards.


Package biblatex Warning: The following entry could not be found
(biblatex)                in the database:
(biblatex)                Fuller_1990
(biblatex)                Please verify the spelling and rerun
(biblatex)                LaTeX afterwards.


Package biblatex Warning: The following entry could not be found
(biblatex)                in the database:
(biblatex)                IBGE_2014
(biblatex)                Please verify the spelling and rerun
(biblatex)                LaTeX afterwards.


Package biblatex Warning: The following entry could not be found
(biblatex)                in the database:
(biblatex)                INE_ES_2002
(biblatex)                Please verify the spelling and rerun
(biblatex)                LaTeX afterwards.


Package biblatex Warning: The following entry could not be found
(biblatex)                in the database:
(biblatex)                SSW_2003
(biblatex)                Please verify the spelling and rerun
(biblatex)                LaTeX afterwards.


Package biblatex Warning: The following entry could not be found
(biblatex)                in the database:
(biblatex)                Train_Cahoon_Makens_1978
(biblatex)                Please verify the spelling and rerun
(biblatex)                LaTeX afterwards.

)
Package biblatex Info: Reference section=0 on input line 116.
Package biblatex Info: Reference segment=0 on input line 116.
LaTeX Font Info:    Try loading font information for OT1+lmr on input line 117.

(/usr/local/texlive/2018/texmf-dist/tex/latex/lm/ot1lmr.fd
File: ot1lmr.fd 2009/10/30 v1.6 Font defs for Latin Modern
)
Package microtype Info: Loading generic protrusion settings for font family
(microtype)             `lmr' (encoding: OT1).
(microtype)             For optimal results, create family-specific settings.
(microtype)             See the microtype manual for details.
LaTeX Font Info:    Try loading font information for OML+lmm on input line 117.

(/usr/local/texlive/2018/texmf-dist/tex/latex/lm/omllmm.fd
File: omllmm.fd 2009/10/30 v1.6 Font defs for Latin Modern
)
LaTeX Font Info:    Try loading font information for OMS+lmsy on input line 117
.
(/usr/local/texlive/2018/texmf-dist/tex/latex/lm/omslmsy.fd
File: omslmsy.fd 2009/10/30 v1.6 Font defs for Latin Modern
)
LaTeX Font Info:    Try loading font information for OMX+lmex on input line 117
.
(/usr/local/texlive/2018/texmf-dist/tex/latex/lm/omxlmex.fd
File: omxlmex.fd 2009/10/30 v1.6 Font defs for Latin Modern
)
LaTeX Font Info:    External font `lmex10' loaded for size
(Font)              <14.4> on input line 117.
LaTeX Font Info:    External font `lmex10' loaded for size
(Font)              <10> on input line 117.
LaTeX Font Info:    External font `lmex10' loaded for size
(Font)              <7> on input line 117.
LaTeX Font Info:    Try loading font information for U+msa on input line 117.
(/usr/local/texlive/2018/texmf-dist/tex/latex/amsfonts/umsa.fd
File: umsa.fd 2013/01/14 v3.01 AMS symbols A
) (/usr/local/texlive/2018/texmf-dist/tex/latex/microtype/mt-msa.cfg
File: mt-msa.cfg 2006/02/04 v1.1 microtype config. file: AMS symbols (a) (RS)
)
LaTeX Font Info:    Try loading font information for U+msb on input line 117.
(/usr/local/texlive/2018/texmf-dist/tex/latex/amsfonts/umsb.fd
File: umsb.fd 2013/01/14 v3.01 AMS symbols B
) (/usr/local/texlive/2018/texmf-dist/tex/latex/microtype/mt-msb.cfg
File: mt-msb.cfg 2005/06/01 v1.0 microtype config. file: AMS symbols (b) (RS)
)
LaTeX Font Info:    External font `lmex10' loaded for size
(Font)              <10.95> on input line 117.
LaTeX Font Info:    External font `lmex10' loaded for size
(Font)              <8> on input line 117.
LaTeX Font Info:    External font `lmex10' loaded for size
(Font)              <6> on input line 117.
[1


] [2

] (./EH-CEPAL.toc
LaTeX Font Info:    External font `lmex10' loaded for size
(Font)              <12> on input line 11.
[3])
\tf@toc=\write6
\openout6 = `EH-CEPAL.toc'.

[4] (./EH-CEPAL.lot)
\tf@lot=\write7
\openout7 = `EH-CEPAL.lot'.

[5

] [6

] (./EH-CEPAL.lof
Underfull \vbox (badness 10000) has occurred while \output is active []

[7])
\tf@lof=\write8
\openout8 = `EH-CEPAL.lof'.

[8] [9

] [10

]
Captulo 1.
[11] [12] [13] [14] [15]
File: Pics/1.pdf Graphic file (type pdf)
<use Pics/1.pdf>

LaTeX Warning: Float too large for page by 41.48062pt on input line 187.

[16] [17] [18]
Captulo 2.
[19

] [20] [21]
Overfull \hbox (19.87207pt too wide) in alignment at lines 223--227
 [] [] [] [] [] [] [] 
 []


Overfull \hbox (19.87207pt too wide) in alignment at lines 227--235
 [] [] [] [] [] [] [] 
 []

[22]
Overfull \hbox (19.87207pt too wide) in alignment at lines 242--246
 [] [] [] [] [] [] [] 
 []


Overfull \hbox (19.87207pt too wide) in alignment at lines 246--254
 [] [] [] [] [] [] [] 
 []

[23]
Overfull \hbox (19.87207pt too wide) in alignment at lines 261--265
 [] [] [] [] [] [] [] 
 []


Overfull \hbox (19.87207pt too wide) in alignment at lines 265--273
 [] [] [] [] [] [] [] 
 []


Overfull \hbox (19.87207pt too wide) in alignment at lines 280--284
 [] [] [] [] [] [] [] 
 []


Overfull \hbox (19.87207pt too wide) in alignment at lines 284--293
 [] [] [] [] [] [] [] 
 []

[24]
Overfull \hbox (19.87207pt too wide) in alignment at lines 300--304
 [] [] [] [] [] [] [] 
 []


Overfull \hbox (19.87207pt too wide) in alignment at lines 304--314
 [] [] [] [] [] [] [] 
 []


Underfull \vbox (badness 10000) has occurred while \output is active []

[25]
LaTeX Font Info:    External font `lmex10' loaded for size
(Font)              <5> on input line 321.
[26] [27] [28] [29] [30] [31] [32] [33] [34] [35] [36

]
Captulo 3.
[37] [38]
Overfull \hbox (9.46683pt too wide) has occurred while \output is active
\TU/lmr/m/sl/12 I.  MARCOS DE MUESTREO: ESTRATIFICACIN Y AGLOMERACIN \TU/lmr/
m/n/12 39
 []

[39]
Underfull \vbox (badness 4752) has occurred while \output is active []

[40]
Overfull \hbox (9.46683pt too wide) has occurred while \output is active
\TU/lmr/m/sl/12 I.  MARCOS DE MUESTREO: ESTRATIFICACIN Y AGLOMERACIN \TU/lmr/
m/n/12 41
 []

[41] [42] [43] [44] [45] [46] [47] [48] [49] [50]
Overfull \hbox (63.41634pt too wide) has occurred while \output is active
\TU/lmr/m/sl/12 III.  EL DISEO DE MUESTREO ESTNDAR EN UNA ENCUESTA DE HOGARES
 \TU/lmr/m/n/12 51
 []

[51] [52]
Overfull \hbox (63.41634pt too wide) has occurred while \output is active
\TU/lmr/m/sl/12 III.  EL DISEO DE MUESTREO ESTNDAR EN UNA ENCUESTA DE HOGARES
 \TU/lmr/m/n/12 53
 []

[53] [54

]
Captulo 4.
[55] [56] [57] [58]
Overfull \hbox (107.48294pt too wide) has occurred while \output is active
\TU/lmr/m/sl/12 I.  PRIMER ESCENARIO: TAMAO DE MUESTRA PARA UPM, HOGARES Y PER
SONAS \TU/lmr/m/n/12 59
 []

[59] [60]
Overfull \hbox (107.48294pt too wide) has occurred while \output is active
\TU/lmr/m/sl/12 I.  PRIMER ESCENARIO: TAMAO DE MUESTRA PARA UPM, HOGARES Y PER
SONAS \TU/lmr/m/n/12 61
 []

[61] [62]
Overfull \hbox (107.48294pt too wide) has occurred while \output is active
\TU/lmr/m/sl/12 I.  PRIMER ESCENARIO: TAMAO DE MUESTRA PARA UPM, HOGARES Y PER
SONAS \TU/lmr/m/n/12 63
 []

[63] [64]
Overfull \hbox (52.90292pt too wide) has occurred while \output is active
\TU/lmr/m/sl/12 II.  SEGUNDO ESCENARIO: TAMAO DE MUESTRA PARA UPM Y HOGARES \T
U/lmr/m/n/12 65
 []

[65]
Overfull \hbox (13.08002pt too wide) in alignment at lines 1294--1298
 [] [] [] [] 
 []


Overfull \hbox (13.08002pt too wide) in alignment at lines 1298--1301
 [] [] [] [] 
 []


Overfull \hbox (13.08002pt too wide) in alignment at lines 1305--1309
 [] [] [] [] 
 []


Overfull \hbox (13.08002pt too wide) in alignment at lines 1309--1321
 [] [] [] [] 
 []

[66]
Overfull \hbox (13.08002pt too wide) in alignment at lines 1330--1334
 [] [] [] [] 
 []


Overfull \hbox (13.08002pt too wide) in alignment at lines 1334--1337
 [] [] [] [] 
 []


Overfull \hbox (13.08002pt too wide) in alignment at lines 1341--1345
 [] [] [] [] 
 []


Overfull \hbox (13.08002pt too wide) in alignment at lines 1345--1356
 [] [] [] [] 
 []


Overfull \hbox (52.90292pt too wide) has occurred while \output is active
\TU/lmr/m/sl/12 II.  SEGUNDO ESCENARIO: TAMAO DE MUESTRA PARA UPM Y HOGARES \T
U/lmr/m/n/12 67
 []

[67] [68]
Overfull \hbox (53.22694pt too wide) has occurred while \output is active
\TU/lmr/m/sl/12 III.  TERCER ESCENARIO: TAMAO DE MUESTRA PARA UPM Y PERSONAS \
TU/lmr/m/n/12 69
 []

[69]
Overfull \hbox (1.10329pt too wide) in paragraph at lines 1413--1414
 []\TU/lmr/m/n/12 DEFF| 
 []


Overfull \hbox (1.10329pt too wide) in paragraph at lines 1448--1449
 []\TU/lmr/m/n/12 DEFF| 
 []

[70]
Overfull \hbox (1.10329pt too wide) in paragraph at lines 1540--1541
 []\TU/lmr/m/n/12 DEFF| 
 []


Overfull \hbox (1.10329pt too wide) in paragraph at lines 1575--1576
 []\TU/lmr/m/n/12 DEFF| 
 []

[71] [72] [73] [74] [75] [76]
Captulo 5.
[77

]
File: EH-CEPAL_files/figure-latex/unnamed-chunk-1-1.pdf Graphic file (type pdf)

<use EH-CEPAL_files/figure-latex/unnamed-chunk-1-1.pdf>
File: EH-CEPAL_files/figure-latex/unnamed-chunk-2-1.pdf Graphic file (type pdf)

<use EH-CEPAL_files/figure-latex/unnamed-chunk-2-1.pdf>

Underfull \vbox (badness 5417) has occurred while \output is active []


Overfull \hbox (65.04417pt too wide) has occurred while \output is active
\TU/lmr/m/n/12 78 \TU/lmr/m/sl/12 CAPTULO 5.  AUSENCIA DE RESPUESTA: IMPUTACI
N Y REPONDERACIN
 []

[78]
File: EH-CEPAL_files/figure-latex/unnamed-chunk-3-1.pdf Graphic file (type pdf)

<use EH-CEPAL_files/figure-latex/unnamed-chunk-3-1.pdf>
[79]
Missing character: There is no  in font rm-lmr12!

Overfull \hbox (65.04417pt too wide) has occurred while \output is active
\TU/lmr/m/n/12 80 \TU/lmr/m/sl/12 CAPTULO 5.  AUSENCIA DE RESPUESTA: IMPUTACI
N Y REPONDERACIN
 []

[80]
File: Pics/j1.png Graphic file (type bmp)
<Pics/j1.png>
[81]
File: Pics/j2.png Graphic file (type bmp)
<Pics/j2.png>

Underfull \vbox (badness 2042) has occurred while \output is active []


Overfull \hbox (65.04417pt too wide) has occurred while \output is active
\TU/lmr/m/n/12 82 \TU/lmr/m/sl/12 CAPTULO 5.  AUSENCIA DE RESPUESTA: IMPUTACI
N Y REPONDERACIN
 []

[82]
File: Pics/j3.png Graphic file (type bmp)
<Pics/j3.png>
[83]
File: Pics/j4.png Graphic file (type bmp)
<Pics/j4.png>

Overfull \hbox (65.04417pt too wide) has occurred while \output is active
\TU/lmr/m/n/12 84 \TU/lmr/m/sl/12 CAPTULO 5.  AUSENCIA DE RESPUESTA: IMPUTACI
N Y REPONDERACIN
 []

[84]
File: Pics/j5.png Graphic file (type bmp)
<Pics/j5.png>
[85]
Underfull \vbox (badness 4752) has occurred while \output is active []


Overfull \hbox (65.04417pt too wide) has occurred while \output is active
\TU/lmr/m/n/12 86 \TU/lmr/m/sl/12 CAPTULO 5.  AUSENCIA DE RESPUESTA: IMPUTACI
N Y REPONDERACIN
 []

[86] [87]
Overfull \hbox (65.04417pt too wide) has occurred while \output is active
\TU/lmr/m/n/12 88 \TU/lmr/m/sl/12 CAPTULO 5.  AUSENCIA DE RESPUESTA: IMPUTACI
N Y REPONDERACIN
 []

[88] [89]
Overfull \hbox (65.04417pt too wide) has occurred while \output is active
\TU/lmr/m/n/12 90 \TU/lmr/m/sl/12 CAPTULO 5.  AUSENCIA DE RESPUESTA: IMPUTACI
N Y REPONDERACIN
 []

[90] [91]
Overfull \hbox (65.04417pt too wide) has occurred while \output is active
\TU/lmr/m/n/12 92 \TU/lmr/m/sl/12 CAPTULO 5.  AUSENCIA DE RESPUESTA: IMPUTACI
N Y REPONDERACIN
 []

[92] [93]
File: Pics/10.png Graphic file (type bmp)
<Pics/10.png>

Overfull \hbox (65.04417pt too wide) has occurred while \output is active
\TU/lmr/m/n/12 94 \TU/lmr/m/sl/12 CAPTULO 5.  AUSENCIA DE RESPUESTA: IMPUTACI
N Y REPONDERACIN
 []

[94] [95]
File: Pics/11.png Graphic file (type bmp)
<Pics/11.png>

Overfull \hbox (65.04417pt too wide) has occurred while \output is active
\TU/lmr/m/n/12 96 \TU/lmr/m/sl/12 CAPTULO 5.  AUSENCIA DE RESPUESTA: IMPUTACI
N Y REPONDERACIN
 []

[96]
File: Pics/12.png Graphic file (type bmp)
<Pics/12.png>
[97]
File: Pics/13.png Graphic file (type bmp)
<Pics/13.png>

Underfull \vbox (badness 10000) has occurred while \output is active []


Overfull \hbox (65.04417pt too wide) has occurred while \output is active
\TU/lmr/m/n/12 98 \TU/lmr/m/sl/12 CAPTULO 5.  AUSENCIA DE RESPUESTA: IMPUTACI
N Y REPONDERACIN
 []

[98] [99]
Overfull \hbox (70.92418pt too wide) has occurred while \output is active
\TU/lmr/m/n/12 100 \TU/lmr/m/sl/12 CAPTULO 5.  AUSENCIA DE RESPUESTA: IMPUTACI
N Y REPONDERACIN
 []

[100] [101]
File: Pics/15.png Graphic file (type bmp)
<Pics/15.png>

Underfull \vbox (badness 8056) has occurred while \output is active []


Overfull \hbox (70.92418pt too wide) has occurred while \output is active
\TU/lmr/m/n/12 102 \TU/lmr/m/sl/12 CAPTULO 5.  AUSENCIA DE RESPUESTA: IMPUTACI
N Y REPONDERACIN
 []

[102]
File: Pics/16.png Graphic file (type bmp)
<Pics/16.png>
[103]
Overfull \hbox (70.92418pt too wide) has occurred while \output is active
\TU/lmr/m/n/12 104 \TU/lmr/m/sl/12 CAPTULO 5.  AUSENCIA DE RESPUESTA: IMPUTACI
N Y REPONDERACIN
 []

[104] [105]
File: Pics/17.png Graphic file (type bmp)
<Pics/17.png>

Overfull \hbox (70.92418pt too wide) has occurred while \output is active
\TU/lmr/m/n/12 106 \TU/lmr/m/sl/12 CAPTULO 5.  AUSENCIA DE RESPUESTA: IMPUTACI
N Y REPONDERACIN
 []

[106] [107]
Overfull \hbox (70.92418pt too wide) has occurred while \output is active
\TU/lmr/m/n/12 108 \TU/lmr/m/sl/12 CAPTULO 5.  AUSENCIA DE RESPUESTA: IMPUTACI
N Y REPONDERACIN
 []

[108] [109]
File: Pics/18.png Graphic file (type bmp)
<Pics/18.png>

Overfull \hbox (70.92418pt too wide) has occurred while \output is active
\TU/lmr/m/n/12 110 \TU/lmr/m/sl/12 CAPTULO 5.  AUSENCIA DE RESPUESTA: IMPUTACI
N Y REPONDERACIN
 []

[110] [111]
Overfull \hbox (70.92418pt too wide) has occurred while \output is active
\TU/lmr/m/n/12 112 \TU/lmr/m/sl/12 CAPTULO 5.  AUSENCIA DE RESPUESTA: IMPUTACI
N Y REPONDERACIN
 []

[112] [113]
Overfull \hbox (70.92418pt too wide) has occurred while \output is active
\TU/lmr/m/n/12 114 \TU/lmr/m/sl/12 CAPTULO 5.  AUSENCIA DE RESPUESTA: IMPUTACI
N Y REPONDERACIN
 []

[114] [115]
Overfull \hbox (70.92418pt too wide) has occurred while \output is active
\TU/lmr/m/n/12 116 \TU/lmr/m/sl/12 CAPTULO 5.  AUSENCIA DE RESPUESTA: IMPUTACI
N Y REPONDERACIN
 []

[116]
Captulo 6.
[117

] [118] [119] [120] [121] [122] [123] [124] [125] [126] [127]
Underfull \vbox (badness 4752) has occurred while \output is active []

[128] [129]
File: Pics/20.png Graphic file (type bmp)
<Pics/20.png>
[130]
File: Pics/21.png Graphic file (type bmp)
<Pics/21.png>
[131]
File: Pics/22.png Graphic file (type bmp)
<Pics/22.png>
[132]
Overfull \hbox (0.11334pt too wide) in paragraph at lines 2790--2791
\TU/lmr/m/n/12 tra solo una escuela, por lo que el mtodo de las rplicas repet
idas balanceadas
 []


Underfull \vbox (badness 10000) has occurred while \output is active []

[133]
Underfull \hbox (badness 2221) in paragraph at lines 2800--2801
[]\TU/lmr/m/n/12 En resumen, para la $\OML/lmm/m/it/12 i$\TU/lmr/m/n/12 -sima 
rplica, se tiene los pesos muestrales
 []

[134]
File: Pics/23.png Graphic file (type bmp)
<Pics/23.png>
[135] [136] [137] [138] [139] [140

]
Captulo 7.
[141]
Overfull \hbox (52.56288pt too wide) has occurred while \output is active
\TU/lmr/m/n/12 142 \TU/lmr/m/sl/12 CAPTULO 7.  AGREGACIN DE ENCUESTAS Y ANLI
SIS LONGITUDINAL
 []

[142]
Overfull \hbox (32.72382pt too wide) in paragraph at lines 2930--2931
\TU/lmr/m/n/12 los analticos se tornan mucho ms complicados. []
 []

[143]
Overfull \hbox (52.56288pt too wide) has occurred while \output is active
\TU/lmr/m/n/12 144 \TU/lmr/m/sl/12 CAPTULO 7.  AGREGACIN DE ENCUESTAS Y ANLI
SIS LONGITUDINAL
 []

[144] [145]
Overfull \hbox (52.56288pt too wide) has occurred while \output is active
\TU/lmr/m/n/12 146 \TU/lmr/m/sl/12 CAPTULO 7.  AGREGACIN DE ENCUESTAS Y ANLI
SIS LONGITUDINAL
 []

[146] [147]
Overfull \hbox (52.56288pt too wide) has occurred while \output is active
\TU/lmr/m/n/12 148 \TU/lmr/m/sl/12 CAPTULO 7.  AGREGACIN DE ENCUESTAS Y ANLI
SIS LONGITUDINAL
 []

[148]
Overfull \hbox (90.08307pt too wide) has occurred while \output is active
\TU/lmr/m/sl/12 III.  EFECTO DEL TIPO DE ENCUESTA EN LA EFICIENCIA DE LOS INDIC
ADORES \TU/lmr/m/n/12 149
 []

[149]
Overfull \hbox (52.56288pt too wide) has occurred while \output is active
\TU/lmr/m/n/12 150 \TU/lmr/m/sl/12 CAPTULO 7.  AGREGACIN DE ENCUESTAS Y ANLI
SIS LONGITUDINAL
 []

[150]
Overfull \hbox (90.08307pt too wide) has occurred while \output is active
\TU/lmr/m/sl/12 III.  EFECTO DEL TIPO DE ENCUESTA EN LA EFICIENCIA DE LOS INDIC
ADORES \TU/lmr/m/n/12 151
 []

[151]
Overfull \hbox (52.56288pt too wide) has occurred while \output is active
\TU/lmr/m/n/12 152 \TU/lmr/m/sl/12 CAPTULO 7.  AGREGACIN DE ENCUESTAS Y ANLI
SIS LONGITUDINAL
 []

[152]
Overfull \hbox (34.08954pt too wide) has occurred while \output is active
\TU/lmr/m/sl/12 IV.  PRUEBAS DE HIPTESIS SOBRE INDICADORES LONGITUDINALES \TU/
lmr/m/n/12 153
 []

[153]
Overfull \hbox (52.56288pt too wide) has occurred while \output is active
\TU/lmr/m/n/12 154 \TU/lmr/m/sl/12 CAPTULO 7.  AGREGACIN DE ENCUESTAS Y ANLI
SIS LONGITUDINAL
 []

[154]
Overfull \hbox (34.08954pt too wide) has occurred while \output is active
\TU/lmr/m/sl/12 IV.  PRUEBAS DE HIPTESIS SOBRE INDICADORES LONGITUDINALES \TU/
lmr/m/n/12 155
 []

[155]
Missing character: There is no  in font lmmi8!

Overfull \hbox (52.56288pt too wide) has occurred while \output is active
\TU/lmr/m/n/12 156 \TU/lmr/m/sl/12 CAPTULO 7.  AGREGACIN DE ENCUESTAS Y ANLI
SIS LONGITUDINAL
 []

[156]
Captulo 8.
[157

] [158]
Missing character: There is no  in font lmmi8!
[159] [160] [161] [162] [163]
File: Pics/14.pdf Graphic file (type pdf)
<use Pics/14.pdf>

Overfull \hbox (139.50021pt too wide) in alignment at lines 3458--3462
 [] [] [] [] [] [] [] [] [] [] [] 
 []


Overfull \hbox (139.50021pt too wide) in alignment at lines 3462--3474
 [] [] [] [] [] [] [] [] [] [] [] 
 []


Overfull \hbox (121.86023pt too wide) in alignment at lines 3478--3482
 [] [] [] [] [] [] [] [] [] [] [] 
 []


Overfull \hbox (121.86023pt too wide) in alignment at lines 3482--3494
 [] [] [] [] [] [] [] [] [] [] [] 
 []

[164]
Overfull \hbox (112.23624pt too wide) in alignment at lines 3498--3502
 [] [] [] [] [] [] [] [] [] [] [] 
 []


Overfull \hbox (112.23624pt too wide) in alignment at lines 3502--3514
 [] [] [] [] [] [] [] [] [] [] [] 
 []


Overfull \hbox (112.23624pt too wide) in alignment at lines 3518--3522
 [] [] [] [] [] [] [] [] [] [] [] 
 []


Overfull \hbox (112.23624pt too wide) in alignment at lines 3522--3534
 [] [] [] [] [] [] [] [] [] [] [] 
 []

[165] [166] [167] [168

]
Captulo 9.
[169] [170] [171] [172] [173

]
Underfull \vbox (badness 10000) has occurred while \output is active []

[174]
Underfull \vbox (badness 10000) has occurred while \output is active []

[175] [176] [177] [178]
Underfull \vbox (badness 10000) has occurred while \output is active []

[179] [180] [181] [182] [183]
Underfull \vbox (badness 10000) has occurred while \output is active []

[184]
Underfull \vbox (badness 1389) has occurred while \output is active []

[185] [186] [187]
Overfull \hbox (20.259pt too wide) in paragraph at lines 3807--3808
[]\TU/lmr/m/n/12 Periodicidad|  
 []


Overfull \hbox (12.96735pt too wide) in paragraph at lines 3809--3810
[]\TU/lmr/m/n/12 Rotacin|  
 []


Overfull \hbox (20.259pt too wide) in paragraph at lines 3823--3824
[]\TU/lmr/m/n/12 Periodicidad|  
 []


Overfull \hbox (12.96735pt too wide) in paragraph at lines 3825--3826
[]\TU/lmr/m/n/12 Rotacin|  
 []


Overfull \hbox (8.96701pt too wide) in paragraph at lines 3838--3839
[]\TU/lmr/m/n/12 Trimestral|  
 []


Overfull \hbox (13.27934pt too wide) in paragraph at lines 3862--3863
[]\TU/lmr/m/n/12 Repetida|  
 []


Overfull \hbox (13.27934pt too wide) in paragraph at lines 3888--3889
[]\TU/lmr/m/n/12 Repetida|  
 []


Overfull \hbox (13.27934pt too wide) in paragraph at lines 3901--3902
[]\TU/lmr/m/n/12 Repetida|  
 []


Overfull \hbox (13.27934pt too wide) in paragraph at lines 3914--3915
[]\TU/lmr/m/n/12 Repetida|  
 []


Overfull \hbox (8.96701pt too wide) in paragraph at lines 3942--3943
[]\TU/lmr/m/n/12 Trimestral|  
 []


Overfull \hbox (13.27934pt too wide) in paragraph at lines 3953--3954
[]\TU/lmr/m/n/12 Repetida|  
 []


Overfull \hbox (13.27934pt too wide) in paragraph at lines 3966--3967
[]\TU/lmr/m/n/12 Repetida|  
 []


Overfull \hbox (5.79901pt too wide) in paragraph at lines 3968--3969
[]\TU/lmr/m/n/12 Semestral|  
 []


Overfull \hbox (13.27934pt too wide) in paragraph at lines 3979--3980
[]\TU/lmr/m/n/12 Repetida|  
 []


Overfull \hbox (5.79901pt too wide) in paragraph at lines 3981--3982
[]\TU/lmr/m/n/12 Semestral|  
 []


Overfull \hbox (13.27934pt too wide) in paragraph at lines 3992--3993
[]\TU/lmr/m/n/12 Repetida|  
 []


Overfull \hbox (8.96701pt too wide) in paragraph at lines 4007--4008
[]\TU/lmr/m/n/12 Trimestral|  
 []


Overfull \hbox (13.27934pt too wide) in paragraph at lines 4018--4019
[]\TU/lmr/m/n/12 Repetida|  
 []


Overfull \hbox (13.27934pt too wide) in paragraph at lines 4031--4032
[]\TU/lmr/m/n/12 Repetida|  
 []


Overfull \hbox (13.27934pt too wide) in paragraph at lines 4057--4058
[]\TU/lmr/m/n/12 Repetida|  
 []


Overfull \hbox (5.79901pt too wide) in paragraph at lines 4072--4073
[]\TU/lmr/m/n/12 Semestral|  
 []


Overfull \hbox (13.27934pt too wide) in paragraph at lines 4083--4084
[]\TU/lmr/m/n/12 Repetida|  
 []


Overfull \hbox (13.27934pt too wide) in paragraph at lines 4096--4097
[]\TU/lmr/m/n/12 Repetida|  
 []


Overfull \hbox (5.79901pt too wide) in paragraph at lines 4098--4099
[]\TU/lmr/m/n/12 Semestral|  
 []

[188

] [189] [190] [191] [192

] [193] [194] [195] [196] [197] [198] [199]
Underfull \hbox (badness 2393) in paragraph at lines 4750--4754
[]\TU/lmr/m/n/12 Presentacin del mtodo escogido para calibrar (postestra-
 []


Underfull \hbox (badness 1953) in paragraph at lines 4750--4754
\TU/lmr/m/n/12 tificacin, raking, calibracin mixta) + Descripcin de las
 []

[200] [201] [202] [203

]
Underfull \hbox (badness 1997) in paragraph at lines 4868--4868
\TU/lmr/m/n/12 flows in labour force participation. En: \TU/lmr/m/it/12 Survey
 Methodology \TU/lmr/m/n/12 9.1,
 []

[204] [205] [206] [207]
Underfull \hbox (badness 2512) in paragraph at lines 4868--4868
[][]\TU/lmr/m/n/12 OIT (1982). \TU/lmr/m/it/12 Resolucin sobre estadsticas de
 la poblacin econmi-
 []


Underfull \hbox (badness 1389) in paragraph at lines 4868--4868
\TU/lmr/m/it/12 camente activa, del empleo, del desempleo y del subempleo\TU/lm
r/m/n/12 . \TU/lmr/m/sc/12 url\TU/lmr/m/n/12 :
 []

[208]
Underfull \hbox (badness 1383) in paragraph at lines 4868--4868
[][][]\TU/lmr/m/n/12 (2016). \TU/lmr/m/it/12 Global Sustainable Development Rep
ort 2016\TU/lmr/m/n/12 . \TU/lmr/m/sc/12 url\TU/lmr/m/n/12 : [][]$[][][][][] []

 []

[209] [210]
Package atveryend Info: Empty hook `BeforeClearDocument' on input line 4870.
[211]
Package atveryend Info: Empty hook `AfterLastShipout' on input line 4870.
(./EH-CEPAL.aux)
Package atveryend Info: Empty hook `AtVeryEndDocument' on input line 4870.
Package atveryend Info: Executing hook `AtEndAfterFileList' on input line 4870.

Package rerunfilecheck Info: File `EH-CEPAL.out' has not changed.
(rerunfilecheck)             Checksum: E4AEA6393218C25B3B3844ECE8F0B9B4.
Package logreq Info: Writing requests to 'EH-CEPAL.run.xml'.
\openout1 = `EH-CEPAL.run.xml'.

 ) 
Here is how much of TeX's memory you used:
 29342 strings out of 492970
 557467 string characters out of 6133938
 1063702 words of memory out of 5000000
 32998 multiletter control sequences out of 15000+600000
 582736 words of font info for 96 fonts, out of 8000000 for 9000
 1348 hyphenation exceptions out of 8191
 45i,19n,59p,10449b,6676s stack positions out of 5000i,500n,10000p,200000b,80000s

Output written on EH-CEPAL.pdf (211 pages).
